#
# There is insufficient memory for the Java Runtime Environment to continue.
# Native memory allocation (mmap) failed to map 334495744 bytes for Failed to commit area from 0x0000000094f00000 to 0x00000000a8e00000 of length 334495744.
# Possible reasons:
#   The system is out of physical RAM or swap space
#   The process is running with CompressedOops enabled, and the Java Heap may be blocking the growth of the native heap
# Possible solutions:
#   Reduce memory load on the system
#   Increase physical memory or swap space
#   Check if swap backing store is full
#   Decrease Java heap size (-Xmx/-Xms)
#   Decrease number of Java threads
#   Decrease Java thread stack sizes (-Xss)
#   Set larger code cache with -XX:ReservedCodeCacheSize=
#   JVM is running with Unscaled Compressed Oops mode in which the Java heap is
#     placed in the first 4GB address space. The Java Heap base address is the
#     maximum limit for the native heap growth. Please use -XX:HeapBaseMinAddress
#     to set the Java Heap base and to place the Java Heap above 4GB virtual address.
# This output file may be truncated or incomplete.
#
#  Out of Memory Error (./src/hotspot/os/windows/os_windows.cpp:3301), pid=7968, tid=10636
#
# JRE version: OpenJDK Runtime Environment (11.0.11+9) (build 11.0.11+9-b60-7590822)
# Java VM: OpenJDK 64-Bit Server VM (11.0.11+9-b60-7590822, mixed mode, tiered, compressed oops, g1 gc, windows-amd64)
# No core dump will be written. Minidumps are not enabled by default on client versions of Windows
#

---------------  S U M M A R Y ------------

Command Line: --add-opens=java.base/java.util=ALL-UNNAMED --add-opens=java.base/java.lang=ALL-UNNAMED --add-opens=java.base/java.lang.invoke=ALL-UNNAMED --add-opens=java.base/java.util=ALL-UNNAMED --add-opens=java.prefs/java.util.prefs=ALL-UNNAMED --add-opens=java.prefs/java.util.prefs=ALL-UNNAMED --add-opens=java.base/java.nio.charset=ALL-UNNAMED --add-opens=java.base/java.net=ALL-UNNAMED --add-opens=java.base/java.util.concurrent.atomic=ALL-UNNAMED -Xmx2048m -Dfile.encoding=UTF-8 -Duser.country=ID -Duser.language=en -Duser.variant org.gradle.launcher.daemon.bootstrap.GradleDaemon 7.2

Host: AMD Ryzen 3 3200G with Radeon Vega Graphics    , 4 cores, 6G,  Windows 10 , 64 bit Build 19041 (10.0.19041.1566)
Time: Mon Mar 21 13:32:50 2022 SE Asia Standard Time elapsed time: 4374.217484 seconds (0d 1h 12m 54s)

---------------  T H R E A D  ---------------

Current thread (0x000001e93f2c9800):  VMThread "VM Thread" [stack: 0x000000c857d00000,0x000000c857e00000] [id=10636]

Stack: [0x000000c857d00000,0x000000c857e00000]
[error occurred during error reporting (printing stack bounds), id 0xc0000005, EXCEPTION_ACCESS_VIOLATION (0xc0000005) at pc=0x000001e928a60f2d]

Native frames: (J=compiled Java code, j=interpreted, Vv=VM code, C=native code)
V  [jvm.dll+0x5f214a]
V  [jvm.dll+0x726fb5]
V  [jvm.dll+0x7285cd]
V  [jvm.dll+0x728be5]
V  [jvm.dll+0x728b9b]
V  [jvm.dll+0x5f14e8]
V  [jvm.dll+0x5f1c78]
C  [ntdll.dll+0xa20cf]
C  [ntdll.dll+0x51454]
C  [ntdll.dll+0xa0bfe]
C  0x000001e928a60f2d

VM_Operation (0x000000c85d2fc070): G1CollectForAllocation, mode: safepoint, requested by thread 0x000001e942918800


---------------  P R O C E S S  ---------------

Threads class SMR info:
_java_thread_list=0x000001e949dc1430, length=94, elements={
0x000001e924f59800, 0x000001e93f2cd000, 0x000001e93f2ce800, 0x000001e93f2e7000,
0x000001e93f2e8000, 0x000001e93f2ea000, 0x000001e93f2ed000, 0x000001e93fca4000,
0x000001e93fca7000, 0x000001e93fdbc000, 0x000001e941de0800, 0x000001e941f75800,
0x000001e940b8a800, 0x000001e941f5d800, 0x000001e941f5e800, 0x000001e941f59800,
0x000001e941f60000, 0x000001e941f5b000, 0x000001e94290b800, 0x000001e94290d000,
0x000001e94290f800, 0x000001e942911000, 0x000001e94290c800, 0x000001e941ed7000,
0x000001e941ed5800, 0x000001e9474f3000, 0x000001e9474f3800, 0x000001e9491ba000,
0x000001e941f5a000, 0x000001e941f5f000, 0x000001e9474f5800, 0x000001e9474f7000,
0x000001e9474f8000, 0x000001e946572000, 0x000001e946573000, 0x000001e94656f000,
0x000001e946575800, 0x000001e946574800, 0x000001e94656f800, 0x000001e946571800,
0x000001e946570800, 0x000001e946576800, 0x000001e946577000, 0x000001e946579800,
0x000001e946578800, 0x000001e946574000, 0x000001e946578000, 0x000001e94657a800,
0x000001e94657b000, 0x000001e94657d000, 0x000001e94657c000, 0x000001e94657d800,
0x000001e949207800, 0x000001e949206000, 0x000001e94920c800, 0x000001e94920b800,
0x000001e949207000, 0x000001e949209000, 0x000001e94920b000, 0x000001e94920d800,
0x000001e949208800, 0x000001e94920f000, 0x000001e94920f800, 0x000001e94920a000,
0x000001e949214000, 0x000001e949210800, 0x000001e949214800, 0x000001e949213000,
0x000001e941ec8800, 0x000001e941ecf000, 0x000001e941ece000, 0x000001e941ec9000,
0x000001e941eca800, 0x000001e941ecc800, 0x000001e941ecf800, 0x000001e941ecd000,
0x000001e941eca000, 0x000001e941ed0800, 0x000001e941ecb800, 0x000001e941ed3800,
0x000001e941ed4800, 0x000001e941ed1800, 0x000001e941ed6000, 0x000001e941ed2000,
0x000001e942913000, 0x000001e942914800, 0x000001e94290f000, 0x000001e942916000,
0x000001e942917000, 0x000001e942913800, 0x000001e942915800, 0x000001e942918000,
0x000001e942912000, 0x000001e942918800
}

Java Threads: ( => current thread )
  0x000001e924f59800 JavaThread "main" [_thread_blocked, id=3320, stack(0x000000c857700000,0x000000c857800000)]
  0x000001e93f2cd000 JavaThread "Reference Handler" daemon [_thread_blocked, id=11036, stack(0x000000c857e00000,0x000000c857f00000)]
  0x000001e93f2ce800 JavaThread "Finalizer" daemon [_thread_blocked, id=10828, stack(0x000000c857f00000,0x000000c858000000)]
  0x000001e93f2e7000 JavaThread "Signal Dispatcher" daemon [_thread_blocked, id=10952, stack(0x000000c858000000,0x000000c858100000)]
  0x000001e93f2e8000 JavaThread "Attach Listener" daemon [_thread_blocked, id=1528, stack(0x000000c858100000,0x000000c858200000)]
  0x000001e93f2ea000 JavaThread "Service Thread" daemon [_thread_blocked, id=2176, stack(0x000000c858200000,0x000000c858300000)]
  0x000001e93f2ed000 JavaThread "C2 CompilerThread0" daemon [_thread_blocked, id=9420, stack(0x000000c858300000,0x000000c858400000)]
  0x000001e93fca4000 JavaThread "C1 CompilerThread0" daemon [_thread_blocked, id=9388, stack(0x000000c858400000,0x000000c858500000)]
  0x000001e93fca7000 JavaThread "Sweeper thread" daemon [_thread_blocked, id=6408, stack(0x000000c858500000,0x000000c858600000)]
  0x000001e93fdbc000 JavaThread "Common-Cleaner" daemon [_thread_blocked, id=9640, stack(0x000000c858600000,0x000000c858700000)]
  0x000001e941de0800 JavaThread "Daemon health stats" [_thread_blocked, id=10220, stack(0x000000c858800000,0x000000c858900000)]
  0x000001e941f75800 JavaThread "Incoming local TCP Connector on port 55180" [_thread_in_native, id=9208, stack(0x000000c858a00000,0x000000c858b00000)]
  0x000001e940b8a800 JavaThread "Daemon periodic checks" [_thread_blocked, id=2412, stack(0x000000c858c00000,0x000000c858d00000)]
  0x000001e941f5d800 JavaThread "Cache worker for journal cache (C:\Users\User\.gradle\caches\journal-1)" [_thread_blocked, id=1908, stack(0x000000c859500000,0x000000c859600000)]
  0x000001e941f5e800 JavaThread "File lock request listener" [_thread_in_native, id=4180, stack(0x000000c859600000,0x000000c859700000)]
  0x000001e941f59800 JavaThread "Cache worker for file hash cache (C:\Users\User\.gradle\caches\7.2\fileHashes)" [_thread_blocked, id=10004, stack(0x000000c859700000,0x000000c859800000)]
  0x000001e941f60000 JavaThread "File watcher server" daemon [_thread_blocked, id=8020, stack(0x000000c859800000,0x000000c859900000)]
  0x000001e941f5b000 JavaThread "File watcher consumer" daemon [_thread_blocked, id=11020, stack(0x000000c859a00000,0x000000c859b00000)]
  0x000001e94290b800 JavaThread "Cache worker for execution history cache (C:\Users\User\.gradle\caches\7.2\executionHistory)" [_thread_blocked, id=10172, stack(0x000000c859e00000,0x000000c859f00000)]
  0x000001e94290d000 JavaThread "jar transforms" [_thread_blocked, id=10376, stack(0x000000c85a000000,0x000000c85a100000)]
  0x000001e94290f800 JavaThread "Cache worker for file content cache (C:\Users\User\.gradle\caches\7.2\fileContent)" [_thread_blocked, id=8504, stack(0x000000c85a100000,0x000000c85a200000)]
  0x000001e942911000 JavaThread "jar transforms Thread 2" [_thread_blocked, id=8616, stack(0x000000c85a200000,0x000000c85a300000)]
  0x000001e94290c800 JavaThread "jar transforms Thread 3" [_thread_blocked, id=9472, stack(0x000000c859f00000,0x000000c85a000000)]
  0x000001e941ed7000 JavaThread "jar transforms Thread 4" [_thread_blocked, id=5284, stack(0x000000c85cd00000,0x000000c85ce00000)]
  0x000001e941ed5800 JavaThread "Memory manager" [_thread_blocked, id=4132, stack(0x000000c85cf00000,0x000000c85d000000)]
  0x000001e9474f3000 JavaThread "RMI Scheduler(0)" daemon [_thread_blocked, id=3668, stack(0x000000c85d500000,0x000000c85d600000)]
  0x000001e9474f3800 JavaThread "RMI TCP Accept-0" daemon [_thread_in_native, id=1668, stack(0x000000c85d800000,0x000000c85d900000)]
  0x000001e9491ba000 JavaThread "ForkJoinPool.commonPool-worker-7" daemon [_thread_blocked, id=6828, stack(0x000000c85e400000,0x000000c85e500000)]
  0x000001e941f5a000 JavaThread "Daemon Thread 6" [_thread_blocked, id=5508, stack(0x000000c857400000,0x000000c857500000)]
  0x000001e941f5f000 JavaThread "Daemon worker Thread 6" [_thread_blocked, id=11720, stack(0x000000c858b00000,0x000000c858c00000)]
  0x000001e9474f5800 JavaThread "RMI GC Daemon" daemon [_thread_blocked, id=1644, stack(0x000000c85d300000,0x000000c85d400000)]
  0x000001e9474f7000 JavaThread "RMI Reaper" [_thread_blocked, id=1476, stack(0x000000c85d400000,0x000000c85d500000)]
  0x000001e9474f8000 JavaThread "RMI TCP Connection(idle)" daemon [_thread_blocked, id=7468, stack(0x000000c85d600000,0x000000c85d700000)]
  0x000001e946572000 JavaThread "RMI TCP Connection(20)-127.0.0.1" daemon [_thread_in_native, id=1800, stack(0x000000c85da00000,0x000000c85db00000)]
  0x000001e946573000 JavaThread "ForkJoinPool.commonPool-worker-5" daemon [_thread_blocked, id=8732, stack(0x000000c85d900000,0x000000c85da00000)]
  0x000001e94656f000 JavaThread "ForkJoinPool.commonPool-worker-1" daemon [_thread_blocked, id=11376, stack(0x000000c85de00000,0x000000c85df00000)]
  0x000001e946575800 JavaThread "Handler for socket connection from /127.0.0.1:55180 to /127.0.0.1:57427" [_thread_in_native, id=1868, stack(0x000000c857500000,0x000000c857600000)]
  0x000001e946574800 JavaThread "Cancel handler" [_thread_blocked, id=4080, stack(0x000000c857600000,0x000000c857700000)]
  0x000001e94656f800 JavaThread "Asynchronous log dispatcher for DefaultDaemonConnection: socket connection from /127.0.0.1:55180 to /127.0.0.1:57427" [_thread_blocked, id=6752, stack(0x000000c858d00000,0x000000c858e00000)]
  0x000001e946571800 JavaThread "Stdin handler" [_thread_blocked, id=11384, stack(0x000000c858e00000,0x000000c858f00000)]
  0x000001e946570800 JavaThread "Daemon client event forwarder" [_thread_blocked, id=1632, stack(0x000000c858f00000,0x000000c859000000)]
  0x000001e946576800 JavaThread "Cache worker for file hash cache (D:\Udemy\Modern Food Recipes App - Android Development with Kotlin\Foody\.gradle\7.2\fileHashes)" [_thread_blocked, id=8272, stack(0x000000c859000000,0x000000c859100000)]
  0x000001e946577000 JavaThread "Cache worker for checksums cache (D:\Udemy\Modern Food Recipes App - Android Development with Kotlin\Foody\.gradle\checksums)" [_thread_blocked, id=600, stack(0x000000c859100000,0x000000c859200000)]
  0x000001e946579800 JavaThread "Cache worker for cache directory md-supplier (C:\Users\User\.gradle\caches\7.2\md-supplier)" [_thread_blocked, id=2664, stack(0x000000c859200000,0x000000c859300000)]
  0x000001e946578800 JavaThread "Cache worker for cache directory md-rule (C:\Users\User\.gradle\caches\7.2\md-rule)" [_thread_blocked, id=744, stack(0x000000c859900000,0x000000c859a00000)]
  0x000001e946574000 JavaThread "Cache worker for dependencies-accessors (D:\Udemy\Modern Food Recipes App - Android Development with Kotlin\Foody\.gradle\7.2\dependencies-accessors)" [_thread_blocked, id=11532, stack(0x000000c859b00000,0x000000c859c00000)]
  0x000001e946578000 JavaThread "Cache worker for Build Output Cleanup Cache (D:\Udemy\Modern Food Recipes App - Android Development with Kotlin\Foody\.gradle\buildOutputCleanup)" [_thread_blocked, id=3188, stack(0x000000c859c00000,0x000000c859d00000)]
  0x000001e94657a800 JavaThread "Unconstrained build operations" [_thread_blocked, id=8704, stack(0x000000c859d00000,0x000000c859e00000)]
  0x000001e94657b000 JavaThread "Unconstrained build operations Thread 2" [_thread_blocked, id=7560, stack(0x000000c85a300000,0x000000c85a400000)]
  0x000001e94657d000 JavaThread "Unconstrained build operations Thread 3" [_thread_blocked, id=3324, stack(0x000000c85a400000,0x000000c85a500000)]
  0x000001e94657c000 JavaThread "Unconstrained build operations Thread 4" [_thread_blocked, id=10744, stack(0x000000c85a500000,0x000000c85a600000)]
  0x000001e94657d800 JavaThread "Unconstrained build operations Thread 5" [_thread_blocked, id=7016, stack(0x000000c85a600000,0x000000c85a700000)]
  0x000001e949207800 JavaThread "Unconstrained build operations Thread 6" [_thread_blocked, id=11348, stack(0x000000c85a700000,0x000000c85a800000)]
  0x000001e949206000 JavaThread "Unconstrained build operations Thread 7" [_thread_blocked, id=2500, stack(0x000000c85a800000,0x000000c85a900000)]
  0x000001e94920c800 JavaThread "Unconstrained build operations Thread 8" [_thread_blocked, id=10244, stack(0x000000c85a900000,0x000000c85aa00000)]
  0x000001e94920b800 JavaThread "Unconstrained build operations Thread 9" [_thread_blocked, id=8420, stack(0x000000c85aa00000,0x000000c85ab00000)]
  0x000001e949207000 JavaThread "Unconstrained build operations Thread 10" [_thread_blocked, id=1960, stack(0x000000c85ab00000,0x000000c85ac00000)]
  0x000001e949209000 JavaThread "Unconstrained build operations Thread 11" [_thread_blocked, id=9360, stack(0x000000c85ac00000,0x000000c85ad00000)]
  0x000001e94920b000 JavaThread "Unconstrained build operations Thread 12" [_thread_blocked, id=9560, stack(0x000000c85ad00000,0x000000c85ae00000)]
  0x000001e94920d800 JavaThread "Unconstrained build operations Thread 13" [_thread_blocked, id=8068, stack(0x000000c85ae00000,0x000000c85af00000)]
  0x000001e949208800 JavaThread "Unconstrained build operations Thread 14" [_thread_blocked, id=2180, stack(0x000000c85af00000,0x000000c85b000000)]
  0x000001e94920f000 JavaThread "Unconstrained build operations Thread 15" [_thread_blocked, id=12220, stack(0x000000c85b000000,0x000000c85b100000)]
  0x000001e94920f800 JavaThread "Unconstrained build operations Thread 16" [_thread_blocked, id=9008, stack(0x000000c85b100000,0x000000c85b200000)]
  0x000001e94920a000 JavaThread "Unconstrained build operations Thread 17" [_thread_blocked, id=11152, stack(0x000000c85b200000,0x000000c85b300000)]
  0x000001e949214000 JavaThread "Unconstrained build operations Thread 18" [_thread_blocked, id=5104, stack(0x000000c85b300000,0x000000c85b400000)]
  0x000001e949210800 JavaThread "Unconstrained build operations Thread 19" [_thread_blocked, id=3716, stack(0x000000c85b400000,0x000000c85b500000)]
  0x000001e949214800 JavaThread "Unconstrained build operations Thread 20" [_thread_blocked, id=8524, stack(0x000000c85b500000,0x000000c85b600000)]
  0x000001e949213000 JavaThread "Unconstrained build operations Thread 21" [_thread_blocked, id=8780, stack(0x000000c85b600000,0x000000c85b700000)]
  0x000001e941ec8800 JavaThread "Unconstrained build operations Thread 22" [_thread_blocked, id=4196, stack(0x000000c85b700000,0x000000c85b800000)]
  0x000001e941ecf000 JavaThread "Unconstrained build operations Thread 23" [_thread_blocked, id=11856, stack(0x000000c85b800000,0x000000c85b900000)]
  0x000001e941ece000 JavaThread "Unconstrained build operations Thread 24" [_thread_blocked, id=11552, stack(0x000000c85b900000,0x000000c85ba00000)]
  0x000001e941ec9000 JavaThread "Unconstrained build operations Thread 25" [_thread_blocked, id=8236, stack(0x000000c85ba00000,0x000000c85bb00000)]
  0x000001e941eca800 JavaThread "Unconstrained build operations Thread 26" [_thread_blocked, id=1696, stack(0x000000c85bb00000,0x000000c85bc00000)]
  0x000001e941ecc800 JavaThread "Unconstrained build operations Thread 27" [_thread_blocked, id=8044, stack(0x000000c85bc00000,0x000000c85bd00000)]
  0x000001e941ecf800 JavaThread "Unconstrained build operations Thread 28" [_thread_blocked, id=2888, stack(0x000000c85bd00000,0x000000c85be00000)]
  0x000001e941ecd000 JavaThread "Unconstrained build operations Thread 29" [_thread_blocked, id=8248, stack(0x000000c85be00000,0x000000c85bf00000)]
  0x000001e941eca000 JavaThread "Unconstrained build operations Thread 30" [_thread_blocked, id=4888, stack(0x000000c85bf00000,0x000000c85c000000)]
  0x000001e941ed0800 JavaThread "Unconstrained build operations Thread 31" [_thread_blocked, id=2840, stack(0x000000c85c000000,0x000000c85c100000)]
  0x000001e941ecb800 JavaThread "Unconstrained build operations Thread 32" [_thread_blocked, id=12008, stack(0x000000c85c100000,0x000000c85c200000)]
  0x000001e941ed3800 JavaThread "Unconstrained build operations Thread 33" [_thread_blocked, id=5076, stack(0x000000c85c200000,0x000000c85c300000)]
  0x000001e941ed4800 JavaThread "Unconstrained build operations Thread 34" [_thread_blocked, id=3536, stack(0x000000c85c300000,0x000000c85c400000)]
  0x000001e941ed1800 JavaThread "Unconstrained build operations Thread 35" [_thread_blocked, id=11396, stack(0x000000c85c400000,0x000000c85c500000)]
  0x000001e941ed6000 JavaThread "Unconstrained build operations Thread 36" [_thread_blocked, id=8812, stack(0x000000c85c500000,0x000000c85c600000)]
  0x000001e941ed2000 JavaThread "Unconstrained build operations Thread 37" [_thread_blocked, id=4628, stack(0x000000c85c600000,0x000000c85c700000)]
  0x000001e942913000 JavaThread "Unconstrained build operations Thread 38" [_thread_blocked, id=7908, stack(0x000000c85c700000,0x000000c85c800000)]
  0x000001e942914800 JavaThread "Unconstrained build operations Thread 39" [_thread_blocked, id=5020, stack(0x000000c85c800000,0x000000c85c900000)]
  0x000001e94290f000 JavaThread "Unconstrained build operations Thread 40" [_thread_blocked, id=2516, stack(0x000000c85c900000,0x000000c85ca00000)]
  0x000001e942916000 JavaThread "build event listener" [_thread_blocked, id=11300, stack(0x000000c85ca00000,0x000000c85cb00000)]
  0x000001e942917000 JavaThread "build event listener" [_thread_blocked, id=368, stack(0x000000c85cb00000,0x000000c85cc00000)]
  0x000001e942913800 JavaThread "Execution worker for ':'" [_thread_blocked, id=1832, stack(0x000000c85cc00000,0x000000c85cd00000)]
  0x000001e942915800 JavaThread "Execution worker for ':' Thread 2" [_thread_blocked, id=3836, stack(0x000000c85ce00000,0x000000c85cf00000)]
  0x000001e942918000 JavaThread "Execution worker for ':' Thread 3" [_thread_blocked, id=972, stack(0x000000c85d000000,0x000000c85d100000)]
  0x000001e942912000 JavaThread "Cache worker for execution history cache (D:\Udemy\Modern Food Recipes App - Android Development with Kotlin\Foody\.gradle\7.2\executionHistory)" [_thread_blocked, id=10360, stack(0x000000c85d100000,0x000000c85d200000)]
  0x000001e942918800 JavaThread "WorkerExecutor Queue" [_thread_blocked, id=4352, stack(0x000000c85d200000,0x000000c85d300000)]

Other Threads:
=>0x000001e93f2c9800 VMThread "VM Thread" [stack: 0x000000c857d00000,0x000000c857e00000] [id=10636]
  0x000001e93fde9800 WatcherThread [stack: 0x000000c858700000,0x000000c858800000] [id=10196]
  0x000001e924f73000 GCTaskThread "GC Thread#0" [stack: 0x000000c857800000,0x000000c857900000] [id=5540]
  0x000001e9405e7800 GCTaskThread "GC Thread#1" [stack: 0x000000c858900000,0x000000c858a00000] [id=8364]
  0x000001e93feab800 GCTaskThread "GC Thread#2" [stack: 0x000000c859300000,0x000000c859400000] [id=9096]
  0x000001e942471800 GCTaskThread "GC Thread#3" [stack: 0x000000c859400000,0x000000c859500000] [id=10328]
  0x000001e924fa5800 ConcurrentGCThread "G1 Main Marker" [stack: 0x000000c857900000,0x000000c857a00000] [id=6676]
  0x000001e924fa6800 ConcurrentGCThread "G1 Conc#0" [stack: 0x000000c857a00000,0x000000c857b00000] [id=2152]
  0x000001e925021800 ConcurrentGCThread "G1 Refine#0" [stack: 0x000000c857b00000,0x000000c857c00000] [id=10660]
  0x000001e925022800 ConcurrentGCThread "G1 Young RemSet Sampling" [stack: 0x000000c857c00000,0x000000c857d00000] [id=1876]

Threads with active compile tasks:
C2 CompilerThread04374244 23177       4       java.util.regex.Pattern::split (290 bytes)

VM state:at safepoint (normal execution)

VM Mutex/Monitor currently owned by a thread:  ([mutex/lock_event])
[0x000001e924f56f10] Threads_lock - owner thread: 0x000001e93f2c9800
[0x000001e924f57930] Heap_lock - owner thread: 0x000001e942918800

Heap address: 0x0000000080000000, size: 2048 MB, Compressed Oops mode: 32-bit
Narrow klass base: 0x0000000000000000, Narrow klass shift: 3
Compressed class space size: 1073741824 Address: 0x0000000100000000

Heap:
 garbage-first heap   total 669696K, used 274432K [0x0000000080000000, 0x0000000100000000)
  region size 1024K, 4 young (4096K), 4 survivors (4096K)
 Metaspace       used 140320K, capacity 144035K, committed 144112K, reserved 1175552K
  class space    used 17677K, capacity 19121K, committed 19148K, reserved 1048576K
Heap Regions: E=young(eden), S=young(survivor), O=old, HS=humongous(starts), HC=humongous(continues), CS=collection set, F=free, A=archive, TAMS=top-at-mark-start (previous, next)
|   0|0x0000000080000000, 0x0000000080100000, 0x0000000080100000|100%| O|  |TAMS 0x0000000080100000, 0x0000000080100000| Untracked 
|   1|0x0000000080100000, 0x0000000080200000, 0x0000000080200000|100%| O|  |TAMS 0x0000000080200000, 0x0000000080200000| Untracked 
|   2|0x0000000080200000, 0x0000000080300000, 0x0000000080300000|100%| O|  |TAMS 0x0000000080300000, 0x0000000080300000| Untracked 
|   3|0x0000000080300000, 0x0000000080400000, 0x0000000080400000|100%|HS|  |TAMS 0x0000000080400000, 0x0000000080400000| Complete 
|   4|0x0000000080400000, 0x0000000080500000, 0x0000000080500000|100%|HC|  |TAMS 0x0000000080500000, 0x0000000080500000| Complete 
|   5|0x0000000080500000, 0x0000000080600000, 0x0000000080600000|100%|HC|  |TAMS 0x0000000080600000, 0x0000000080600000| Complete 
|   6|0x0000000080600000, 0x0000000080700000, 0x0000000080700000|100%| O|  |TAMS 0x0000000080700000, 0x0000000080700000| Untracked 
|   7|0x0000000080700000, 0x0000000080800000, 0x0000000080800000|100%| O|  |TAMS 0x0000000080800000, 0x0000000080800000| Untracked 
|   8|0x0000000080800000, 0x0000000080900000, 0x0000000080900000|100%| O|  |TAMS 0x0000000080900000, 0x0000000080900000| Untracked 
|   9|0x0000000080900000, 0x0000000080a00000, 0x0000000080a00000|100%| O|  |TAMS 0x0000000080a00000, 0x0000000080a00000| Untracked 
|  10|0x0000000080a00000, 0x0000000080b00000, 0x0000000080b00000|100%| O|  |TAMS 0x0000000080b00000, 0x0000000080b00000| Untracked 
|  11|0x0000000080b00000, 0x0000000080c00000, 0x0000000080c00000|100%| O|  |TAMS 0x0000000080c00000, 0x0000000080c00000| Untracked 
|  12|0x0000000080c00000, 0x0000000080d00000, 0x0000000080d00000|100%| O|  |TAMS 0x0000000080d00000, 0x0000000080d00000| Untracked 
|  13|0x0000000080d00000, 0x0000000080e00000, 0x0000000080e00000|100%| O|  |TAMS 0x0000000080e00000, 0x0000000080e00000| Untracked 
|  14|0x0000000080e00000, 0x0000000080f00000, 0x0000000080f00000|100%| O|  |TAMS 0x0000000080f00000, 0x0000000080f00000| Untracked 
|  15|0x0000000080f00000, 0x0000000081000000, 0x0000000081000000|100%| O|  |TAMS 0x0000000081000000, 0x0000000081000000| Untracked 
|  16|0x0000000081000000, 0x0000000081100000, 0x0000000081100000|100%| O|  |TAMS 0x0000000081100000, 0x0000000081100000| Untracked 
|  17|0x0000000081100000, 0x0000000081200000, 0x0000000081200000|100%| O|  |TAMS 0x0000000081200000, 0x0000000081200000| Untracked 
|  18|0x0000000081200000, 0x0000000081300000, 0x0000000081300000|100%| O|  |TAMS 0x0000000081300000, 0x0000000081300000| Untracked 
|  19|0x0000000081300000, 0x0000000081400000, 0x0000000081400000|100%| O|  |TAMS 0x0000000081400000, 0x0000000081400000| Untracked 
|  20|0x0000000081400000, 0x0000000081500000, 0x0000000081500000|100%| O|  |TAMS 0x0000000081500000, 0x0000000081500000| Untracked 
|  21|0x0000000081500000, 0x0000000081600000, 0x0000000081600000|100%| O|  |TAMS 0x0000000081600000, 0x0000000081600000| Untracked 
|  22|0x0000000081600000, 0x0000000081700000, 0x0000000081700000|100%| O|  |TAMS 0x0000000081700000, 0x0000000081700000| Untracked 
|  23|0x0000000081700000, 0x0000000081800000, 0x0000000081800000|100%| O|  |TAMS 0x0000000081800000, 0x0000000081800000| Untracked 
|  24|0x0000000081800000, 0x0000000081900000, 0x0000000081900000|100%| O|  |TAMS 0x0000000081900000, 0x0000000081900000| Untracked 
|  25|0x0000000081900000, 0x0000000081a00000, 0x0000000081a00000|100%| O|  |TAMS 0x0000000081a00000, 0x0000000081a00000| Untracked 
|  26|0x0000000081a00000, 0x0000000081b00000, 0x0000000081b00000|100%|HS|  |TAMS 0x0000000081b00000, 0x0000000081b00000| Complete 
|  27|0x0000000081b00000, 0x0000000081c00000, 0x0000000081c00000|100%|HS|  |TAMS 0x0000000081c00000, 0x0000000081c00000| Complete 
|  28|0x0000000081c00000, 0x0000000081d00000, 0x0000000081d00000|100%|HS|  |TAMS 0x0000000081d00000, 0x0000000081d00000| Complete 
|  29|0x0000000081d00000, 0x0000000081e00000, 0x0000000081e00000|100%|HS|  |TAMS 0x0000000081e00000, 0x0000000081e00000| Complete 
|  30|0x0000000081e00000, 0x0000000081f00000, 0x0000000081f00000|100%| O|  |TAMS 0x0000000081f00000, 0x0000000081f00000| Untracked 
|  31|0x0000000081f00000, 0x0000000082000000, 0x0000000082000000|100%| O|  |TAMS 0x0000000082000000, 0x0000000082000000| Untracked 
|  32|0x0000000082000000, 0x0000000082100000, 0x0000000082100000|100%| O|  |TAMS 0x0000000082100000, 0x0000000082100000| Untracked 
|  33|0x0000000082100000, 0x0000000082200000, 0x0000000082200000|100%| O|  |TAMS 0x0000000082200000, 0x0000000082200000| Untracked 
|  34|0x0000000082200000, 0x0000000082300000, 0x0000000082300000|100%|HS|  |TAMS 0x0000000082300000, 0x0000000082300000| Complete 
|  35|0x0000000082300000, 0x0000000082400000, 0x0000000082400000|100%|HC|  |TAMS 0x0000000082400000, 0x0000000082400000| Complete 
|  36|0x0000000082400000, 0x0000000082500000, 0x0000000082500000|100%|HC|  |TAMS 0x0000000082500000, 0x0000000082500000| Complete 
|  37|0x0000000082500000, 0x0000000082600000, 0x0000000082600000|100%|HS|  |TAMS 0x0000000082600000, 0x0000000082600000| Complete 
|  38|0x0000000082600000, 0x0000000082700000, 0x0000000082700000|100%|HC|  |TAMS 0x0000000082700000, 0x0000000082700000| Complete 
|  39|0x0000000082700000, 0x0000000082800000, 0x0000000082800000|100%| O|  |TAMS 0x0000000082800000, 0x0000000082800000| Untracked 
|  40|0x0000000082800000, 0x0000000082900000, 0x0000000082900000|100%| O|  |TAMS 0x0000000082900000, 0x0000000082900000| Untracked 
|  41|0x0000000082900000, 0x0000000082a00000, 0x0000000082a00000|100%| O|  |TAMS 0x0000000082a00000, 0x0000000082a00000| Untracked 
|  42|0x0000000082a00000, 0x0000000082b00000, 0x0000000082b00000|100%| O|  |TAMS 0x0000000082b00000, 0x0000000082b00000| Untracked 
|  43|0x0000000082b00000, 0x0000000082c00000, 0x0000000082c00000|100%| O|  |TAMS 0x0000000082c00000, 0x0000000082c00000| Untracked 
|  44|0x0000000082c00000, 0x0000000082d00000, 0x0000000082d00000|100%| O|  |TAMS 0x0000000082d00000, 0x0000000082d00000| Untracked 
|  45|0x0000000082d00000, 0x0000000082e00000, 0x0000000082e00000|100%| O|  |TAMS 0x0000000082e00000, 0x0000000082e00000| Untracked 
|  46|0x0000000082e00000, 0x0000000082f00000, 0x0000000082f00000|100%| O|  |TAMS 0x0000000082f00000, 0x0000000082f00000| Untracked 
|  47|0x0000000082f00000, 0x0000000083000000, 0x0000000083000000|100%| O|  |TAMS 0x0000000083000000, 0x0000000083000000| Untracked 
|  48|0x0000000083000000, 0x0000000083100000, 0x0000000083100000|100%| O|  |TAMS 0x0000000083100000, 0x0000000083100000| Untracked 
|  49|0x0000000083100000, 0x0000000083200000, 0x0000000083200000|100%| O|  |TAMS 0x0000000083200000, 0x0000000083200000| Untracked 
|  50|0x0000000083200000, 0x0000000083300000, 0x0000000083300000|100%| O|  |TAMS 0x0000000083300000, 0x0000000083300000| Untracked 
|  51|0x0000000083300000, 0x0000000083400000, 0x0000000083400000|100%| O|  |TAMS 0x0000000083400000, 0x0000000083400000| Untracked 
|  52|0x0000000083400000, 0x0000000083500000, 0x0000000083500000|100%| O|  |TAMS 0x0000000083500000, 0x0000000083500000| Untracked 
|  53|0x0000000083500000, 0x0000000083600000, 0x0000000083600000|100%| O|  |TAMS 0x0000000083600000, 0x0000000083600000| Untracked 
|  54|0x0000000083600000, 0x0000000083700000, 0x0000000083700000|100%| O|  |TAMS 0x0000000083700000, 0x0000000083700000| Untracked 
|  55|0x0000000083700000, 0x0000000083800000, 0x0000000083800000|100%| O|  |TAMS 0x0000000083800000, 0x0000000083800000| Untracked 
|  56|0x0000000083800000, 0x0000000083900000, 0x0000000083900000|100%| O|  |TAMS 0x0000000083900000, 0x0000000083900000| Untracked 
|  57|0x0000000083900000, 0x0000000083a00000, 0x0000000083a00000|100%| O|  |TAMS 0x0000000083a00000, 0x0000000083a00000| Untracked 
|  58|0x0000000083a00000, 0x0000000083b00000, 0x0000000083b00000|100%| O|  |TAMS 0x0000000083b00000, 0x0000000083b00000| Untracked 
|  59|0x0000000083b00000, 0x0000000083c00000, 0x0000000083c00000|100%| O|  |TAMS 0x0000000083c00000, 0x0000000083c00000| Untracked 
|  60|0x0000000083c00000, 0x0000000083d00000, 0x0000000083d00000|100%| O|  |TAMS 0x0000000083d00000, 0x0000000083d00000| Untracked 
|  61|0x0000000083d00000, 0x0000000083e00000, 0x0000000083e00000|100%| O|  |TAMS 0x0000000083e00000, 0x0000000083e00000| Untracked 
|  62|0x0000000083e00000, 0x0000000083f00000, 0x0000000083f00000|100%| O|  |TAMS 0x0000000083f00000, 0x0000000083f00000| Untracked 
|  63|0x0000000083f00000, 0x0000000084000000, 0x0000000084000000|100%| O|  |TAMS 0x0000000084000000, 0x0000000084000000| Untracked 
|  64|0x0000000084000000, 0x0000000084100000, 0x0000000084100000|100%| O|  |TAMS 0x0000000084100000, 0x0000000084100000| Untracked 
|  65|0x0000000084100000, 0x0000000084200000, 0x0000000084200000|100%|HS|  |TAMS 0x0000000084200000, 0x0000000084200000| Complete 
|  66|0x0000000084200000, 0x0000000084300000, 0x0000000084300000|100%|HC|  |TAMS 0x0000000084300000, 0x0000000084300000| Complete 
|  67|0x0000000084300000, 0x0000000084400000, 0x0000000084400000|100%| O|  |TAMS 0x0000000084400000, 0x0000000084400000| Untracked 
|  68|0x0000000084400000, 0x0000000084500000, 0x0000000084500000|100%| O|  |TAMS 0x0000000084500000, 0x0000000084500000| Untracked 
|  69|0x0000000084500000, 0x0000000084600000, 0x0000000084600000|100%| O|  |TAMS 0x0000000084600000, 0x0000000084600000| Untracked 
|  70|0x0000000084600000, 0x0000000084700000, 0x0000000084700000|100%| O|  |TAMS 0x0000000084700000, 0x0000000084700000| Untracked 
|  71|0x0000000084700000, 0x0000000084800000, 0x0000000084800000|100%| O|  |TAMS 0x0000000084800000, 0x0000000084800000| Untracked 
|  72|0x0000000084800000, 0x0000000084900000, 0x0000000084900000|100%| O|  |TAMS 0x0000000084900000, 0x0000000084900000| Untracked 
|  73|0x0000000084900000, 0x0000000084a00000, 0x0000000084a00000|100%| O|  |TAMS 0x0000000084a00000, 0x0000000084a00000| Untracked 
|  74|0x0000000084a00000, 0x0000000084b00000, 0x0000000084b00000|100%| O|  |TAMS 0x0000000084b00000, 0x0000000084b00000| Untracked 
|  75|0x0000000084b00000, 0x0000000084c00000, 0x0000000084c00000|100%| O|  |TAMS 0x0000000084c00000, 0x0000000084c00000| Untracked 
|  76|0x0000000084c00000, 0x0000000084d00000, 0x0000000084d00000|100%| O|  |TAMS 0x0000000084d00000, 0x0000000084d00000| Untracked 
|  77|0x0000000084d00000, 0x0000000084e00000, 0x0000000084e00000|100%| O|  |TAMS 0x0000000084e00000, 0x0000000084e00000| Untracked 
|  78|0x0000000084e00000, 0x0000000084f00000, 0x0000000084f00000|100%| O|  |TAMS 0x0000000084f00000, 0x0000000084f00000| Untracked 
|  79|0x0000000084f00000, 0x0000000085000000, 0x0000000085000000|100%| O|  |TAMS 0x0000000085000000, 0x0000000085000000| Untracked 
|  80|0x0000000085000000, 0x0000000085100000, 0x0000000085100000|100%| O|  |TAMS 0x0000000085100000, 0x0000000085100000| Untracked 
|  81|0x0000000085100000, 0x0000000085200000, 0x0000000085200000|100%| O|  |TAMS 0x0000000085200000, 0x0000000085200000| Untracked 
|  82|0x0000000085200000, 0x0000000085300000, 0x0000000085300000|100%| O|  |TAMS 0x0000000085300000, 0x0000000085300000| Untracked 
|  83|0x0000000085300000, 0x0000000085400000, 0x0000000085400000|100%| O|  |TAMS 0x0000000085400000, 0x0000000085400000| Untracked 
|  84|0x0000000085400000, 0x0000000085500000, 0x0000000085500000|100%| O|  |TAMS 0x0000000085500000, 0x0000000085500000| Untracked 
|  85|0x0000000085500000, 0x0000000085600000, 0x0000000085600000|100%| O|  |TAMS 0x0000000085600000, 0x0000000085600000| Untracked 
|  86|0x0000000085600000, 0x0000000085700000, 0x0000000085700000|100%| O|  |TAMS 0x0000000085700000, 0x0000000085700000| Untracked 
|  87|0x0000000085700000, 0x0000000085800000, 0x0000000085800000|100%| O|  |TAMS 0x0000000085800000, 0x0000000085800000| Untracked 
|  88|0x0000000085800000, 0x0000000085900000, 0x0000000085900000|100%| O|  |TAMS 0x0000000085900000, 0x0000000085900000| Untracked 
|  89|0x0000000085900000, 0x0000000085a00000, 0x0000000085a00000|100%| O|  |TAMS 0x0000000085a00000, 0x0000000085a00000| Untracked 
|  90|0x0000000085a00000, 0x0000000085b00000, 0x0000000085b00000|100%| O|  |TAMS 0x0000000085b00000, 0x0000000085b00000| Untracked 
|  91|0x0000000085b00000, 0x0000000085c00000, 0x0000000085c00000|100%| O|  |TAMS 0x0000000085c00000, 0x0000000085c00000| Untracked 
|  92|0x0000000085c00000, 0x0000000085d00000, 0x0000000085d00000|100%| O|  |TAMS 0x0000000085d00000, 0x0000000085d00000| Untracked 
|  93|0x0000000085d00000, 0x0000000085e00000, 0x0000000085e00000|100%| O|  |TAMS 0x0000000085e00000, 0x0000000085e00000| Untracked 
|  94|0x0000000085e00000, 0x0000000085f00000, 0x0000000085f00000|100%| O|  |TAMS 0x0000000085f00000, 0x0000000085f00000| Untracked 
|  95|0x0000000085f00000, 0x0000000086000000, 0x0000000086000000|100%| O|  |TAMS 0x0000000086000000, 0x0000000086000000| Untracked 
|  96|0x0000000086000000, 0x0000000086100000, 0x0000000086100000|100%| O|  |TAMS 0x0000000086100000, 0x0000000086100000| Untracked 
|  97|0x0000000086100000, 0x0000000086200000, 0x0000000086200000|100%| O|  |TAMS 0x0000000086200000, 0x0000000086200000| Untracked 
|  98|0x0000000086200000, 0x0000000086300000, 0x0000000086300000|100%| O|  |TAMS 0x0000000086300000, 0x0000000086300000| Untracked 
|  99|0x0000000086300000, 0x0000000086400000, 0x0000000086400000|100%| O|  |TAMS 0x0000000086400000, 0x0000000086400000| Untracked 
| 100|0x0000000086400000, 0x0000000086500000, 0x0000000086500000|100%| O|  |TAMS 0x0000000086500000, 0x0000000086500000| Untracked 
| 101|0x0000000086500000, 0x0000000086600000, 0x0000000086600000|100%| O|  |TAMS 0x0000000086600000, 0x0000000086600000| Untracked 
| 102|0x0000000086600000, 0x0000000086700000, 0x0000000086700000|100%| O|  |TAMS 0x0000000086700000, 0x0000000086700000| Untracked 
| 103|0x0000000086700000, 0x0000000086800000, 0x0000000086800000|100%| O|  |TAMS 0x0000000086800000, 0x0000000086800000| Untracked 
| 104|0x0000000086800000, 0x0000000086900000, 0x0000000086900000|100%| O|  |TAMS 0x0000000086900000, 0x0000000086900000| Untracked 
| 105|0x0000000086900000, 0x0000000086a00000, 0x0000000086a00000|100%| O|  |TAMS 0x0000000086a00000, 0x0000000086a00000| Untracked 
| 106|0x0000000086a00000, 0x0000000086b00000, 0x0000000086b00000|100%| O|  |TAMS 0x0000000086b00000, 0x0000000086b00000| Untracked 
| 107|0x0000000086b00000, 0x0000000086c00000, 0x0000000086c00000|100%| O|  |TAMS 0x0000000086c00000, 0x0000000086c00000| Untracked 
| 108|0x0000000086c00000, 0x0000000086d00000, 0x0000000086d00000|100%| O|  |TAMS 0x0000000086d00000, 0x0000000086d00000| Untracked 
| 109|0x0000000086d00000, 0x0000000086e00000, 0x0000000086e00000|100%| O|  |TAMS 0x0000000086e00000, 0x0000000086e00000| Untracked 
| 110|0x0000000086e00000, 0x0000000086f00000, 0x0000000086f00000|100%| O|  |TAMS 0x0000000086f00000, 0x0000000086f00000| Untracked 
| 111|0x0000000086f00000, 0x0000000087000000, 0x0000000087000000|100%| O|  |TAMS 0x0000000087000000, 0x0000000087000000| Untracked 
| 112|0x0000000087000000, 0x0000000087100000, 0x0000000087100000|100%|HS|  |TAMS 0x0000000087100000, 0x0000000087100000| Complete 
| 113|0x0000000087100000, 0x0000000087200000, 0x0000000087200000|100%|HC|  |TAMS 0x0000000087200000, 0x0000000087200000| Complete 
| 114|0x0000000087200000, 0x0000000087300000, 0x0000000087300000|100%|HC|  |TAMS 0x0000000087300000, 0x0000000087300000| Complete 
| 115|0x0000000087300000, 0x0000000087400000, 0x0000000087400000|100%| O|  |TAMS 0x0000000087400000, 0x0000000087400000| Untracked 
| 116|0x0000000087400000, 0x0000000087500000, 0x0000000087500000|100%| O|  |TAMS 0x0000000087500000, 0x0000000087500000| Untracked 
| 117|0x0000000087500000, 0x0000000087600000, 0x0000000087600000|100%| O|  |TAMS 0x0000000087600000, 0x0000000087600000| Untracked 
| 118|0x0000000087600000, 0x0000000087700000, 0x0000000087700000|100%| O|  |TAMS 0x0000000087700000, 0x0000000087700000| Untracked 
| 119|0x0000000087700000, 0x0000000087800000, 0x0000000087800000|100%| O|  |TAMS 0x0000000087800000, 0x0000000087800000| Untracked 
| 120|0x0000000087800000, 0x0000000087900000, 0x0000000087900000|100%| O|  |TAMS 0x0000000087900000, 0x0000000087900000| Untracked 
| 121|0x0000000087900000, 0x0000000087a00000, 0x0000000087a00000|100%| O|  |TAMS 0x0000000087a00000, 0x0000000087a00000| Untracked 
| 122|0x0000000087a00000, 0x0000000087b00000, 0x0000000087b00000|100%| O|  |TAMS 0x0000000087b00000, 0x0000000087b00000| Untracked 
| 123|0x0000000087b00000, 0x0000000087c00000, 0x0000000087c00000|100%| O|  |TAMS 0x0000000087c00000, 0x0000000087c00000| Untracked 
| 124|0x0000000087c00000, 0x0000000087d00000, 0x0000000087d00000|100%| O|  |TAMS 0x0000000087d00000, 0x0000000087d00000| Untracked 
| 125|0x0000000087d00000, 0x0000000087e00000, 0x0000000087e00000|100%| O|  |TAMS 0x0000000087e00000, 0x0000000087e00000| Untracked 
| 126|0x0000000087e00000, 0x0000000087f00000, 0x0000000087f00000|100%| O|  |TAMS 0x0000000087f00000, 0x0000000087f00000| Untracked 
| 127|0x0000000087f00000, 0x0000000088000000, 0x0000000088000000|100%| O|  |TAMS 0x0000000088000000, 0x0000000088000000| Untracked 
| 128|0x0000000088000000, 0x0000000088100000, 0x0000000088100000|100%| O|  |TAMS 0x0000000088100000, 0x0000000088100000| Untracked 
| 129|0x0000000088100000, 0x0000000088200000, 0x0000000088200000|100%| O|  |TAMS 0x0000000088200000, 0x0000000088200000| Untracked 
| 130|0x0000000088200000, 0x0000000088300000, 0x0000000088300000|100%| O|  |TAMS 0x0000000088300000, 0x0000000088300000| Untracked 
| 131|0x0000000088300000, 0x0000000088400000, 0x0000000088400000|100%| O|  |TAMS 0x0000000088400000, 0x0000000088400000| Untracked 
| 132|0x0000000088400000, 0x0000000088500000, 0x0000000088500000|100%| O|  |TAMS 0x0000000088500000, 0x0000000088500000| Untracked 
| 133|0x0000000088500000, 0x0000000088600000, 0x0000000088600000|100%| O|  |TAMS 0x0000000088600000, 0x0000000088600000| Untracked 
| 134|0x0000000088600000, 0x0000000088700000, 0x0000000088700000|100%| O|  |TAMS 0x0000000088700000, 0x0000000088700000| Untracked 
| 135|0x0000000088700000, 0x0000000088800000, 0x0000000088800000|100%| O|  |TAMS 0x0000000088800000, 0x0000000088800000| Untracked 
| 136|0x0000000088800000, 0x0000000088900000, 0x0000000088900000|100%| O|  |TAMS 0x0000000088900000, 0x0000000088900000| Untracked 
| 137|0x0000000088900000, 0x0000000088a00000, 0x0000000088a00000|100%| O|  |TAMS 0x0000000088a00000, 0x0000000088a00000| Untracked 
| 138|0x0000000088a00000, 0x0000000088b00000, 0x0000000088b00000|100%| O|  |TAMS 0x0000000088b00000, 0x0000000088b00000| Untracked 
| 139|0x0000000088b00000, 0x0000000088c00000, 0x0000000088c00000|100%| O|  |TAMS 0x0000000088c00000, 0x0000000088c00000| Untracked 
| 140|0x0000000088c00000, 0x0000000088d00000, 0x0000000088d00000|100%| O|  |TAMS 0x0000000088d00000, 0x0000000088d00000| Untracked 
| 141|0x0000000088d00000, 0x0000000088e00000, 0x0000000088e00000|100%| O|  |TAMS 0x0000000088e00000, 0x0000000088e00000| Untracked 
| 142|0x0000000088e00000, 0x0000000088f00000, 0x0000000088f00000|100%| O|  |TAMS 0x0000000088f00000, 0x0000000088f00000| Untracked 
| 143|0x0000000088f00000, 0x0000000089000000, 0x0000000089000000|100%| O|  |TAMS 0x0000000089000000, 0x0000000089000000| Untracked 
| 144|0x0000000089000000, 0x0000000089100000, 0x0000000089100000|100%| O|  |TAMS 0x0000000089100000, 0x0000000089100000| Untracked 
| 145|0x0000000089100000, 0x0000000089200000, 0x0000000089200000|100%| O|  |TAMS 0x0000000089200000, 0x0000000089200000| Untracked 
| 146|0x0000000089200000, 0x0000000089300000, 0x0000000089300000|100%| O|  |TAMS 0x0000000089300000, 0x0000000089300000| Untracked 
| 147|0x0000000089300000, 0x0000000089400000, 0x0000000089400000|100%| O|  |TAMS 0x0000000089400000, 0x0000000089400000| Untracked 
| 148|0x0000000089400000, 0x0000000089500000, 0x0000000089500000|100%| O|  |TAMS 0x0000000089500000, 0x0000000089500000| Untracked 
| 149|0x0000000089500000, 0x0000000089600000, 0x0000000089600000|100%| O|  |TAMS 0x0000000089600000, 0x0000000089600000| Untracked 
| 150|0x0000000089600000, 0x0000000089700000, 0x0000000089700000|100%| O|  |TAMS 0x0000000089700000, 0x0000000089700000| Untracked 
| 151|0x0000000089700000, 0x0000000089800000, 0x0000000089800000|100%| O|  |TAMS 0x0000000089800000, 0x0000000089800000| Untracked 
| 152|0x0000000089800000, 0x0000000089900000, 0x0000000089900000|100%| O|  |TAMS 0x0000000089900000, 0x0000000089900000| Untracked 
| 153|0x0000000089900000, 0x0000000089a00000, 0x0000000089a00000|100%| O|  |TAMS 0x0000000089a00000, 0x0000000089a00000| Untracked 
| 154|0x0000000089a00000, 0x0000000089b00000, 0x0000000089b00000|100%| O|  |TAMS 0x0000000089b00000, 0x0000000089b00000| Untracked 
| 155|0x0000000089b00000, 0x0000000089c00000, 0x0000000089c00000|100%| O|  |TAMS 0x0000000089c00000, 0x0000000089c00000| Untracked 
| 156|0x0000000089c00000, 0x0000000089d00000, 0x0000000089d00000|100%| O|  |TAMS 0x0000000089d00000, 0x0000000089d00000| Untracked 
| 157|0x0000000089d00000, 0x0000000089e00000, 0x0000000089e00000|100%| O|  |TAMS 0x0000000089e00000, 0x0000000089e00000| Untracked 
| 158|0x0000000089e00000, 0x0000000089f00000, 0x0000000089f00000|100%| O|  |TAMS 0x0000000089f00000, 0x0000000089f00000| Untracked 
| 159|0x0000000089f00000, 0x000000008a000000, 0x000000008a000000|100%| O|  |TAMS 0x000000008a000000, 0x000000008a000000| Untracked 
| 160|0x000000008a000000, 0x000000008a100000, 0x000000008a100000|100%| O|  |TAMS 0x000000008a100000, 0x000000008a100000| Untracked 
| 161|0x000000008a100000, 0x000000008a200000, 0x000000008a200000|100%| O|  |TAMS 0x000000008a200000, 0x000000008a200000| Untracked 
| 162|0x000000008a200000, 0x000000008a300000, 0x000000008a300000|100%| O|  |TAMS 0x000000008a300000, 0x000000008a300000| Untracked 
| 163|0x000000008a300000, 0x000000008a400000, 0x000000008a400000|100%| O|  |TAMS 0x000000008a400000, 0x000000008a400000| Untracked 
| 164|0x000000008a400000, 0x000000008a500000, 0x000000008a500000|100%| O|  |TAMS 0x000000008a500000, 0x000000008a500000| Untracked 
| 165|0x000000008a500000, 0x000000008a600000, 0x000000008a600000|100%| O|  |TAMS 0x000000008a600000, 0x000000008a600000| Untracked 
| 166|0x000000008a600000, 0x000000008a700000, 0x000000008a700000|100%| O|  |TAMS 0x000000008a700000, 0x000000008a700000| Untracked 
| 167|0x000000008a700000, 0x000000008a800000, 0x000000008a800000|100%| O|  |TAMS 0x000000008a800000, 0x000000008a800000| Untracked 
| 168|0x000000008a800000, 0x000000008a900000, 0x000000008a900000|100%| O|  |TAMS 0x000000008a900000, 0x000000008a900000| Untracked 
| 169|0x000000008a900000, 0x000000008aa00000, 0x000000008aa00000|100%| O|  |TAMS 0x000000008aa00000, 0x000000008aa00000| Untracked 
| 170|0x000000008aa00000, 0x000000008ab00000, 0x000000008ab00000|100%| O|  |TAMS 0x000000008ab00000, 0x000000008ab00000| Untracked 
| 171|0x000000008ab00000, 0x000000008ac00000, 0x000000008ac00000|100%| O|  |TAMS 0x000000008ac00000, 0x000000008ac00000| Untracked 
| 172|0x000000008ac00000, 0x000000008ad00000, 0x000000008ad00000|100%| O|  |TAMS 0x000000008ad00000, 0x000000008ad00000| Untracked 
| 173|0x000000008ad00000, 0x000000008ae00000, 0x000000008ae00000|100%| O|  |TAMS 0x000000008ae00000, 0x000000008ae00000| Untracked 
| 174|0x000000008ae00000, 0x000000008af00000, 0x000000008af00000|100%| O|  |TAMS 0x000000008af00000, 0x000000008af00000| Untracked 
| 175|0x000000008af00000, 0x000000008b000000, 0x000000008b000000|100%| O|  |TAMS 0x000000008b000000, 0x000000008b000000| Untracked 
| 176|0x000000008b000000, 0x000000008b100000, 0x000000008b100000|100%| O|  |TAMS 0x000000008b100000, 0x000000008b100000| Untracked 
| 177|0x000000008b100000, 0x000000008b200000, 0x000000008b200000|100%|HS|  |TAMS 0x000000008b200000, 0x000000008b200000| Complete 
| 178|0x000000008b200000, 0x000000008b300000, 0x000000008b300000|100%|HC|  |TAMS 0x000000008b300000, 0x000000008b300000| Complete 
| 179|0x000000008b300000, 0x000000008b400000, 0x000000008b400000|100%| O|  |TAMS 0x000000008b400000, 0x000000008b400000| Untracked 
| 180|0x000000008b400000, 0x000000008b500000, 0x000000008b500000|100%|HS|  |TAMS 0x000000008b500000, 0x000000008b500000| Complete 
| 181|0x000000008b500000, 0x000000008b600000, 0x000000008b600000|100%| O|  |TAMS 0x000000008b600000, 0x000000008b600000| Untracked 
| 182|0x000000008b600000, 0x000000008b700000, 0x000000008b700000|100%| O|  |TAMS 0x000000008b700000, 0x000000008b700000| Untracked 
| 183|0x000000008b700000, 0x000000008b800000, 0x000000008b800000|100%| O|  |TAMS 0x000000008b800000, 0x000000008b800000| Untracked 
| 184|0x000000008b800000, 0x000000008b900000, 0x000000008b900000|100%| O|  |TAMS 0x000000008b900000, 0x000000008b900000| Untracked 
| 185|0x000000008b900000, 0x000000008ba00000, 0x000000008ba00000|100%| O|  |TAMS 0x000000008ba00000, 0x000000008ba00000| Untracked 
| 186|0x000000008ba00000, 0x000000008bb00000, 0x000000008bb00000|100%| O|  |TAMS 0x000000008bb00000, 0x000000008bb00000| Untracked 
| 187|0x000000008bb00000, 0x000000008bc00000, 0x000000008bc00000|100%| O|  |TAMS 0x000000008bc00000, 0x000000008bc00000| Untracked 
| 188|0x000000008bc00000, 0x000000008bd00000, 0x000000008bd00000|100%| O|  |TAMS 0x000000008bd00000, 0x000000008bd00000| Untracked 
| 189|0x000000008bd00000, 0x000000008be00000, 0x000000008be00000|100%| O|  |TAMS 0x000000008be00000, 0x000000008be00000| Untracked 
| 190|0x000000008be00000, 0x000000008bf00000, 0x000000008bf00000|100%| O|  |TAMS 0x000000008bf00000, 0x000000008bf00000| Untracked 
| 191|0x000000008bf00000, 0x000000008c000000, 0x000000008c000000|100%| O|  |TAMS 0x000000008c000000, 0x000000008c000000| Untracked 
| 192|0x000000008c000000, 0x000000008c100000, 0x000000008c100000|100%| O|  |TAMS 0x000000008c100000, 0x000000008c100000| Untracked 
| 193|0x000000008c100000, 0x000000008c200000, 0x000000008c200000|100%| O|  |TAMS 0x000000008c200000, 0x000000008c200000| Untracked 
| 194|0x000000008c200000, 0x000000008c300000, 0x000000008c300000|100%| O|  |TAMS 0x000000008c300000, 0x000000008c300000| Untracked 
| 195|0x000000008c300000, 0x000000008c400000, 0x000000008c400000|100%| O|  |TAMS 0x000000008c400000, 0x000000008c400000| Untracked 
| 196|0x000000008c400000, 0x000000008c500000, 0x000000008c500000|100%| O|  |TAMS 0x000000008c500000, 0x000000008c500000| Untracked 
| 197|0x000000008c500000, 0x000000008c600000, 0x000000008c600000|100%| O|  |TAMS 0x000000008c600000, 0x000000008c600000| Untracked 
| 198|0x000000008c600000, 0x000000008c700000, 0x000000008c700000|100%| O|  |TAMS 0x000000008c700000, 0x000000008c700000| Untracked 
| 199|0x000000008c700000, 0x000000008c800000, 0x000000008c800000|100%| O|  |TAMS 0x000000008c800000, 0x000000008c800000| Untracked 
| 200|0x000000008c800000, 0x000000008c900000, 0x000000008c900000|100%| O|  |TAMS 0x000000008c900000, 0x000000008c900000| Untracked 
| 201|0x000000008c900000, 0x000000008ca00000, 0x000000008ca00000|100%| O|  |TAMS 0x000000008ca00000, 0x000000008ca00000| Untracked 
| 202|0x000000008ca00000, 0x000000008cb00000, 0x000000008cb00000|100%| O|  |TAMS 0x000000008cb00000, 0x000000008cb00000| Untracked 
| 203|0x000000008cb00000, 0x000000008cc00000, 0x000000008cc00000|100%| O|  |TAMS 0x000000008cc00000, 0x000000008cc00000| Untracked 
| 204|0x000000008cc00000, 0x000000008cd00000, 0x000000008cd00000|100%| O|  |TAMS 0x000000008cd00000, 0x000000008cd00000| Untracked 
| 205|0x000000008cd00000, 0x000000008ce00000, 0x000000008ce00000|100%| O|  |TAMS 0x000000008ce00000, 0x000000008ce00000| Untracked 
| 206|0x000000008ce00000, 0x000000008cf00000, 0x000000008cf00000|100%| O|  |TAMS 0x000000008cf00000, 0x000000008cf00000| Untracked 
| 207|0x000000008cf00000, 0x000000008d000000, 0x000000008d000000|100%| O|  |TAMS 0x000000008d000000, 0x000000008d000000| Untracked 
| 208|0x000000008d000000, 0x000000008d100000, 0x000000008d100000|100%| O|  |TAMS 0x000000008d100000, 0x000000008d100000| Untracked 
| 209|0x000000008d100000, 0x000000008d200000, 0x000000008d200000|100%| O|  |TAMS 0x000000008d200000, 0x000000008d200000| Untracked 
| 210|0x000000008d200000, 0x000000008d300000, 0x000000008d300000|100%| O|  |TAMS 0x000000008d300000, 0x000000008d300000| Untracked 
| 211|0x000000008d300000, 0x000000008d400000, 0x000000008d400000|100%| O|  |TAMS 0x000000008d400000, 0x000000008d400000| Untracked 
| 212|0x000000008d400000, 0x000000008d500000, 0x000000008d500000|100%| O|  |TAMS 0x000000008d500000, 0x000000008d500000| Untracked 
| 213|0x000000008d500000, 0x000000008d600000, 0x000000008d600000|100%| O|  |TAMS 0x000000008d600000, 0x000000008d600000| Untracked 
| 214|0x000000008d600000, 0x000000008d700000, 0x000000008d700000|100%| O|  |TAMS 0x000000008d700000, 0x000000008d700000| Untracked 
| 215|0x000000008d700000, 0x000000008d800000, 0x000000008d800000|100%| O|  |TAMS 0x000000008d800000, 0x000000008d800000| Untracked 
| 216|0x000000008d800000, 0x000000008d900000, 0x000000008d900000|100%| O|  |TAMS 0x000000008d900000, 0x000000008d900000| Untracked 
| 217|0x000000008d900000, 0x000000008da00000, 0x000000008da00000|100%| O|  |TAMS 0x000000008da00000, 0x000000008da00000| Untracked 
| 218|0x000000008da00000, 0x000000008db00000, 0x000000008db00000|100%| O|  |TAMS 0x000000008db00000, 0x000000008db00000| Untracked 
| 219|0x000000008db00000, 0x000000008dc00000, 0x000000008dc00000|100%| O|  |TAMS 0x000000008dc00000, 0x000000008dc00000| Untracked 
| 220|0x000000008dc00000, 0x000000008dd00000, 0x000000008dd00000|100%| O|  |TAMS 0x000000008dc00000, 0x000000008dd00000| Untracked 
| 221|0x000000008dd00000, 0x000000008de00000, 0x000000008de00000|100%| O|  |TAMS 0x000000008dd7b800, 0x000000008de00000| Untracked 
| 222|0x000000008de00000, 0x000000008df00000, 0x000000008df00000|100%| O|  |TAMS 0x000000008de00000, 0x000000008df00000| Untracked 
| 223|0x000000008df00000, 0x000000008e000000, 0x000000008e000000|100%| O|  |TAMS 0x000000008df00000, 0x000000008e000000| Untracked 
| 224|0x000000008e000000, 0x000000008e100000, 0x000000008e100000|100%| O|  |TAMS 0x000000008e000000, 0x000000008e100000| Untracked 
| 225|0x000000008e100000, 0x000000008e200000, 0x000000008e200000|100%| O|  |TAMS 0x000000008e100000, 0x000000008e200000| Untracked 
| 226|0x000000008e200000, 0x000000008e300000, 0x000000008e300000|100%| O|  |TAMS 0x000000008e200000, 0x000000008e300000| Untracked 
| 227|0x000000008e300000, 0x000000008e400000, 0x000000008e400000|100%| O|  |TAMS 0x000000008e300000, 0x000000008e400000| Untracked 
| 228|0x000000008e400000, 0x000000008e500000, 0x000000008e500000|100%| O|  |TAMS 0x000000008e400000, 0x000000008e500000| Untracked 
| 229|0x000000008e500000, 0x000000008e600000, 0x000000008e600000|100%| O|  |TAMS 0x000000008e500000, 0x000000008e600000| Untracked 
| 230|0x000000008e600000, 0x000000008e700000, 0x000000008e700000|100%| O|  |TAMS 0x000000008e600000, 0x000000008e700000| Untracked 
| 231|0x000000008e700000, 0x000000008e800000, 0x000000008e800000|100%| O|  |TAMS 0x000000008e700000, 0x000000008e800000| Untracked 
| 232|0x000000008e800000, 0x000000008e900000, 0x000000008e900000|100%| O|  |TAMS 0x000000008e800000, 0x000000008e900000| Untracked 
| 233|0x000000008e900000, 0x000000008ea00000, 0x000000008ea00000|100%| O|  |TAMS 0x000000008e900000, 0x000000008ea00000| Untracked 
| 234|0x000000008ea00000, 0x000000008eb00000, 0x000000008eb00000|100%| O|  |TAMS 0x000000008ea00000, 0x000000008eb00000| Untracked 
| 235|0x000000008eb00000, 0x000000008ec00000, 0x000000008ec00000|100%| O|  |TAMS 0x000000008eb00000, 0x000000008ec00000| Untracked 
| 236|0x000000008ec00000, 0x000000008ed00000, 0x000000008ed00000|100%| O|  |TAMS 0x000000008ec00000, 0x000000008ed00000| Untracked 
| 237|0x000000008ed00000, 0x000000008ee00000, 0x000000008ee00000|100%| O|  |TAMS 0x000000008ed00000, 0x000000008ee00000| Untracked 
| 238|0x000000008ee00000, 0x000000008ef00000, 0x000000008ef00000|100%| O|  |TAMS 0x000000008ee00000, 0x000000008ef00000| Untracked 
| 239|0x000000008ef00000, 0x000000008f000000, 0x000000008f000000|100%| O|  |TAMS 0x000000008ef00000, 0x000000008f000000| Untracked 
| 240|0x000000008f000000, 0x000000008f100000, 0x000000008f100000|100%| O|  |TAMS 0x000000008f000000, 0x000000008f100000| Untracked 
| 241|0x000000008f100000, 0x000000008f200000, 0x000000008f200000|100%| O|  |TAMS 0x000000008f100000, 0x000000008f200000| Untracked 
| 242|0x000000008f200000, 0x000000008f300000, 0x000000008f300000|100%| O|  |TAMS 0x000000008f200000, 0x000000008f300000| Untracked 
| 243|0x000000008f300000, 0x000000008f400000, 0x000000008f400000|100%| O|  |TAMS 0x000000008f300000, 0x000000008f400000| Untracked 
| 244|0x000000008f400000, 0x000000008f500000, 0x000000008f500000|100%| O|  |TAMS 0x000000008f400000, 0x000000008f500000| Untracked 
| 245|0x000000008f500000, 0x000000008f600000, 0x000000008f600000|100%| O|  |TAMS 0x000000008f500000, 0x000000008f600000| Untracked 
| 246|0x000000008f600000, 0x000000008f700000, 0x000000008f700000|100%| O|  |TAMS 0x000000008f600000, 0x000000008f700000| Untracked 
| 247|0x000000008f700000, 0x000000008f800000, 0x000000008f800000|100%| O|  |TAMS 0x000000008f700000, 0x000000008f800000| Untracked 
| 248|0x000000008f800000, 0x000000008f900000, 0x000000008f900000|100%| O|  |TAMS 0x000000008f800000, 0x000000008f900000| Untracked 
| 249|0x000000008f900000, 0x000000008fa00000, 0x000000008fa00000|100%| O|  |TAMS 0x000000008f900000, 0x000000008fa00000| Untracked 
| 250|0x000000008fa00000, 0x000000008fb00000, 0x000000008fb00000|100%| O|  |TAMS 0x000000008fa00000, 0x000000008fb00000| Untracked 
| 251|0x000000008fb00000, 0x000000008fc00000, 0x000000008fc00000|100%| O|  |TAMS 0x000000008fb00000, 0x000000008fc00000| Untracked 
| 252|0x000000008fc00000, 0x000000008fd00000, 0x000000008fd00000|100%| O|  |TAMS 0x000000008fc00000, 0x000000008fd00000| Untracked 
| 253|0x000000008fd00000, 0x000000008fe00000, 0x000000008fe00000|100%| O|  |TAMS 0x000000008fd00000, 0x000000008fe00000| Untracked 
| 254|0x000000008fe00000, 0x000000008ff00000, 0x000000008ff00000|100%| O|  |TAMS 0x000000008fe00000, 0x000000008ff00000| Untracked 
| 255|0x000000008ff00000, 0x0000000090000000, 0x0000000090000000|100%| O|  |TAMS 0x000000008ff00000, 0x0000000090000000| Untracked 
| 256|0x0000000090000000, 0x0000000090100000, 0x0000000090100000|100%| O|  |TAMS 0x0000000090000000, 0x0000000090100000| Untracked 
| 257|0x0000000090100000, 0x0000000090200000, 0x0000000090200000|100%| O|  |TAMS 0x0000000090100000, 0x0000000090200000| Untracked 
| 258|0x0000000090200000, 0x0000000090300000, 0x0000000090300000|100%| O|  |TAMS 0x0000000090200000, 0x0000000090300000| Untracked 
| 259|0x0000000090300000, 0x0000000090400000, 0x0000000090400000|100%| O|  |TAMS 0x0000000090300000, 0x0000000090400000| Untracked 
| 260|0x0000000090400000, 0x0000000090500000, 0x0000000090500000|100%| O|  |TAMS 0x0000000090400000, 0x0000000090500000| Untracked 
| 261|0x0000000090500000, 0x0000000090600000, 0x0000000090600000|100%| O|  |TAMS 0x0000000090500000, 0x0000000090600000| Untracked 
| 262|0x0000000090600000, 0x0000000090700000, 0x0000000090700000|100%| O|  |TAMS 0x0000000090600000, 0x0000000090700000| Untracked 
| 263|0x0000000090700000, 0x0000000090800000, 0x0000000090800000|100%| O|  |TAMS 0x0000000090700000, 0x0000000090800000| Untracked 
| 264|0x0000000090800000, 0x0000000090800000, 0x0000000090900000|  0%| F|  |TAMS 0x0000000090800000, 0x0000000090800000| Untracked 
| 265|0x0000000090900000, 0x0000000090900000, 0x0000000090a00000|  0%| F|  |TAMS 0x0000000090900000, 0x0000000090900000| Untracked 
| 266|0x0000000090a00000, 0x0000000090a00000, 0x0000000090b00000|  0%| F|  |TAMS 0x0000000090a00000, 0x0000000090a00000| Untracked 
| 267|0x0000000090b00000, 0x0000000090b00000, 0x0000000090c00000|  0%| F|  |TAMS 0x0000000090b00000, 0x0000000090b00000| Untracked 
| 268|0x0000000090c00000, 0x0000000090c00000, 0x0000000090d00000|  0%| F|  |TAMS 0x0000000090c00000, 0x0000000090c00000| Untracked 
| 269|0x0000000090d00000, 0x0000000090d00000, 0x0000000090e00000|  0%| F|  |TAMS 0x0000000090d00000, 0x0000000090d00000| Untracked 
| 270|0x0000000090e00000, 0x0000000090e00000, 0x0000000090f00000|  0%| F|  |TAMS 0x0000000090e00000, 0x0000000090e00000| Untracked 
| 271|0x0000000090f00000, 0x0000000090f00000, 0x0000000091000000|  0%| F|  |TAMS 0x0000000090f00000, 0x0000000090f00000| Untracked 
| 272|0x0000000091000000, 0x0000000091000000, 0x0000000091100000|  0%| F|  |TAMS 0x0000000091000000, 0x0000000091000000| Untracked 
| 273|0x0000000091100000, 0x0000000091100000, 0x0000000091200000|  0%| F|  |TAMS 0x0000000091100000, 0x0000000091100000| Untracked 
| 274|0x0000000091200000, 0x0000000091200000, 0x0000000091300000|  0%| F|  |TAMS 0x0000000091200000, 0x0000000091200000| Untracked 
| 275|0x0000000091300000, 0x0000000091300000, 0x0000000091400000|  0%| F|  |TAMS 0x0000000091300000, 0x0000000091300000| Untracked 
| 276|0x0000000091400000, 0x0000000091400000, 0x0000000091500000|  0%| F|  |TAMS 0x0000000091400000, 0x0000000091400000| Untracked 
| 277|0x0000000091500000, 0x0000000091500000, 0x0000000091600000|  0%| F|  |TAMS 0x0000000091500000, 0x0000000091500000| Untracked 
| 278|0x0000000091600000, 0x0000000091600000, 0x0000000091700000|  0%| F|  |TAMS 0x0000000091600000, 0x0000000091600000| Untracked 
| 279|0x0000000091700000, 0x0000000091700000, 0x0000000091800000|  0%| F|  |TAMS 0x0000000091700000, 0x0000000091700000| Untracked 
| 280|0x0000000091800000, 0x0000000091800000, 0x0000000091900000|  0%| F|  |TAMS 0x0000000091800000, 0x0000000091800000| Untracked 
| 281|0x0000000091900000, 0x0000000091900000, 0x0000000091a00000|  0%| F|  |TAMS 0x0000000091900000, 0x0000000091900000| Untracked 
| 282|0x0000000091a00000, 0x0000000091a00000, 0x0000000091b00000|  0%| F|  |TAMS 0x0000000091a00000, 0x0000000091a00000| Untracked 
| 283|0x0000000091b00000, 0x0000000091b00000, 0x0000000091c00000|  0%| F|  |TAMS 0x0000000091b00000, 0x0000000091b00000| Untracked 
| 284|0x0000000091c00000, 0x0000000091c00000, 0x0000000091d00000|  0%| F|  |TAMS 0x0000000091c00000, 0x0000000091c00000| Untracked 
| 285|0x0000000091d00000, 0x0000000091d00000, 0x0000000091e00000|  0%| F|  |TAMS 0x0000000091d00000, 0x0000000091d00000| Untracked 
| 286|0x0000000091e00000, 0x0000000091e00000, 0x0000000091f00000|  0%| F|  |TAMS 0x0000000091e00000, 0x0000000091e00000| Untracked 
| 287|0x0000000091f00000, 0x0000000091f00000, 0x0000000092000000|  0%| F|  |TAMS 0x0000000091f00000, 0x0000000091f00000| Untracked 
| 288|0x0000000092000000, 0x0000000092000000, 0x0000000092100000|  0%| F|  |TAMS 0x0000000092000000, 0x0000000092000000| Untracked 
| 289|0x0000000092100000, 0x0000000092100000, 0x0000000092200000|  0%| F|  |TAMS 0x0000000092100000, 0x0000000092100000| Untracked 
| 290|0x0000000092200000, 0x0000000092200000, 0x0000000092300000|  0%| F|  |TAMS 0x0000000092200000, 0x0000000092200000| Untracked 
| 291|0x0000000092300000, 0x0000000092300000, 0x0000000092400000|  0%| F|  |TAMS 0x0000000092300000, 0x0000000092300000| Untracked 
| 292|0x0000000092400000, 0x0000000092400000, 0x0000000092500000|  0%| F|  |TAMS 0x0000000092400000, 0x0000000092400000| Untracked 
| 293|0x0000000092500000, 0x0000000092500000, 0x0000000092600000|  0%| F|  |TAMS 0x0000000092500000, 0x0000000092500000| Untracked 
| 294|0x0000000092600000, 0x0000000092600000, 0x0000000092700000|  0%| F|  |TAMS 0x0000000092600000, 0x0000000092600000| Untracked 
| 295|0x0000000092700000, 0x0000000092700000, 0x0000000092800000|  0%| F|  |TAMS 0x0000000092700000, 0x0000000092700000| Untracked 
| 296|0x0000000092800000, 0x0000000092800000, 0x0000000092900000|  0%| F|  |TAMS 0x0000000092800000, 0x0000000092800000| Untracked 
| 297|0x0000000092900000, 0x0000000092900000, 0x0000000092a00000|  0%| F|  |TAMS 0x0000000092900000, 0x0000000092900000| Untracked 
| 298|0x0000000092a00000, 0x0000000092a00000, 0x0000000092b00000|  0%| F|  |TAMS 0x0000000092a00000, 0x0000000092a00000| Untracked 
| 299|0x0000000092b00000, 0x0000000092b00000, 0x0000000092c00000|  0%| F|  |TAMS 0x0000000092b00000, 0x0000000092b00000| Untracked 
| 300|0x0000000092c00000, 0x0000000092c00000, 0x0000000092d00000|  0%| F|  |TAMS 0x0000000092c00000, 0x0000000092c00000| Untracked 
| 301|0x0000000092d00000, 0x0000000092d00000, 0x0000000092e00000|  0%| F|  |TAMS 0x0000000092d00000, 0x0000000092d00000| Untracked 
| 302|0x0000000092e00000, 0x0000000092e00000, 0x0000000092f00000|  0%| F|  |TAMS 0x0000000092e00000, 0x0000000092e00000| Untracked 
| 303|0x0000000092f00000, 0x0000000092f00000, 0x0000000093000000|  0%| F|  |TAMS 0x0000000092f00000, 0x0000000092f00000| Untracked 
| 304|0x0000000093000000, 0x0000000093000000, 0x0000000093100000|  0%| F|  |TAMS 0x0000000093000000, 0x0000000093000000| Untracked 
| 305|0x0000000093100000, 0x0000000093100000, 0x0000000093200000|  0%| F|  |TAMS 0x0000000093100000, 0x0000000093100000| Untracked 
| 306|0x0000000093200000, 0x0000000093300000, 0x0000000093300000|100%| S|CS|TAMS 0x0000000093200000, 0x0000000093200000| Complete 
| 307|0x0000000093300000, 0x0000000093400000, 0x0000000093400000|100%| S|CS|TAMS 0x0000000093300000, 0x0000000093300000| Complete 
| 308|0x0000000093400000, 0x0000000093500000, 0x0000000093500000|100%| S|CS|TAMS 0x0000000093400000, 0x0000000093400000| Complete 
| 309|0x0000000093500000, 0x0000000093600000, 0x0000000093600000|100%| S|CS|TAMS 0x0000000093500000, 0x0000000093500000| Complete 
| 310|0x0000000093600000, 0x0000000093600000, 0x0000000093700000|  0%| F|  |TAMS 0x0000000093600000, 0x0000000093600000| Untracked 
| 311|0x0000000093700000, 0x0000000093700000, 0x0000000093800000|  0%| F|  |TAMS 0x0000000093700000, 0x0000000093700000| Untracked 
| 312|0x0000000093800000, 0x0000000093800000, 0x0000000093900000|  0%| F|  |TAMS 0x0000000093800000, 0x0000000093800000| Untracked 
| 313|0x0000000093900000, 0x0000000093900000, 0x0000000093a00000|  0%| F|  |TAMS 0x0000000093900000, 0x0000000093900000| Untracked 
| 314|0x0000000093a00000, 0x0000000093a00000, 0x0000000093b00000|  0%| F|  |TAMS 0x0000000093a00000, 0x0000000093a00000| Untracked 
| 315|0x0000000093b00000, 0x0000000093b00000, 0x0000000093c00000|  0%| F|  |TAMS 0x0000000093b00000, 0x0000000093b00000| Untracked 
| 316|0x0000000093c00000, 0x0000000093c00000, 0x0000000093d00000|  0%| F|  |TAMS 0x0000000093c00000, 0x0000000093c00000| Untracked 
| 317|0x0000000093d00000, 0x0000000093d00000, 0x0000000093e00000|  0%| F|  |TAMS 0x0000000093d00000, 0x0000000093d00000| Untracked 
| 318|0x0000000093e00000, 0x0000000093e00000, 0x0000000093f00000|  0%| F|  |TAMS 0x0000000093e00000, 0x0000000093e00000| Untracked 
| 319|0x0000000093f00000, 0x0000000093f00000, 0x0000000094000000|  0%| F|  |TAMS 0x0000000093f00000, 0x0000000093f00000| Untracked 
| 320|0x0000000094000000, 0x0000000094000000, 0x0000000094100000|  0%| F|  |TAMS 0x0000000094000000, 0x0000000094000000| Untracked 
| 321|0x0000000094100000, 0x0000000094100000, 0x0000000094200000|  0%| F|  |TAMS 0x0000000094100000, 0x0000000094100000| Untracked 
| 322|0x0000000094200000, 0x0000000094200000, 0x0000000094300000|  0%| F|  |TAMS 0x0000000094200000, 0x0000000094200000| Untracked 
| 323|0x0000000094300000, 0x0000000094300000, 0x0000000094400000|  0%| F|  |TAMS 0x0000000094300000, 0x0000000094300000| Untracked 
| 324|0x0000000094400000, 0x0000000094400000, 0x0000000094500000|  0%| F|  |TAMS 0x0000000094400000, 0x0000000094400000| Untracked 
| 325|0x0000000094500000, 0x0000000094500000, 0x0000000094600000|  0%| F|  |TAMS 0x0000000094500000, 0x0000000094500000| Untracked 
| 326|0x0000000094600000, 0x0000000094600000, 0x0000000094700000|  0%| F|  |TAMS 0x0000000094600000, 0x0000000094600000| Untracked 
| 327|0x0000000094700000, 0x0000000094700000, 0x0000000094800000|  0%| F|  |TAMS 0x0000000094700000, 0x0000000094700000| Untracked 
| 328|0x0000000094800000, 0x0000000094800000, 0x0000000094900000|  0%| F|  |TAMS 0x0000000094800000, 0x0000000094800000| Untracked 
| 329|0x0000000094900000, 0x0000000094900000, 0x0000000094a00000|  0%| F|  |TAMS 0x0000000094900000, 0x0000000094900000| Untracked 
| 330|0x0000000094a00000, 0x0000000094a00000, 0x0000000094b00000|  0%| F|  |TAMS 0x0000000094a00000, 0x0000000094a00000| Untracked 
| 331|0x0000000094b00000, 0x0000000094b00000, 0x0000000094c00000|  0%| F|  |TAMS 0x0000000094b00000, 0x0000000094b00000| Untracked 
| 332|0x0000000094c00000, 0x0000000094c00000, 0x0000000094d00000|  0%| F|  |TAMS 0x0000000094c00000, 0x0000000094c00000| Untracked 
| 333|0x0000000094d00000, 0x0000000094d00000, 0x0000000094e00000|  0%| F|  |TAMS 0x0000000094d00000, 0x0000000094d00000| Untracked 
| 334|0x0000000094e00000, 0x0000000094e00000, 0x0000000094f00000|  0%| F|  |TAMS 0x0000000094e00000, 0x0000000094e00000| Untracked 

Card table byte_map: [0x000001e9384a0000,0x000001e9388a0000] _byte_map_base: 0x000001e9380a0000

Marking Bits (Prev, Next): (CMBitMap*) 0x000001e924f9c8e8, (CMBitMap*) 0x000001e924f9c920
 Prev Bits: [0x000001e938ca0000, 0x000001e93aca0000)
 Next Bits: [0x000001e93aca0000, 0x000001e93cca0000)

Polling page: 0x000001e923900000

Metaspace:

Usage:
  Non-class:    121.99 MB capacity,   119.77 MB ( 98%) used,     1.77 MB (  1%) free+waste,   463.13 KB ( <1%) overhead. 
      Class:     18.67 MB capacity,    17.26 MB ( 92%) used,     1.21 MB (  6%) free+waste,   204.44 KB (  1%) overhead. 
       Both:    140.66 MB capacity,   137.03 MB ( 97%) used,     2.98 MB (  2%) free+waste,   667.56 KB ( <1%) overhead. 

Virtual space:
  Non-class space:      124.00 MB reserved,     122.04 MB ( 98%) committed 
      Class space:        1.00 GB reserved,      18.70 MB (  2%) committed 
             Both:        1.12 GB reserved,     140.73 MB ( 12%) committed 

Chunk freelists:
   Non-Class:  50.00 KB
       Class:  15.00 KB
        Both:  65.00 KB

MaxMetaspaceSize: 17179869184.00 GB
CompressedClassSpaceSize: 1.00 GB

CodeHeap 'non-profiled nmethods': size=120064Kb used=14432Kb max_used=14432Kb free=105631Kb
 bounds [0x000001e930520000, 0x000001e931340000, 0x000001e937a60000]
CodeHeap 'profiled nmethods': size=120000Kb used=45886Kb max_used=45886Kb free=74113Kb
 bounds [0x000001e928ff0000, 0x000001e92bce0000, 0x000001e930520000]
CodeHeap 'non-nmethods': size=5696Kb used=2382Kb max_used=2429Kb free=3313Kb
 bounds [0x000001e928a60000, 0x000001e928ce0000, 0x000001e928ff0000]
 total_blobs=22393 nmethods=21382 adapters=921
 compilation: enabled
              stopped_count=0, restarted_count=0
 full_count=0

Compilation events (20 events):
Event: 4374.011 Thread 0x000001e93fca4000 23215       2       com.google.gson.stream.JsonReader::doPeek (744 bytes)
Event: 4374.013 Thread 0x000001e93fca4000 nmethod 23215 0x000001e92bcd0310 code [0x000001e92bcd0b20, 0x000001e92bcd3188]
Event: 4374.013 Thread 0x000001e93fca4000 23217       2       com.google.gson.internal.bind.MapTypeAdapterFactory$Adapter::read (224 bytes)
Event: 4374.014 Thread 0x000001e93fca4000 nmethod 23217 0x000001e92bcd4810 code [0x000001e92bcd4bc0, 0x000001e92bcd5878]
Event: 4374.014 Thread 0x000001e93fca4000 23216   !   2       com.google.gson.internal.ConstructorConstructor$3::construct (98 bytes)
Event: 4374.015 Thread 0x000001e93fca4000 nmethod 23216 0x000001e92bcd5f10 code [0x000001e92bcd6240, 0x000001e92bcd6d58]
Event: 4374.015 Thread 0x000001e93fca4000 23219       2       android.databinding.tool.store.BindingAdapterStore$Companion$merge$1::accept (10 bytes)
Event: 4374.015 Thread 0x000001e93fca4000 nmethod 23219 0x000001e92bcd7590 code [0x000001e92bcd7740, 0x000001e92bcd78a8]
Event: 4374.015 Thread 0x000001e93fca4000 23220       2       android.databinding.tool.store.BindingAdapterStore$Companion$merge$1::accept (110 bytes)
Event: 4374.016 Thread 0x000001e93fca4000 nmethod 23220 0x000001e92bcd7990 code [0x000001e92bcd7bc0, 0x000001e92bcd8088]
Event: 4374.016 Thread 0x000001e93fca4000 23221       2       android.databinding.tool.store.BindingAdapterStore$Companion$merge$1$1$1::<init> (10 bytes)
Event: 4374.016 Thread 0x000001e93fca4000 nmethod 23221 0x000001e92bcd8410 code [0x000001e92bcd85c0, 0x000001e92bcd86f8]
Event: 4374.103 Thread 0x000001e93f2ed000 nmethod 23152 0x000001e93132af10 code [0x000001e93132b9a0, 0x000001e931333bb8]
Event: 4374.103 Thread 0x000001e93f2ed000 23206       4       java.util.regex.Pattern$$Lambda$6/0x0000000100065440::is (5 bytes)
Event: 4374.104 Thread 0x000001e93f2ed000 nmethod 23206 0x000001e931339090 code [0x000001e931339220, 0x000001e9313392d8]
Event: 4374.104 Thread 0x000001e93f2ed000 23207 %     4       java.util.regex.Pattern$CharPropertyGreedy::match @ 9 (122 bytes)
Event: 4374.111 Thread 0x000001e93f2ed000 nmethod 23207% 0x000001e931339390 code [0x000001e931339560, 0x000001e931339c18]
Event: 4374.111 Thread 0x000001e93f2ed000 23177       4       java.util.regex.Pattern::split (290 bytes)
Event: 4374.159 Thread 0x000001e93fca4000 23222       2       org.apache.xerces.dom.ParentNode::lastChild (16 bytes)
Event: 4374.160 Thread 0x000001e93fca4000 nmethod 23222 0x000001e92bcd8790 code [0x000001e92bcd8940, 0x000001e92bcd8a98]

GC Heap History (20 events):
Event: 4368.807 GC heap after
{Heap after GC invocations=127 (full 0):
 garbage-first heap   total 199680K, used 158133K [0x0000000080000000, 0x0000000100000000)
  region size 1024K, 2 young (2048K), 2 survivors (2048K)
 Metaspace       used 131055K, capacity 134594K, committed 134768K, reserved 1167360K
  class space    used 16471K, capacity 17863K, committed 17996K, reserved 1048576K
}
Event: 4368.835 GC heap before
{Heap before GC invocations=127 (full 0):
 garbage-first heap   total 199680K, used 165301K [0x0000000080000000, 0x0000000100000000)
  region size 1024K, 9 young (9216K), 2 survivors (2048K)
 Metaspace       used 131057K, capacity 134594K, committed 134768K, reserved 1167360K
  class space    used 16471K, capacity 17863K, committed 17996K, reserved 1048576K
}
Event: 4368.845 GC heap after
{Heap after GC invocations=128 (full 0):
 garbage-first heap   total 280576K, used 163840K [0x0000000080000000, 0x0000000100000000)
  region size 1024K, 2 young (2048K), 2 survivors (2048K)
 Metaspace       used 131057K, capacity 134594K, committed 134768K, reserved 1167360K
  class space    used 16471K, capacity 17863K, committed 17996K, reserved 1048576K
}
Event: 4369.960 GC heap before
{Heap before GC invocations=129 (full 0):
 garbage-first heap   total 280576K, used 198656K [0x0000000080000000, 0x0000000100000000)
  region size 1024K, 36 young (36864K), 2 survivors (2048K)
 Metaspace       used 132385K, capacity 135999K, committed 136176K, reserved 1167360K
  class space    used 16631K, capacity 18031K, committed 18124K, reserved 1048576K
}
Event: 4369.983 GC heap after
{Heap after GC invocations=130 (full 0):
 garbage-first heap   total 280576K, used 180121K [0x0000000080000000, 0x0000000100000000)
  region size 1024K, 5 young (5120K), 5 survivors (5120K)
 Metaspace       used 132385K, capacity 135999K, committed 136176K, reserved 1167360K
  class space    used 16631K, capacity 18031K, committed 18124K, reserved 1048576K
}
Event: 4370.057 GC heap before
{Heap before GC invocations=130 (full 0):
 garbage-first heap   total 280576K, used 184217K [0x0000000080000000, 0x0000000100000000)
  region size 1024K, 10 young (10240K), 5 survivors (5120K)
 Metaspace       used 132805K, capacity 136415K, committed 136560K, reserved 1167360K
  class space    used 16732K, capacity 18127K, committed 18252K, reserved 1048576K
}
Event: 4370.070 GC heap after
{Heap after GC invocations=131 (full 0):
 garbage-first heap   total 280576K, used 183513K [0x0000000080000000, 0x0000000100000000)
  region size 1024K, 3 young (3072K), 3 survivors (3072K)
 Metaspace       used 132805K, capacity 136415K, committed 136560K, reserved 1167360K
  class space    used 16732K, capacity 18127K, committed 18252K, reserved 1048576K
}
Event: 4370.676 GC heap before
{Heap before GC invocations=131 (full 0):
 garbage-first heap   total 280576K, used 211161K [0x0000000080000000, 0x0000000100000000)
  region size 1024K, 27 young (27648K), 3 survivors (3072K)
 Metaspace       used 135798K, capacity 139382K, committed 139504K, reserved 1171456K
  class space    used 17135K, capacity 18558K, committed 18636K, reserved 1048576K
}
Event: 4370.680 GC heap after
{Heap after GC invocations=132 (full 0):
 garbage-first heap   total 280576K, used 189768K [0x0000000080000000, 0x0000000100000000)
  region size 1024K, 4 young (4096K), 4 survivors (4096K)
 Metaspace       used 135798K, capacity 139382K, committed 139504K, reserved 1171456K
  class space    used 17135K, capacity 18558K, committed 18636K, reserved 1048576K
}
Event: 4371.626 GC heap before
{Heap before GC invocations=133 (full 0):
 garbage-first heap   total 280576K, used 214344K [0x0000000080000000, 0x0000000100000000)
  region size 1024K, 29 young (29696K), 4 survivors (4096K)
 Metaspace       used 138499K, capacity 142214K, committed 142320K, reserved 1173504K
  class space    used 17457K, capacity 18859K, committed 18892K, reserved 1048576K
}
Event: 4371.639 GC heap after
{Heap after GC invocations=134 (full 0):
 garbage-first heap   total 280576K, used 193726K [0x0000000080000000, 0x0000000100000000)
  region size 1024K, 4 young (4096K), 4 survivors (4096K)
 Metaspace       used 138499K, capacity 142214K, committed 142320K, reserved 1173504K
  class space    used 17457K, capacity 18859K, committed 18892K, reserved 1048576K
}
Event: 4371.696 GC heap before
{Heap before GC invocations=134 (full 0):
 garbage-first heap   total 280576K, used 202942K [0x0000000080000000, 0x0000000100000000)
  region size 1024K, 13 young (13312K), 4 survivors (4096K)
 Metaspace       used 138499K, capacity 142214K, committed 142320K, reserved 1173504K
  class space    used 17457K, capacity 18859K, committed 18892K, reserved 1048576K
}
Event: 4371.715 GC heap after
{Heap after GC invocations=135 (full 0):
 garbage-first heap   total 343040K, used 200447K [0x0000000080000000, 0x0000000100000000)
  region size 1024K, 2 young (2048K), 2 survivors (2048K)
 Metaspace       used 138499K, capacity 142214K, committed 142320K, reserved 1173504K
  class space    used 17457K, capacity 18859K, committed 18892K, reserved 1048576K
}
Event: 4371.821 GC heap before
{Heap before GC invocations=135 (full 0):
 garbage-first heap   total 343040K, used 241407K [0x0000000080000000, 0x0000000100000000)
  region size 1024K, 42 young (43008K), 2 survivors (2048K)
 Metaspace       used 138501K, capacity 142214K, committed 142320K, reserved 1173504K
  class space    used 17457K, capacity 18859K, committed 18892K, reserved 1048576K
}
Event: 4371.910 GC heap after
{Heap after GC invocations=136 (full 0):
 garbage-first heap   total 343040K, used 232942K [0x0000000080000000, 0x0000000100000000)
  region size 1024K, 6 young (6144K), 6 survivors (6144K)
 Metaspace       used 138501K, capacity 142214K, committed 142320K, reserved 1173504K
  class space    used 17457K, capacity 18859K, committed 18892K, reserved 1048576K
}
Event: 4374.023 GC heap before
{Heap before GC invocations=137 (full 0):
 garbage-first heap   total 343040K, used 261614K [0x0000000080000000, 0x0000000100000000)
  region size 1024K, 34 young (34816K), 6 survivors (6144K)
 Metaspace       used 140320K, capacity 144035K, committed 144112K, reserved 1175552K
  class space    used 17677K, capacity 19121K, committed 19148K, reserved 1048576K
}
Event: 4374.077 GC heap after
{Heap after GC invocations=138 (full 0):
 garbage-first heap   total 343040K, used 239104K [0x0000000080000000, 0x0000000100000000)
  region size 1024K, 5 young (5120K), 5 survivors (5120K)
 Metaspace       used 140320K, capacity 144035K, committed 144112K, reserved 1175552K
  class space    used 17677K, capacity 19121K, committed 19148K, reserved 1048576K
}
Event: 4374.120 GC heap before
{Heap before GC invocations=138 (full 0):
 garbage-first heap   total 343040K, used 250368K [0x0000000080000000, 0x0000000100000000)
  region size 1024K, 16 young (16384K), 5 survivors (5120K)
 Metaspace       used 140320K, capacity 144035K, committed 144112K, reserved 1175552K
  class space    used 17677K, capacity 19121K, committed 19148K, reserved 1048576K
}
Event: 4374.135 GC heap after
{Heap after GC invocations=139 (full 0):
 garbage-first heap   total 343040K, used 250368K [0x0000000080000000, 0x0000000100000000)
  region size 1024K, 2 young (2048K), 2 survivors (2048K)
 Metaspace       used 140320K, capacity 144035K, committed 144112K, reserved 1175552K
  class space    used 17677K, capacity 19121K, committed 19148K, reserved 1048576K
}
Event: 4374.174 GC heap before
{Heap before GC invocations=139 (full 0):
 garbage-first heap   total 343040K, used 273920K [0x0000000080000000, 0x0000000100000000)
  region size 1024K, 25 young (25600K), 2 survivors (2048K)
 Metaspace       used 140320K, capacity 144035K, committed 144112K, reserved 1175552K
  class space    used 17677K, capacity 19121K, committed 19148K, reserved 1048576K
}

Deoptimization events (20 events):
Event: 4373.995 Thread 0x000001e942918800 DEOPT PACKING pc=0x000001e931021a14 sp=0x000000c85d2fc190
Event: 4373.995 Thread 0x000001e942918800 DEOPT UNPACKING pc=0x000001e928a8662f sp=0x000000c85d2fc0b8 mode 2
Event: 4374.001 Thread 0x000001e942918800 Uncommon trap: trap_request=0xffffffde fr.pc=0x000001e930b08f84 relative=0x0000000000000be4
Event: 4374.001 Thread 0x000001e942918800 Uncommon trap: reason=class_check action=maybe_recompile pc=0x000001e930b08f84 method=java.lang.AbstractStringBuilder.append(Ljava/lang/CharSequence;)Ljava/lang/AbstractStringBuilder; @ 37 c2
Event: 4374.001 Thread 0x000001e942918800 DEOPT PACKING pc=0x000001e930b08f84 sp=0x000000c85d2fc280
Event: 4374.001 Thread 0x000001e942918800 DEOPT UNPACKING pc=0x000001e928a8662f sp=0x000000c85d2fc278 mode 2
Event: 4374.002 Thread 0x000001e942918800 Uncommon trap: trap_request=0xffffffde fr.pc=0x000001e930b08f84 relative=0x0000000000000be4
Event: 4374.002 Thread 0x000001e942918800 Uncommon trap: reason=class_check action=maybe_recompile pc=0x000001e930b08f84 method=java.lang.AbstractStringBuilder.append(Ljava/lang/CharSequence;)Ljava/lang/AbstractStringBuilder; @ 37 c2
Event: 4374.002 Thread 0x000001e942918800 DEOPT PACKING pc=0x000001e930b08f84 sp=0x000000c85d2fc280
Event: 4374.002 Thread 0x000001e942918800 DEOPT UNPACKING pc=0x000001e928a8662f sp=0x000000c85d2fc278 mode 2
Event: 4374.002 Thread 0x000001e942918800 Uncommon trap: trap_request=0xffffffde fr.pc=0x000001e930b08f84 relative=0x0000000000000be4
Event: 4374.002 Thread 0x000001e942918800 Uncommon trap: reason=class_check action=maybe_recompile pc=0x000001e930b08f84 method=java.lang.AbstractStringBuilder.append(Ljava/lang/CharSequence;)Ljava/lang/AbstractStringBuilder; @ 37 c2
Event: 4374.002 Thread 0x000001e942918800 DEOPT PACKING pc=0x000001e930b08f84 sp=0x000000c85d2fc280
Event: 4374.002 Thread 0x000001e942918800 DEOPT UNPACKING pc=0x000001e928a8662f sp=0x000000c85d2fc278 mode 2
Event: 4374.003 Thread 0x000001e942918800 Uncommon trap: trap_request=0xffffffde fr.pc=0x000001e930b08f84 relative=0x0000000000000be4
Event: 4374.003 Thread 0x000001e942918800 Uncommon trap: reason=class_check action=maybe_recompile pc=0x000001e930b08f84 method=java.lang.AbstractStringBuilder.append(Ljava/lang/CharSequence;)Ljava/lang/AbstractStringBuilder; @ 37 c2
Event: 4374.003 Thread 0x000001e942918800 DEOPT PACKING pc=0x000001e930b08f84 sp=0x000000c85d2fc280
Event: 4374.003 Thread 0x000001e942918800 DEOPT UNPACKING pc=0x000001e928a8662f sp=0x000000c85d2fc278 mode 2
Event: 4374.161 Thread 0x000001e942918800 DEOPT PACKING pc=0x000001e929f0ecfc sp=0x000000c85d2fc490
Event: 4374.161 Thread 0x000001e942918800 DEOPT UNPACKING pc=0x000001e928a86dde sp=0x000000c85d2fb988 mode 0

Classes redefined (0 events):
No events

Internal exceptions (20 events):
Event: 4373.712 Thread 0x000001e942918800 Exception <a 'sun/nio/fs/WindowsException'{0x0000000093b9d028}> (0x0000000093b9d028) thrown at [./src/hotspot/share/prims/jni.cpp, line 615]
Event: 4373.713 Thread 0x000001e942918800 Exception <a 'sun/nio/fs/WindowsException'{0x0000000093ba3ca0}> (0x0000000093ba3ca0) thrown at [./src/hotspot/share/prims/jni.cpp, line 615]
Event: 4373.717 Thread 0x000001e942918800 Exception <a 'sun/nio/fs/WindowsException'{0x0000000093ba9b88}> (0x0000000093ba9b88) thrown at [./src/hotspot/share/prims/jni.cpp, line 615]
Event: 4373.717 Thread 0x000001e942918800 Exception <a 'sun/nio/fs/WindowsException'{0x0000000093ba9c08}> (0x0000000093ba9c08) thrown at [./src/hotspot/share/prims/jni.cpp, line 615]
Event: 4373.743 Thread 0x000001e942918800 Exception <a 'sun/nio/fs/WindowsException'{0x0000000093bbe188}> (0x0000000093bbe188) thrown at [./src/hotspot/share/prims/jni.cpp, line 615]
Event: 4373.747 Thread 0x000001e942918800 Exception <a 'sun/nio/fs/WindowsException'{0x0000000093bc2cf8}> (0x0000000093bc2cf8) thrown at [./src/hotspot/share/prims/jni.cpp, line 615]
Event: 4373.757 Thread 0x000001e942918800 Exception <a 'sun/nio/fs/WindowsException'{0x0000000093bc7698}> (0x0000000093bc7698) thrown at [./src/hotspot/share/prims/jni.cpp, line 615]
Event: 4373.758 Thread 0x000001e942918800 Exception <a 'sun/nio/fs/WindowsException'{0x0000000093bc7718}> (0x0000000093bc7718) thrown at [./src/hotspot/share/prims/jni.cpp, line 615]
Event: 4373.758 Thread 0x000001e942918800 Exception <a 'sun/nio/fs/WindowsException'{0x0000000093bcba10}> (0x0000000093bcba10) thrown at [./src/hotspot/share/prims/jni.cpp, line 615]
Event: 4373.766 Thread 0x000001e942918800 Exception <a 'sun/nio/fs/WindowsException'{0x0000000093bd43d8}> (0x0000000093bd43d8) thrown at [./src/hotspot/share/prims/jni.cpp, line 615]
Event: 4373.807 Thread 0x000001e942918800 Exception <a 'sun/nio/fs/WindowsException'{0x0000000093bda9d0}> (0x0000000093bda9d0) thrown at [./src/hotspot/share/prims/jni.cpp, line 615]
Event: 4373.807 Thread 0x000001e942918800 Exception <a 'sun/nio/fs/WindowsException'{0x0000000093bdaa50}> (0x0000000093bdaa50) thrown at [./src/hotspot/share/prims/jni.cpp, line 615]
Event: 4373.968 Thread 0x000001e942918800 Exception <a 'sun/nio/fs/WindowsException'{0x000000009353ad08}> (0x000000009353ad08) thrown at [./src/hotspot/share/prims/jni.cpp, line 615]
Event: 4373.968 Thread 0x000001e942918800 Exception <a 'sun/nio/fs/WindowsException'{0x000000009353ad88}> (0x000000009353ad88) thrown at [./src/hotspot/share/prims/jni.cpp, line 615]
Event: 4373.968 Thread 0x000001e942918800 Exception <a 'sun/nio/fs/WindowsException'{0x000000009353c408}> (0x000000009353c408) thrown at [./src/hotspot/share/prims/jni.cpp, line 615]
Event: 4373.968 Thread 0x000001e942918800 Exception <a 'sun/nio/fs/WindowsException'{0x000000009353c488}> (0x000000009353c488) thrown at [./src/hotspot/share/prims/jni.cpp, line 615]
Event: 4373.968 Thread 0x000001e942918800 Exception <a 'sun/nio/fs/WindowsException'{0x000000009353dad0}> (0x000000009353dad0) thrown at [./src/hotspot/share/prims/jni.cpp, line 615]
Event: 4373.968 Thread 0x000001e942918800 Exception <a 'sun/nio/fs/WindowsException'{0x000000009353db50}> (0x000000009353db50) thrown at [./src/hotspot/share/prims/jni.cpp, line 615]
Event: 4374.004 Thread 0x000001e942918800 Exception <a 'sun/nio/fs/WindowsException'{0x0000000093338fd8}> (0x0000000093338fd8) thrown at [./src/hotspot/share/prims/jni.cpp, line 615]
Event: 4374.004 Thread 0x000001e942918800 Exception <a 'sun/nio/fs/WindowsException'{0x0000000093339a98}> (0x0000000093339a98) thrown at [./src/hotspot/share/prims/jni.cpp, line 615]

Events (20 events):
Event: 4373.970 loading class com/squareup/javapoet/TypeSpec$Builder done
Event: 4373.970 loading class com/squareup/javapoet/ClassName
Event: 4373.970 loading class com/squareup/javapoet/ClassName done
Event: 4373.970 loading class com/squareup/javapoet/TypeSpec$Builder
Event: 4373.970 loading class com/squareup/javapoet/TypeSpec$Builder done
Event: 4373.971 loading class com/google/common/base/Utf8
Event: 4373.971 loading class com/google/common/base/Utf8 done
Event: 4373.972 loading class com/squareup/javapoet/TypeName
Event: 4373.972 loading class com/squareup/javapoet/TypeName done
Event: 4373.972 loading class com/squareup/javapoet/TypeSpec$Builder
Event: 4373.972 loading class com/squareup/javapoet/TypeSpec$Builder done
Event: 4373.974 loading class dagger/hilt/processor/internal/root/RootFileFormatter
Event: 4373.974 loading class dagger/hilt/processor/internal/root/RootFileFormatter done
Event: 4374.000 loading class java/util/regex/Matcher$ImmutableMatchResult
Event: 4374.000 loading class java/util/regex/Matcher$ImmutableMatchResult done
Event: 4374.022 Executing VM operation: G1CollectForAllocation
Event: 4374.077 Executing VM operation: G1CollectForAllocation done
Event: 4374.120 Executing VM operation: G1CollectForAllocation
Event: 4374.135 Executing VM operation: G1CollectForAllocation done
Event: 4374.173 Executing VM operation: G1CollectForAllocation


Dynamic libraries:
0x00007ff7565c0000 - 0x00007ff7565ca000 	C:\Program Files\Android\Android Studio\jre\bin\java.exe
0x00007ffd08870000 - 0x00007ffd08a65000 	C:\WINDOWS\SYSTEM32\ntdll.dll
0x00007ffd06f70000 - 0x00007ffd0702e000 	C:\WINDOWS\System32\KERNEL32.DLL
0x00007ffd06490000 - 0x00007ffd06758000 	C:\WINDOWS\System32\KERNELBASE.dll
0x00007ffd06390000 - 0x00007ffd06490000 	C:\WINDOWS\System32\ucrtbase.dll
0x00007ffcec220000 - 0x00007ffcec239000 	C:\Program Files\Android\Android Studio\jre\bin\jli.dll
0x00007ffd074a0000 - 0x00007ffd07640000 	C:\WINDOWS\System32\USER32.dll
0x00007ffd06050000 - 0x00007ffd06072000 	C:\WINDOWS\System32\win32u.dll
0x00007ffd08350000 - 0x00007ffd0837b000 	C:\WINDOWS\System32\GDI32.dll
0x00007ffd06080000 - 0x00007ffd0618b000 	C:\WINDOWS\System32\gdi32full.dll
0x00007ffd06190000 - 0x00007ffd0622d000 	C:\WINDOWS\System32\msvcp_win.dll
0x00007ffcf3b70000 - 0x00007ffcf3e0a000 	C:\WINDOWS\WinSxS\amd64_microsoft.windows.common-controls_6595b64144ccf1df_6.0.19041.1110_none_60b5254171f9507e\COMCTL32.dll
0x00007ffd08730000 - 0x00007ffd087ce000 	C:\WINDOWS\System32\msvcrt.dll
0x00007ffce4780000 - 0x00007ffce4797000 	C:\Program Files\Android\Android Studio\jre\bin\VCRUNTIME140.dll
0x00007ffd07f20000 - 0x00007ffd07f50000 	C:\WINDOWS\System32\IMM32.DLL
0x00007ffcd8fd0000 - 0x00007ffcd906d000 	C:\Program Files\Android\Android Studio\jre\bin\msvcp140.dll
0x00007ffce1890000 - 0x00007ffce2365000 	C:\Program Files\Android\Android Studio\jre\bin\server\jvm.dll
0x00007ffd08550000 - 0x00007ffd085fe000 	C:\WINDOWS\System32\ADVAPI32.dll
0x00007ffd08090000 - 0x00007ffd0812c000 	C:\WINDOWS\System32\sechost.dll
0x00007ffd07f60000 - 0x00007ffd08085000 	C:\WINDOWS\System32\RPCRT4.dll
0x00007ffd07f10000 - 0x00007ffd07f18000 	C:\WINDOWS\System32\PSAPI.DLL
0x00007ffd01a40000 - 0x00007ffd01a49000 	C:\WINDOWS\SYSTEM32\WSOCK32.dll
0x00007ffd08130000 - 0x00007ffd0819b000 	C:\WINDOWS\System32\WS2_32.dll
0x00007ffcfc880000 - 0x00007ffcfc8a7000 	C:\WINDOWS\SYSTEM32\WINMM.dll
0x00007ffcfda60000 - 0x00007ffcfda6a000 	C:\WINDOWS\SYSTEM32\VERSION.dll
0x00007ffd03ec0000 - 0x00007ffd03ed2000 	C:\WINDOWS\SYSTEM32\kernel.appcore.dll
0x00007ffd016c0000 - 0x00007ffd016d1000 	C:\Program Files\Android\Android Studio\jre\bin\verify.dll
0x00007ffcfeab0000 - 0x00007ffcfec94000 	C:\WINDOWS\SYSTEM32\DBGHELP.DLL
0x00007ffcf9680000 - 0x00007ffcf96ac000 	C:\WINDOWS\SYSTEM32\dbgcore.DLL
0x00007ffd06840000 - 0x00007ffd068c2000 	C:\WINDOWS\System32\bcryptPrimitives.dll
0x00007ffcfa790000 - 0x00007ffcfa7b9000 	C:\Program Files\Android\Android Studio\jre\bin\java.dll
0x00007ffd01a30000 - 0x00007ffd01a3b000 	C:\Program Files\Android\Android Studio\jre\bin\jimage.dll
0x00007ffcfa770000 - 0x00007ffcfa788000 	C:\Program Files\Android\Android Studio\jre\bin\zip.dll
0x00007ffd076b0000 - 0x00007ffd07df4000 	C:\WINDOWS\System32\SHELL32.dll
0x00007ffd040c0000 - 0x00007ffd04854000 	C:\WINDOWS\SYSTEM32\windows.storage.dll
0x00007ffd070c0000 - 0x00007ffd07414000 	C:\WINDOWS\System32\combase.dll
0x00007ffd05920000 - 0x00007ffd0594c000 	C:\WINDOWS\SYSTEM32\Wldp.dll
0x00007ffd084a0000 - 0x00007ffd0854d000 	C:\WINDOWS\System32\SHCORE.dll
0x00007ffd07e00000 - 0x00007ffd07e55000 	C:\WINDOWS\System32\shlwapi.dll
0x00007ffd05ed0000 - 0x00007ffd05eef000 	C:\WINDOWS\SYSTEM32\profapi.dll
0x00007ffcfa750000 - 0x00007ffcfa76a000 	C:\Program Files\Android\Android Studio\jre\bin\net.dll
0x00007ffcf8c00000 - 0x00007ffcf8d09000 	C:\WINDOWS\SYSTEM32\WINHTTP.dll
0x00007ffd05680000 - 0x00007ffd056ea000 	C:\WINDOWS\system32\mswsock.dll
0x00007ffcfa730000 - 0x00007ffcfa744000 	C:\Program Files\Android\Android Studio\jre\bin\nio.dll
0x00007ffceec30000 - 0x00007ffceec57000 	C:\Users\User\.gradle\native\e1d6ef7f7dcc3fd88c89a11ec53ec762bb8ba0a96d01ffa2cd45eb1d1d8dd5c5\windows-amd64\native-platform.dll
0x00007ffcb0460000 - 0x00007ffcb05a4000 	C:\Users\User\.gradle\native\5664cfc778a61ccfe75a443a1ab52a65af34e5dc3c78e0209fed803814484fcb\windows-amd64\native-platform-file-events.dll
0x00007ffd016b0000 - 0x00007ffd016ba000 	C:\Program Files\Android\Android Studio\jre\bin\management.dll
0x00007ffd00f30000 - 0x00007ffd00f3d000 	C:\Program Files\Android\Android Studio\jre\bin\management_ext.dll
0x00007ffd05870000 - 0x00007ffd05888000 	C:\WINDOWS\SYSTEM32\CRYPTSP.dll
0x00007ffd05000000 - 0x00007ffd05034000 	C:\WINDOWS\system32\rsaenh.dll
0x00007ffd06760000 - 0x00007ffd06787000 	C:\WINDOWS\System32\bcrypt.dll
0x00007ffd05e90000 - 0x00007ffd05ebe000 	C:\WINDOWS\SYSTEM32\USERENV.dll
0x00007ffd05890000 - 0x00007ffd0589c000 	C:\WINDOWS\SYSTEM32\CRYPTBASE.dll
0x00007ffd05370000 - 0x00007ffd053ab000 	C:\WINDOWS\SYSTEM32\IPHLPAPI.DLL
0x00007ffd07f50000 - 0x00007ffd07f58000 	C:\WINDOWS\System32\NSI.dll
0x00007ffcfe4d0000 - 0x00007ffcfe4e7000 	C:\WINDOWS\SYSTEM32\dhcpcsvc6.DLL
0x00007ffcfe630000 - 0x00007ffcfe64d000 	C:\WINDOWS\SYSTEM32\dhcpcsvc.DLL
0x00007ffd053b0000 - 0x00007ffd0547a000 	C:\WINDOWS\SYSTEM32\DNSAPI.dll
0x00007ffcc84c0000 - 0x00007ffcc84de000 	C:\Users\User\AppData\Local\Temp\native-platform8978646569974955209dir\native-platform.dll
0x00007ffcc8ef0000 - 0x00007ffcc8ef8000 	C:\Program Files\Android\Android Studio\jre\bin\rmi.dll
0x00007ffce2b90000 - 0x00007ffce2ba7000 	C:\WINDOWS\system32\napinsp.dll
0x00007ffcd8720000 - 0x00007ffcd873b000 	C:\WINDOWS\system32\pnrpnsp.dll
0x00007ffcf0f40000 - 0x00007ffcf0f55000 	C:\WINDOWS\system32\wshbth.dll
0x00007ffd019f0000 - 0x00007ffd01a0d000 	C:\WINDOWS\system32\NLAapi.dll
0x00007ffcd8700000 - 0x00007ffcd8712000 	C:\WINDOWS\System32\winrnr.dll
0x00007ffcf0c80000 - 0x00007ffcf0c8a000 	C:\Windows\System32\rasadhlp.dll
0x00007ffcf4290000 - 0x00007ffcf430f000 	C:\WINDOWS\System32\fwpuclnt.dll
0x00007ffd04c90000 - 0x00007ffd04cc3000 	C:\WINDOWS\SYSTEM32\ntmarta.dll

dbghelp: loaded successfully - version: 4.0.5 - missing functions: none
symbol engine: initialized successfully - sym options: 0x614 - pdb path: .;C:\Program Files\Android\Android Studio\jre\bin;C:\WINDOWS\SYSTEM32;C:\WINDOWS\WinSxS\amd64_microsoft.windows.common-controls_6595b64144ccf1df_6.0.19041.1110_none_60b5254171f9507e;C:\Program Files\Android\Android Studio\jre\bin\server;C:\Users\User\.gradle\native\e1d6ef7f7dcc3fd88c89a11ec53ec762bb8ba0a96d01ffa2cd45eb1d1d8dd5c5\windows-amd64;C:\Users\User\.gradle\native\5664cfc778a61ccfe75a443a1ab52a65af34e5dc3c78e0209fed803814484fcb\windows-amd64;C:\Users\User\AppData\Local\Temp\native-platform8978646569974955209dir

VM Arguments:
jvm_args: --add-opens=java.base/java.util=ALL-UNNAMED --add-opens=java.base/java.lang=ALL-UNNAMED --add-opens=java.base/java.lang.invoke=ALL-UNNAMED --add-opens=java.base/java.util=ALL-UNNAMED --add-opens=java.prefs/java.util.prefs=ALL-UNNAMED --add-opens=java.prefs/java.util.prefs=ALL-UNNAMED --add-opens=java.base/java.nio.charset=ALL-UNNAMED --add-opens=java.base/java.net=ALL-UNNAMED --add-opens=java.base/java.util.concurrent.atomic=ALL-UNNAMED -Xmx2048m -Dfile.encoding=UTF-8 -Duser.country=ID -Duser.language=en -Duser.variant 
java_command: org.gradle.launcher.daemon.bootstrap.GradleDaemon 7.2
java_class_path (initial): C:\Users\User\.gradle\wrapper\dists\gradle-7.2-bin\2dnblmf4td7x66yl1d74lt32g\gradle-7.2\lib\gradle-launcher-7.2.jar
Launcher Type: SUN_STANDARD

[Global flags]
     intx CICompilerCount                          = 3                                         {product} {ergonomic}
     uint ConcGCThreads                            = 1                                         {product} {ergonomic}
     uint G1ConcRefinementThreads                  = 4                                         {product} {ergonomic}
   size_t G1HeapRegionSize                         = 1048576                                   {product} {ergonomic}
    uintx GCDrainStackTargetSize                   = 64                                        {product} {ergonomic}
   size_t InitialHeapSize                          = 117440512                                 {product} {ergonomic}
   size_t MarkStackSize                            = 4194304                                   {product} {ergonomic}
   size_t MaxHeapSize                              = 2147483648                                {product} {command line}
   size_t MaxNewSize                               = 1287651328                                {product} {ergonomic}
   size_t MinHeapDeltaBytes                        = 1048576                                   {product} {ergonomic}
    uintx NonNMethodCodeHeapSize                   = 5830732                                {pd product} {ergonomic}
    uintx NonProfiledCodeHeapSize                  = 122913754                              {pd product} {ergonomic}
    uintx ProfiledCodeHeapSize                     = 122913754                              {pd product} {ergonomic}
    uintx ReservedCodeCacheSize                    = 251658240                              {pd product} {ergonomic}
     bool SegmentedCodeCache                       = true                                      {product} {ergonomic}
     bool UseCompressedClassPointers               = true                                 {lp64_product} {ergonomic}
     bool UseCompressedOops                        = true                                 {lp64_product} {ergonomic}
     bool UseG1GC                                  = true                                      {product} {ergonomic}
     bool UseLargePagesIndividualAllocation        = false                                  {pd product} {ergonomic}

Logging:
Log output configuration:
 #0: stdout all=warning uptime,level,tags
 #1: stderr all=off uptime,level,tags

Environment Variables:
JAVA_HOME=C:\Users\User\.jdks\azul-13.0.8
CLASSPATH=.;
PATH=C:\Program Files\gradle-7.3.3-bin\gradle-7.3.3\bin;C:\Program Files (x86)\Common Files\Oracle\Java\javapath;C:\Python27\;C:\Python27\Scripts;C:\ProgramData\Oracle\Java\javapath;C:\WINDOWS\system32;C:\WINDOWS;C:\WINDOWS\System32\Wbem;C:\WINDOWS\System32\WindowsPowerShell\v1.0\;C:\WINDOWS\System32\OpenSSH\;C:\ProgramData\chocolatey\bin;C:\Program Files\nodejs\;C:\Users\User\AppData\Local\Android\Sdk\platform-tools;C:\Program Files\Java\jdk-15.0.2\bin;C:\Program Files\Java\jdk1.8.0_271\bin;C:\Users\User\.jdks\azul-13.0.8\bin;C:\Program Files\Git\cmd;C:\flutter\bin;C:\Users\User\AppData\Local\Microsoft\WindowsApps;C:\Users\User\AppData\Local\Programs\Microsoft VS Code\bin;C:\Users\User\AppData\Roaming\npm;C:\Users\User\AppData\Local\Android\Sdk\platform-tools;
USERNAME=User
OS=Windows_NT
PROCESSOR_IDENTIFIER=AMD64 Family 23 Model 24 Stepping 1, AuthenticAMD



---------------  S Y S T E M  ---------------

OS: Windows 10 , 64 bit Build 19041 (10.0.19041.1566)
OS uptime: 0 days 1:39 hours

CPU:total 4 (initial active 4) (4 cores per cpu, 1 threads per core) family 23 model 24 stepping 1 microcode 0x0, cmov, cx8, fxsr, mmx, sse, sse2, sse3, ssse3, sse4.1, sse4.2, popcnt, avx, avx2, aes, clmul, mmxext, 3dnowpref, lzcnt, sse4a, tsc, tscinvbit, tscinv, bmi1, bmi2, adx, sha, 

Memory: 4k page, system-wide physical 7096M (276M free)
TotalPageFile size 15288M (AvailPageFile size 130M)
current process WorkingSet (physical memory assigned to process): 353M, peak: 472M
current process commit charge ("private bytes"): 727M, peak: 1046M

vm_info: OpenJDK 64-Bit Server VM (11.0.11+9-b60-7590822) for windows-amd64 JRE (11.0.11+9-b60-7590822), built on Jul 29 2021 21:43:44 by "builder" with MS VC++ 14.0 (VS2015)

END.
