#
# There is insufficient memory for the Java Runtime Environment to continue.
# Native memory allocation (mmap) failed to map 221249536 bytes for Failed to commit area from 0x0000000093f00000 to 0x00000000a1200000 of length 221249536.
# Possible reasons:
#   The system is out of physical RAM or swap space
#   The process is running with CompressedOops enabled, and the Java Heap may be blocking the growth of the native heap
# Possible solutions:
#   Reduce memory load on the system
#   Increase physical memory or swap space
#   Check if swap backing store is full
#   Decrease Java heap size (-Xmx/-Xms)
#   Decrease number of Java threads
#   Decrease Java thread stack sizes (-Xss)
#   Set larger code cache with -XX:ReservedCodeCacheSize=
#   JVM is running with Unscaled Compressed Oops mode in which the Java heap is
#     placed in the first 4GB address space. The Java Heap base address is the
#     maximum limit for the native heap growth. Please use -XX:HeapBaseMinAddress
#     to set the Java Heap base and to place the Java Heap above 4GB virtual address.
# This output file may be truncated or incomplete.
#
#  Out of Memory Error (./src/hotspot/os/windows/os_windows.cpp:3301), pid=10392, tid=9336
#
# JRE version: OpenJDK Runtime Environment (11.0.11+9) (build 11.0.11+9-b60-7590822)
# Java VM: OpenJDK 64-Bit Server VM (11.0.11+9-b60-7590822, mixed mode, tiered, compressed oops, g1 gc, windows-amd64)
# No core dump will be written. Minidumps are not enabled by default on client versions of Windows
#

---------------  S U M M A R Y ------------

Command Line: --add-opens=java.base/java.util=ALL-UNNAMED --add-opens=java.base/java.lang=ALL-UNNAMED --add-opens=java.base/java.lang.invoke=ALL-UNNAMED --add-opens=java.base/java.util=ALL-UNNAMED --add-opens=java.prefs/java.util.prefs=ALL-UNNAMED --add-opens=java.prefs/java.util.prefs=ALL-UNNAMED --add-opens=java.base/java.nio.charset=ALL-UNNAMED --add-opens=java.base/java.net=ALL-UNNAMED --add-opens=java.base/java.util.concurrent.atomic=ALL-UNNAMED -Xmx2048m -Dfile.encoding=UTF-8 -Duser.country=ID -Duser.language=en -Duser.variant org.gradle.launcher.daemon.bootstrap.GradleDaemon 7.2

Host: AMD Ryzen 3 3200G with Radeon Vega Graphics    , 4 cores, 6G,  Windows 10 , 64 bit Build 19041 (10.0.19041.1566)
Time: Mon Mar 21 13:35:13 2022 SE Asia Standard Time elapsed time: 26.820498 seconds (0d 0h 0m 26s)

---------------  T H R E A D  ---------------

Current thread (0x000002827f917800):  VMThread "VM Thread" [stack: 0x000000dd97100000,0x000000dd97200000] [id=9336]

Stack: [0x000000dd97100000,0x000000dd97200000]
[error occurred during error reporting (printing stack bounds), id 0xc0000005, EXCEPTION_ACCESS_VIOLATION (0xc0000005) at pc=0x0000028200000f2d]

Native frames: (J=compiled Java code, j=interpreted, Vv=VM code, C=native code)
V  [jvm.dll+0x5f214a]
V  [jvm.dll+0x726fb5]
V  [jvm.dll+0x7285cd]
V  [jvm.dll+0x728be5]
V  [jvm.dll+0x728b9b]
V  [jvm.dll+0x5f14e8]
V  [jvm.dll+0x5f1c78]
C  [ntdll.dll+0xa20cf]
C  [ntdll.dll+0x51454]
C  [ntdll.dll+0xa0bfe]
C  0x0000028200000f2d

VM_Operation (0x000000dd9d0fbdd0): G1CollectForAllocation, mode: safepoint, requested by thread 0x0000028213db9000


---------------  P R O C E S S  ---------------

Threads class SMR info:
_java_thread_list=0x00000282187e4740, length=91, elements={
0x000002827661b000, 0x000002827f91d800, 0x000002827f929000, 0x000002827f937800,
0x000002827f93a800, 0x000002827f93c000, 0x000002827f93f000, 0x000002827f943800,
0x000002827f945000, 0x000002827fc07800, 0x0000028213561800, 0x0000028213a30800,
0x0000028212aa6000, 0x0000028212767000, 0x0000028212768000, 0x00000282133d4800,
0x00000282135fc000, 0x0000028212974000, 0x00000282133bd000, 0x0000028213752800,
0x000002821374f800, 0x0000028213754000, 0x0000028213756000, 0x0000028213755000,
0x0000028213752000, 0x0000028213751000, 0x0000028213753800, 0x0000028213750000,
0x0000028214c62800, 0x0000028214c64800, 0x0000028214c68000, 0x0000028214c64000,
0x0000028214c63000, 0x0000028214c6f800, 0x0000028214c6b000, 0x0000028214c6a800,
0x0000028214c69800, 0x0000028214c71000, 0x0000028214c6c000, 0x0000028214c70000,
0x0000028214c6d000, 0x0000028214c6d800, 0x0000028214c6e800, 0x0000028213b76800,
0x0000028213b73800, 0x0000028213b78000, 0x0000028213b74000, 0x0000028213b79000,
0x0000028213b7a800, 0x0000028213b7a000, 0x0000028213b75000, 0x0000028213b75800,
0x0000028213b77800, 0x0000028213b7d000, 0x0000028213b7c800, 0x0000028213b7e000,
0x0000028213b7e800, 0x0000028213b7f800, 0x0000028213b80800, 0x0000028213b81000,
0x0000028213b7b800, 0x0000028213b82000, 0x0000028213e86000, 0x0000028213e86800,
0x0000028213e83800, 0x0000028213e81800, 0x0000028213e84000, 0x0000028213e81000,
0x0000028213e82800, 0x0000028213e87800, 0x0000028213e8a000, 0x0000028213e8a800,
0x0000028213e88000, 0x0000028213e89000, 0x0000028213e85000, 0x0000028213e8e000,
0x0000028213e8f000, 0x0000028213e8f800, 0x0000028213e8c800, 0x0000028213db1800,
0x0000028213db3800, 0x0000028213db4000, 0x0000028213db6800, 0x0000028213db2800,
0x0000028213db5000, 0x0000028213dba000, 0x0000028213db8800, 0x0000028213db7800,
0x0000028213dba800, 0x000002821aa3a800, 0x0000028213db9000
}

Java Threads: ( => current thread )
  0x000002827661b000 JavaThread "main" [_thread_blocked, id=6304, stack(0x000000dd96b00000,0x000000dd96c00000)]
  0x000002827f91d800 JavaThread "Reference Handler" daemon [_thread_blocked, id=1224, stack(0x000000dd97200000,0x000000dd97300000)]
  0x000002827f929000 JavaThread "Finalizer" daemon [_thread_blocked, id=1188, stack(0x000000dd97300000,0x000000dd97400000)]
  0x000002827f937800 JavaThread "Signal Dispatcher" daemon [_thread_blocked, id=4632, stack(0x000000dd97400000,0x000000dd97500000)]
  0x000002827f93a800 JavaThread "Attach Listener" daemon [_thread_blocked, id=10832, stack(0x000000dd97500000,0x000000dd97600000)]
  0x000002827f93c000 JavaThread "Service Thread" daemon [_thread_blocked, id=9508, stack(0x000000dd97600000,0x000000dd97700000)]
  0x000002827f93f000 JavaThread "C2 CompilerThread0" daemon [_thread_blocked, id=1368, stack(0x000000dd97700000,0x000000dd97800000)]
  0x000002827f943800 JavaThread "C1 CompilerThread0" daemon [_thread_blocked, id=6820, stack(0x000000dd97800000,0x000000dd97900000)]
  0x000002827f945000 JavaThread "Sweeper thread" daemon [_thread_blocked, id=1184, stack(0x000000dd97900000,0x000000dd97a00000)]
  0x000002827fc07800 JavaThread "Common-Cleaner" daemon [_thread_blocked, id=3788, stack(0x000000dd97a00000,0x000000dd97b00000)]
  0x0000028213561800 JavaThread "Daemon health stats" [_thread_blocked, id=7068, stack(0x000000dd97e00000,0x000000dd97f00000)]
  0x0000028213a30800 JavaThread "Incoming local TCP Connector on port 57470" [_thread_in_native, id=10668, stack(0x000000dd97c00000,0x000000dd97d00000)]
  0x0000028212aa6000 JavaThread "Daemon periodic checks" [_thread_blocked, id=2776, stack(0x000000dd97f00000,0x000000dd98000000)]
  0x0000028212767000 JavaThread "Daemon" [_thread_blocked, id=3040, stack(0x000000dd98000000,0x000000dd98100000)]
  0x0000028212768000 JavaThread "Handler for socket connection from /127.0.0.1:57470 to /127.0.0.1:57471" [_thread_in_native, id=484, stack(0x000000dd98100000,0x000000dd98200000)]
  0x00000282133d4800 JavaThread "Cancel handler" [_thread_blocked, id=9920, stack(0x000000dd98200000,0x000000dd98300000)]
  0x00000282135fc000 JavaThread "Daemon worker" [_thread_blocked, id=11784, stack(0x000000dd98300000,0x000000dd98400000)]
  0x0000028212974000 JavaThread "Asynchronous log dispatcher for DefaultDaemonConnection: socket connection from /127.0.0.1:57470 to /127.0.0.1:57471" [_thread_blocked, id=8244, stack(0x000000dd98400000,0x000000dd98500000)]
  0x00000282133bd000 JavaThread "Stdin handler" [_thread_blocked, id=8432, stack(0x000000dd98500000,0x000000dd98600000)]
  0x0000028213752800 JavaThread "Daemon client event forwarder" [_thread_blocked, id=11596, stack(0x000000dd98600000,0x000000dd98700000)]
  0x000002821374f800 JavaThread "Cache worker for journal cache (C:\Users\User\.gradle\caches\journal-1)" [_thread_blocked, id=7604, stack(0x000000dd98700000,0x000000dd98800000)]
  0x0000028213754000 JavaThread "File lock request listener" [_thread_in_native, id=1904, stack(0x000000dd98a00000,0x000000dd98b00000)]
  0x0000028213756000 JavaThread "Cache worker for file hash cache (C:\Users\User\.gradle\caches\7.2\fileHashes)" [_thread_blocked, id=9224, stack(0x000000dd98b00000,0x000000dd98c00000)]
  0x0000028213755000 JavaThread "Cache worker for file hash cache (D:\Udemy\Modern Food Recipes App - Android Development with Kotlin\Foody\.gradle\7.2\fileHashes)" [_thread_blocked, id=9340, stack(0x000000dd98c00000,0x000000dd98d00000)]
  0x0000028213752000 JavaThread "File watcher server" daemon [_thread_blocked, id=12204, stack(0x000000dd98e00000,0x000000dd98f00000)]
  0x0000028213751000 JavaThread "File watcher consumer" daemon [_thread_blocked, id=3532, stack(0x000000dd98f00000,0x000000dd99000000)]
  0x0000028213753800 JavaThread "Cache worker for checksums cache (D:\Udemy\Modern Food Recipes App - Android Development with Kotlin\Foody\.gradle\checksums)" [_thread_blocked, id=2004, stack(0x000000dd99000000,0x000000dd99100000)]
  0x0000028213750000 JavaThread "Cache worker for cache directory md-supplier (C:\Users\User\.gradle\caches\7.2\md-supplier)" [_thread_blocked, id=11288, stack(0x000000dd99100000,0x000000dd99200000)]
  0x0000028214c62800 JavaThread "Cache worker for cache directory md-rule (C:\Users\User\.gradle\caches\7.2\md-rule)" [_thread_blocked, id=10820, stack(0x000000dd99200000,0x000000dd99300000)]
  0x0000028214c64800 JavaThread "Cache worker for execution history cache (C:\Users\User\.gradle\caches\7.2\executionHistory)" [_thread_blocked, id=9120, stack(0x000000dd99300000,0x000000dd99400000)]
  0x0000028214c68000 JavaThread "jar transforms" [_thread_blocked, id=9064, stack(0x000000dd99400000,0x000000dd99500000)]
  0x0000028214c64000 JavaThread "Cache worker for file content cache (C:\Users\User\.gradle\caches\7.2\fileContent)" [_thread_blocked, id=1512, stack(0x000000dd99500000,0x000000dd99600000)]
  0x0000028214c63000 JavaThread "jar transforms Thread 2" [_thread_blocked, id=2108, stack(0x000000dd99600000,0x000000dd99700000)]
  0x0000028214c6f800 JavaThread "Cache worker for dependencies-accessors (D:\Udemy\Modern Food Recipes App - Android Development with Kotlin\Foody\.gradle\7.2\dependencies-accessors)" [_thread_blocked, id=10716, stack(0x000000dd99700000,0x000000dd99800000)]
  0x0000028214c6b000 JavaThread "jar transforms Thread 3" [_thread_blocked, id=1700, stack(0x000000dd99800000,0x000000dd99900000)]
  0x0000028214c6a800 JavaThread "Cache worker for Build Output Cleanup Cache (D:\Udemy\Modern Food Recipes App - Android Development with Kotlin\Foody\.gradle\buildOutputCleanup)" [_thread_blocked, id=7056, stack(0x000000dd99900000,0x000000dd99a00000)]
  0x0000028214c69800 JavaThread "Unconstrained build operations" [_thread_blocked, id=8296, stack(0x000000dd99a00000,0x000000dd99b00000)]
  0x0000028214c71000 JavaThread "Unconstrained build operations Thread 2" [_thread_blocked, id=3384, stack(0x000000dd99b00000,0x000000dd99c00000)]
  0x0000028214c6c000 JavaThread "Unconstrained build operations Thread 3" [_thread_blocked, id=5436, stack(0x000000dd99c00000,0x000000dd99d00000)]
  0x0000028214c70000 JavaThread "Unconstrained build operations Thread 4" [_thread_blocked, id=11324, stack(0x000000dd99d00000,0x000000dd99e00000)]
  0x0000028214c6d000 JavaThread "Unconstrained build operations Thread 5" [_thread_blocked, id=7928, stack(0x000000dd99e00000,0x000000dd99f00000)]
  0x0000028214c6d800 JavaThread "Unconstrained build operations Thread 6" [_thread_blocked, id=11136, stack(0x000000dd99f00000,0x000000dd9a000000)]
  0x0000028214c6e800 JavaThread "Unconstrained build operations Thread 7" [_thread_blocked, id=8160, stack(0x000000dd9a000000,0x000000dd9a100000)]
  0x0000028213b76800 JavaThread "Unconstrained build operations Thread 8" [_thread_blocked, id=6140, stack(0x000000dd9a100000,0x000000dd9a200000)]
  0x0000028213b73800 JavaThread "Unconstrained build operations Thread 9" [_thread_blocked, id=11628, stack(0x000000dd9a200000,0x000000dd9a300000)]
  0x0000028213b78000 JavaThread "Unconstrained build operations Thread 10" [_thread_blocked, id=2056, stack(0x000000dd9a300000,0x000000dd9a400000)]
  0x0000028213b74000 JavaThread "Unconstrained build operations Thread 11" [_thread_blocked, id=976, stack(0x000000dd9a400000,0x000000dd9a500000)]
  0x0000028213b79000 JavaThread "Unconstrained build operations Thread 12" [_thread_blocked, id=2140, stack(0x000000dd9a500000,0x000000dd9a600000)]
  0x0000028213b7a800 JavaThread "Unconstrained build operations Thread 13" [_thread_blocked, id=7544, stack(0x000000dd9a600000,0x000000dd9a700000)]
  0x0000028213b7a000 JavaThread "Unconstrained build operations Thread 14" [_thread_blocked, id=2992, stack(0x000000dd9a700000,0x000000dd9a800000)]
  0x0000028213b75000 JavaThread "Unconstrained build operations Thread 15" [_thread_blocked, id=1160, stack(0x000000dd9a800000,0x000000dd9a900000)]
  0x0000028213b75800 JavaThread "Unconstrained build operations Thread 16" [_thread_blocked, id=7964, stack(0x000000dd9a900000,0x000000dd9aa00000)]
  0x0000028213b77800 JavaThread "Unconstrained build operations Thread 17" [_thread_blocked, id=12036, stack(0x000000dd9aa00000,0x000000dd9ab00000)]
  0x0000028213b7d000 JavaThread "Unconstrained build operations Thread 18" [_thread_blocked, id=6136, stack(0x000000dd9ab00000,0x000000dd9ac00000)]
  0x0000028213b7c800 JavaThread "Unconstrained build operations Thread 19" [_thread_blocked, id=11904, stack(0x000000dd9ac00000,0x000000dd9ad00000)]
  0x0000028213b7e000 JavaThread "Unconstrained build operations Thread 20" [_thread_blocked, id=3988, stack(0x000000dd9ad00000,0x000000dd9ae00000)]
  0x0000028213b7e800 JavaThread "Unconstrained build operations Thread 21" [_thread_blocked, id=1792, stack(0x000000dd9ae00000,0x000000dd9af00000)]
  0x0000028213b7f800 JavaThread "Unconstrained build operations Thread 22" [_thread_blocked, id=10960, stack(0x000000dd9af00000,0x000000dd9b000000)]
  0x0000028213b80800 JavaThread "Unconstrained build operations Thread 23" [_thread_blocked, id=10208, stack(0x000000dd9b000000,0x000000dd9b100000)]
  0x0000028213b81000 JavaThread "Unconstrained build operations Thread 24" [_thread_blocked, id=9364, stack(0x000000dd9b100000,0x000000dd9b200000)]
  0x0000028213b7b800 JavaThread "Unconstrained build operations Thread 25" [_thread_blocked, id=3012, stack(0x000000dd9b200000,0x000000dd9b300000)]
  0x0000028213b82000 JavaThread "Unconstrained build operations Thread 26" [_thread_blocked, id=9448, stack(0x000000dd9b300000,0x000000dd9b400000)]
  0x0000028213e86000 JavaThread "Unconstrained build operations Thread 27" [_thread_blocked, id=8960, stack(0x000000dd9b400000,0x000000dd9b500000)]
  0x0000028213e86800 JavaThread "Unconstrained build operations Thread 28" [_thread_blocked, id=10580, stack(0x000000dd9b500000,0x000000dd9b600000)]
  0x0000028213e83800 JavaThread "Unconstrained build operations Thread 29" [_thread_blocked, id=4992, stack(0x000000dd9b600000,0x000000dd9b700000)]
  0x0000028213e81800 JavaThread "Unconstrained build operations Thread 30" [_thread_blocked, id=10188, stack(0x000000dd9b700000,0x000000dd9b800000)]
  0x0000028213e84000 JavaThread "Unconstrained build operations Thread 31" [_thread_blocked, id=8848, stack(0x000000dd9b800000,0x000000dd9b900000)]
  0x0000028213e81000 JavaThread "Unconstrained build operations Thread 32" [_thread_blocked, id=1280, stack(0x000000dd9b900000,0x000000dd9ba00000)]
  0x0000028213e82800 JavaThread "Unconstrained build operations Thread 33" [_thread_blocked, id=1176, stack(0x000000dd9ba00000,0x000000dd9bb00000)]
  0x0000028213e87800 JavaThread "Unconstrained build operations Thread 34" [_thread_blocked, id=4864, stack(0x000000dd9bb00000,0x000000dd9bc00000)]
  0x0000028213e8a000 JavaThread "Unconstrained build operations Thread 35" [_thread_blocked, id=7248, stack(0x000000dd9bc00000,0x000000dd9bd00000)]
  0x0000028213e8a800 JavaThread "Unconstrained build operations Thread 36" [_thread_blocked, id=848, stack(0x000000dd9bd00000,0x000000dd9be00000)]
  0x0000028213e88000 JavaThread "Unconstrained build operations Thread 37" [_thread_blocked, id=3652, stack(0x000000dd9be00000,0x000000dd9bf00000)]
  0x0000028213e89000 JavaThread "Unconstrained build operations Thread 38" [_thread_blocked, id=6048, stack(0x000000dd9bf00000,0x000000dd9c000000)]
  0x0000028213e85000 JavaThread "Unconstrained build operations Thread 39" [_thread_blocked, id=11312, stack(0x000000dd9c000000,0x000000dd9c100000)]
  0x0000028213e8e000 JavaThread "Unconstrained build operations Thread 40" [_thread_blocked, id=1048, stack(0x000000dd9c100000,0x000000dd9c200000)]
  0x0000028213e8f000 JavaThread "jar transforms Thread 4" [_thread_blocked, id=8412, stack(0x000000dd9c200000,0x000000dd9c300000)]
  0x0000028213e8f800 JavaThread "Memory manager" [_thread_blocked, id=3964, stack(0x000000dd9c300000,0x000000dd9c400000)]
  0x0000028213e8c800 JavaThread "build event listener" [_thread_blocked, id=9000, stack(0x000000dd9c400000,0x000000dd9c500000)]
  0x0000028213db1800 JavaThread "build event listener" [_thread_blocked, id=9516, stack(0x000000dd9c500000,0x000000dd9c600000)]
  0x0000028213db3800 JavaThread "Execution worker for ':'" [_thread_blocked, id=11808, stack(0x000000dd9c600000,0x000000dd9c700000)]
  0x0000028213db4000 JavaThread "Execution worker for ':' Thread 2" [_thread_blocked, id=4624, stack(0x000000dd9c700000,0x000000dd9c800000)]
  0x0000028213db6800 JavaThread "Execution worker for ':' Thread 3" [_thread_blocked, id=6596, stack(0x000000dd9c800000,0x000000dd9c900000)]
  0x0000028213db2800 JavaThread "Cache worker for execution history cache (D:\Udemy\Modern Food Recipes App - Android Development with Kotlin\Foody\.gradle\7.2\executionHistory)" [_thread_blocked, id=10752, stack(0x000000dd9c900000,0x000000dd9ca00000)]
  0x0000028213db5000 JavaThread "RMI Scheduler(0)" daemon [_thread_blocked, id=3516, stack(0x000000dd9ca00000,0x000000dd9cb00000)]
  0x0000028213dba000 JavaThread "RMI GC Daemon" daemon [_thread_blocked, id=7904, stack(0x000000dd9cc00000,0x000000dd9cd00000)]
  0x0000028213db8800 JavaThread "RMI TCP Accept-0" daemon [_thread_in_native, id=7372, stack(0x000000dd9cd00000,0x000000dd9ce00000)]
  0x0000028213db7800 JavaThread "RMI Reaper" [_thread_blocked, id=5056, stack(0x000000dd9ce00000,0x000000dd9cf00000)]
  0x0000028213dba800 JavaThread "RMI TCP Connection(1)-127.0.0.1" daemon [_thread_in_native, id=8308, stack(0x000000dd9cf00000,0x000000dd9d000000)]
  0x000002821aa3a800 JavaThread "C2 CompilerThread1" daemon [_thread_blocked, id=3500, stack(0x000000dd98d00000,0x000000dd98e00000)]
  0x0000028213db9000 JavaThread "WorkerExecutor Queue" [_thread_blocked, id=6592, stack(0x000000dd9d000000,0x000000dd9d100000)]

Other Threads:
=>0x000002827f917800 VMThread "VM Thread" [stack: 0x000000dd97100000,0x000000dd97200000] [id=9336]
  0x000002827fc20800 WatcherThread [stack: 0x000000dd97b00000,0x000000dd97c00000] [id=11452]
  0x0000028276634000 GCTaskThread "GC Thread#0" [stack: 0x000000dd96c00000,0x000000dd96d00000] [id=11104]
  0x0000028211dd7800 GCTaskThread "GC Thread#1" [stack: 0x000000dd97d00000,0x000000dd97e00000] [id=5644]
  0x0000028213610800 GCTaskThread "GC Thread#2" [stack: 0x000000dd98800000,0x000000dd98900000] [id=12088]
  0x0000028213b72800 GCTaskThread "GC Thread#3" [stack: 0x000000dd98900000,0x000000dd98a00000] [id=7044]
  0x0000028276664800 ConcurrentGCThread "G1 Main Marker" [stack: 0x000000dd96d00000,0x000000dd96e00000] [id=7692]
  0x0000028276665800 ConcurrentGCThread "G1 Conc#0" [stack: 0x000000dd96e00000,0x000000dd96f00000] [id=10740]
  0x00000282766e0800 ConcurrentGCThread "G1 Refine#0" [stack: 0x000000dd96f00000,0x000000dd97000000] [id=2956]
  0x00000282766e1800 ConcurrentGCThread "G1 Young RemSet Sampling" [stack: 0x000000dd97000000,0x000000dd97100000] [id=2040]

Threads with active compile tasks:
C2 CompilerThread0  26837 15253       4       android.databinding.tool.reflection.SdkUtil$ApiChecker::buildFullLookup (252 bytes)

VM state:at safepoint (normal execution)

VM Mutex/Monitor currently owned by a thread:  ([mutex/lock_event])
[0x0000028276618090] Threads_lock - owner thread: 0x000002827f917800
[0x0000028276616fb0] Heap_lock - owner thread: 0x0000028213db9000

Heap address: 0x0000000080000000, size: 2048 MB, Compressed Oops mode: 32-bit
Narrow klass base: 0x0000000000000000, Narrow klass shift: 3
Compressed class space size: 1073741824 Address: 0x0000000100000000

Heap:
 garbage-first heap   total 542720K, used 279040K [0x0000000080000000, 0x0000000100000000)
  region size 1024K, 2 young (2048K), 2 survivors (2048K)
 Metaspace       used 121636K, capacity 124639K, committed 124844K, reserved 1157120K
  class space    used 15364K, capacity 16472K, committed 16588K, reserved 1048576K
Heap Regions: E=young(eden), S=young(survivor), O=old, HS=humongous(starts), HC=humongous(continues), CS=collection set, F=free, A=archive, TAMS=top-at-mark-start (previous, next)
|   0|0x0000000080000000, 0x0000000080100000, 0x0000000080100000|100%| O|  |TAMS 0x0000000080100000, 0x0000000080100000| Untracked 
|   1|0x0000000080100000, 0x0000000080200000, 0x0000000080200000|100%| O|  |TAMS 0x0000000080200000, 0x0000000080200000| Untracked 
|   2|0x0000000080200000, 0x0000000080300000, 0x0000000080300000|100%| O|  |TAMS 0x0000000080300000, 0x0000000080300000| Untracked 
|   3|0x0000000080300000, 0x0000000080400000, 0x0000000080400000|100%|HS|  |TAMS 0x0000000080400000, 0x0000000080400000| Complete 
|   4|0x0000000080400000, 0x0000000080500000, 0x0000000080500000|100%|HC|  |TAMS 0x0000000080500000, 0x0000000080500000| Complete 
|   5|0x0000000080500000, 0x0000000080600000, 0x0000000080600000|100%|HC|  |TAMS 0x0000000080600000, 0x0000000080600000| Complete 
|   6|0x0000000080600000, 0x0000000080700000, 0x0000000080700000|100%| O|  |TAMS 0x0000000080700000, 0x0000000080700000| Untracked 
|   7|0x0000000080700000, 0x0000000080800000, 0x0000000080800000|100%| O|  |TAMS 0x0000000080800000, 0x0000000080800000| Untracked 
|   8|0x0000000080800000, 0x0000000080900000, 0x0000000080900000|100%| O|  |TAMS 0x0000000080900000, 0x0000000080900000| Untracked 
|   9|0x0000000080900000, 0x0000000080a00000, 0x0000000080a00000|100%| O|  |TAMS 0x0000000080a00000, 0x0000000080a00000| Untracked 
|  10|0x0000000080a00000, 0x0000000080b00000, 0x0000000080b00000|100%| O|  |TAMS 0x0000000080b00000, 0x0000000080b00000| Untracked 
|  11|0x0000000080b00000, 0x0000000080c00000, 0x0000000080c00000|100%| O|  |TAMS 0x0000000080c00000, 0x0000000080c00000| Untracked 
|  12|0x0000000080c00000, 0x0000000080d00000, 0x0000000080d00000|100%| O|  |TAMS 0x0000000080d00000, 0x0000000080d00000| Untracked 
|  13|0x0000000080d00000, 0x0000000080e00000, 0x0000000080e00000|100%| O|  |TAMS 0x0000000080e00000, 0x0000000080e00000| Untracked 
|  14|0x0000000080e00000, 0x0000000080f00000, 0x0000000080f00000|100%| O|  |TAMS 0x0000000080f00000, 0x0000000080f00000| Untracked 
|  15|0x0000000080f00000, 0x0000000081000000, 0x0000000081000000|100%| O|  |TAMS 0x0000000081000000, 0x0000000081000000| Untracked 
|  16|0x0000000081000000, 0x0000000081100000, 0x0000000081100000|100%| O|  |TAMS 0x0000000081100000, 0x0000000081100000| Untracked 
|  17|0x0000000081100000, 0x0000000081200000, 0x0000000081200000|100%| O|  |TAMS 0x0000000081200000, 0x0000000081200000| Untracked 
|  18|0x0000000081200000, 0x0000000081300000, 0x0000000081300000|100%| O|  |TAMS 0x0000000081300000, 0x0000000081300000| Untracked 
|  19|0x0000000081300000, 0x0000000081400000, 0x0000000081400000|100%| O|  |TAMS 0x0000000081400000, 0x0000000081400000| Untracked 
|  20|0x0000000081400000, 0x0000000081500000, 0x0000000081500000|100%| O|  |TAMS 0x0000000081500000, 0x0000000081500000| Untracked 
|  21|0x0000000081500000, 0x0000000081600000, 0x0000000081600000|100%| O|  |TAMS 0x0000000081600000, 0x0000000081600000| Untracked 
|  22|0x0000000081600000, 0x0000000081700000, 0x0000000081700000|100%| O|  |TAMS 0x0000000081700000, 0x0000000081700000| Untracked 
|  23|0x0000000081700000, 0x0000000081800000, 0x0000000081800000|100%| O|  |TAMS 0x0000000081800000, 0x0000000081800000| Untracked 
|  24|0x0000000081800000, 0x0000000081900000, 0x0000000081900000|100%| O|  |TAMS 0x0000000081900000, 0x0000000081900000| Untracked 
|  25|0x0000000081900000, 0x0000000081a00000, 0x0000000081a00000|100%| O|  |TAMS 0x0000000081a00000, 0x0000000081a00000| Untracked 
|  26|0x0000000081a00000, 0x0000000081b00000, 0x0000000081b00000|100%|HS|  |TAMS 0x0000000081b00000, 0x0000000081b00000| Complete 
|  27|0x0000000081b00000, 0x0000000081c00000, 0x0000000081c00000|100%|HS|  |TAMS 0x0000000081c00000, 0x0000000081c00000| Complete 
|  28|0x0000000081c00000, 0x0000000081d00000, 0x0000000081d00000|100%|HS|  |TAMS 0x0000000081d00000, 0x0000000081d00000| Complete 
|  29|0x0000000081d00000, 0x0000000081e00000, 0x0000000081e00000|100%|HS|  |TAMS 0x0000000081e00000, 0x0000000081e00000| Complete 
|  30|0x0000000081e00000, 0x0000000081f00000, 0x0000000081f00000|100%|HS|  |TAMS 0x0000000081f00000, 0x0000000081f00000| Complete 
|  31|0x0000000081f00000, 0x0000000082000000, 0x0000000082000000|100%|HC|  |TAMS 0x0000000082000000, 0x0000000082000000| Complete 
|  32|0x0000000082000000, 0x0000000082100000, 0x0000000082100000|100%|HC|  |TAMS 0x0000000082100000, 0x0000000082100000| Complete 
|  33|0x0000000082100000, 0x0000000082200000, 0x0000000082200000|100%|HS|  |TAMS 0x0000000082200000, 0x0000000082200000| Complete 
|  34|0x0000000082200000, 0x0000000082300000, 0x0000000082300000|100%|HC|  |TAMS 0x0000000082300000, 0x0000000082300000| Complete 
|  35|0x0000000082300000, 0x0000000082400000, 0x0000000082400000|100%| O|  |TAMS 0x0000000082400000, 0x0000000082400000| Untracked 
|  36|0x0000000082400000, 0x0000000082500000, 0x0000000082500000|100%| O|  |TAMS 0x0000000082500000, 0x0000000082500000| Untracked 
|  37|0x0000000082500000, 0x0000000082600000, 0x0000000082600000|100%| O|  |TAMS 0x0000000082600000, 0x0000000082600000| Untracked 
|  38|0x0000000082600000, 0x0000000082700000, 0x0000000082700000|100%| O|  |TAMS 0x0000000082700000, 0x0000000082700000| Untracked 
|  39|0x0000000082700000, 0x0000000082800000, 0x0000000082800000|100%| O|  |TAMS 0x0000000082800000, 0x0000000082800000| Untracked 
|  40|0x0000000082800000, 0x0000000082900000, 0x0000000082900000|100%| O|  |TAMS 0x0000000082900000, 0x0000000082900000| Untracked 
|  41|0x0000000082900000, 0x0000000082a00000, 0x0000000082a00000|100%| O|  |TAMS 0x0000000082a00000, 0x0000000082a00000| Untracked 
|  42|0x0000000082a00000, 0x0000000082b00000, 0x0000000082b00000|100%| O|  |TAMS 0x0000000082b00000, 0x0000000082b00000| Untracked 
|  43|0x0000000082b00000, 0x0000000082c00000, 0x0000000082c00000|100%| O|  |TAMS 0x0000000082c00000, 0x0000000082c00000| Untracked 
|  44|0x0000000082c00000, 0x0000000082d00000, 0x0000000082d00000|100%| O|  |TAMS 0x0000000082d00000, 0x0000000082d00000| Untracked 
|  45|0x0000000082d00000, 0x0000000082e00000, 0x0000000082e00000|100%| O|  |TAMS 0x0000000082e00000, 0x0000000082e00000| Untracked 
|  46|0x0000000082e00000, 0x0000000082f00000, 0x0000000082f00000|100%| O|  |TAMS 0x0000000082f00000, 0x0000000082f00000| Untracked 
|  47|0x0000000082f00000, 0x0000000083000000, 0x0000000083000000|100%| O|  |TAMS 0x0000000083000000, 0x0000000083000000| Untracked 
|  48|0x0000000083000000, 0x0000000083100000, 0x0000000083100000|100%| O|  |TAMS 0x0000000083100000, 0x0000000083100000| Untracked 
|  49|0x0000000083100000, 0x0000000083200000, 0x0000000083200000|100%| O|  |TAMS 0x0000000083200000, 0x0000000083200000| Untracked 
|  50|0x0000000083200000, 0x0000000083300000, 0x0000000083300000|100%| O|  |TAMS 0x0000000083300000, 0x0000000083300000| Untracked 
|  51|0x0000000083300000, 0x0000000083400000, 0x0000000083400000|100%| O|  |TAMS 0x0000000083400000, 0x0000000083400000| Untracked 
|  52|0x0000000083400000, 0x0000000083500000, 0x0000000083500000|100%| O|  |TAMS 0x0000000083500000, 0x0000000083500000| Untracked 
|  53|0x0000000083500000, 0x0000000083600000, 0x0000000083600000|100%| O|  |TAMS 0x0000000083600000, 0x0000000083600000| Untracked 
|  54|0x0000000083600000, 0x0000000083700000, 0x0000000083700000|100%| O|  |TAMS 0x0000000083700000, 0x0000000083700000| Untracked 
|  55|0x0000000083700000, 0x0000000083800000, 0x0000000083800000|100%| O|  |TAMS 0x0000000083800000, 0x0000000083800000| Untracked 
|  56|0x0000000083800000, 0x0000000083900000, 0x0000000083900000|100%| O|  |TAMS 0x0000000083900000, 0x0000000083900000| Untracked 
|  57|0x0000000083900000, 0x0000000083a00000, 0x0000000083a00000|100%| O|  |TAMS 0x0000000083a00000, 0x0000000083a00000| Untracked 
|  58|0x0000000083a00000, 0x0000000083b00000, 0x0000000083b00000|100%| O|  |TAMS 0x0000000083b00000, 0x0000000083b00000| Untracked 
|  59|0x0000000083b00000, 0x0000000083c00000, 0x0000000083c00000|100%| O|  |TAMS 0x0000000083c00000, 0x0000000083c00000| Untracked 
|  60|0x0000000083c00000, 0x0000000083d00000, 0x0000000083d00000|100%| O|  |TAMS 0x0000000083d00000, 0x0000000083d00000| Untracked 
|  61|0x0000000083d00000, 0x0000000083e00000, 0x0000000083e00000|100%| O|  |TAMS 0x0000000083e00000, 0x0000000083e00000| Untracked 
|  62|0x0000000083e00000, 0x0000000083f00000, 0x0000000083f00000|100%| O|  |TAMS 0x0000000083f00000, 0x0000000083f00000| Untracked 
|  63|0x0000000083f00000, 0x0000000084000000, 0x0000000084000000|100%| O|  |TAMS 0x0000000084000000, 0x0000000084000000| Untracked 
|  64|0x0000000084000000, 0x0000000084100000, 0x0000000084100000|100%| O|  |TAMS 0x0000000084100000, 0x0000000084100000| Untracked 
|  65|0x0000000084100000, 0x0000000084200000, 0x0000000084200000|100%| O|  |TAMS 0x0000000084200000, 0x0000000084200000| Untracked 
|  66|0x0000000084200000, 0x0000000084300000, 0x0000000084300000|100%| O|  |TAMS 0x0000000084300000, 0x0000000084300000| Untracked 
|  67|0x0000000084300000, 0x0000000084400000, 0x0000000084400000|100%| O|  |TAMS 0x0000000084400000, 0x0000000084400000| Untracked 
|  68|0x0000000084400000, 0x0000000084500000, 0x0000000084500000|100%| O|  |TAMS 0x0000000084500000, 0x0000000084500000| Untracked 
|  69|0x0000000084500000, 0x0000000084600000, 0x0000000084600000|100%| O|  |TAMS 0x0000000084600000, 0x0000000084600000| Untracked 
|  70|0x0000000084600000, 0x0000000084700000, 0x0000000084700000|100%| O|  |TAMS 0x0000000084700000, 0x0000000084700000| Untracked 
|  71|0x0000000084700000, 0x0000000084800000, 0x0000000084800000|100%| O|  |TAMS 0x0000000084800000, 0x0000000084800000| Untracked 
|  72|0x0000000084800000, 0x0000000084900000, 0x0000000084900000|100%| O|  |TAMS 0x0000000084900000, 0x0000000084900000| Untracked 
|  73|0x0000000084900000, 0x0000000084a00000, 0x0000000084a00000|100%| O|  |TAMS 0x0000000084a00000, 0x0000000084a00000| Untracked 
|  74|0x0000000084a00000, 0x0000000084b00000, 0x0000000084b00000|100%| O|  |TAMS 0x0000000084b00000, 0x0000000084b00000| Untracked 
|  75|0x0000000084b00000, 0x0000000084c00000, 0x0000000084c00000|100%| O|  |TAMS 0x0000000084c00000, 0x0000000084c00000| Untracked 
|  76|0x0000000084c00000, 0x0000000084d00000, 0x0000000084d00000|100%| O|  |TAMS 0x0000000084d00000, 0x0000000084d00000| Untracked 
|  77|0x0000000084d00000, 0x0000000084e00000, 0x0000000084e00000|100%| O|  |TAMS 0x0000000084e00000, 0x0000000084e00000| Untracked 
|  78|0x0000000084e00000, 0x0000000084f00000, 0x0000000084f00000|100%| O|  |TAMS 0x0000000084f00000, 0x0000000084f00000| Untracked 
|  79|0x0000000084f00000, 0x0000000085000000, 0x0000000085000000|100%| O|  |TAMS 0x0000000085000000, 0x0000000085000000| Untracked 
|  80|0x0000000085000000, 0x0000000085100000, 0x0000000085100000|100%| O|  |TAMS 0x0000000085100000, 0x0000000085100000| Untracked 
|  81|0x0000000085100000, 0x0000000085200000, 0x0000000085200000|100%| O|  |TAMS 0x0000000085200000, 0x0000000085200000| Untracked 
|  82|0x0000000085200000, 0x0000000085300000, 0x0000000085300000|100%| O|  |TAMS 0x0000000085300000, 0x0000000085300000| Untracked 
|  83|0x0000000085300000, 0x0000000085400000, 0x0000000085400000|100%| O|  |TAMS 0x0000000085400000, 0x0000000085400000| Untracked 
|  84|0x0000000085400000, 0x0000000085500000, 0x0000000085500000|100%| O|  |TAMS 0x0000000085500000, 0x0000000085500000| Untracked 
|  85|0x0000000085500000, 0x0000000085600000, 0x0000000085600000|100%| O|  |TAMS 0x0000000085600000, 0x0000000085600000| Untracked 
|  86|0x0000000085600000, 0x0000000085700000, 0x0000000085700000|100%| O|  |TAMS 0x0000000085700000, 0x0000000085700000| Untracked 
|  87|0x0000000085700000, 0x0000000085800000, 0x0000000085800000|100%| O|  |TAMS 0x0000000085800000, 0x0000000085800000| Untracked 
|  88|0x0000000085800000, 0x0000000085900000, 0x0000000085900000|100%| O|  |TAMS 0x0000000085900000, 0x0000000085900000| Untracked 
|  89|0x0000000085900000, 0x0000000085a00000, 0x0000000085a00000|100%| O|  |TAMS 0x0000000085a00000, 0x0000000085a00000| Untracked 
|  90|0x0000000085a00000, 0x0000000085b00000, 0x0000000085b00000|100%| O|  |TAMS 0x0000000085b00000, 0x0000000085b00000| Untracked 
|  91|0x0000000085b00000, 0x0000000085c00000, 0x0000000085c00000|100%| O|  |TAMS 0x0000000085c00000, 0x0000000085c00000| Untracked 
|  92|0x0000000085c00000, 0x0000000085d00000, 0x0000000085d00000|100%| O|  |TAMS 0x0000000085d00000, 0x0000000085d00000| Untracked 
|  93|0x0000000085d00000, 0x0000000085e00000, 0x0000000085e00000|100%| O|  |TAMS 0x0000000085e00000, 0x0000000085e00000| Untracked 
|  94|0x0000000085e00000, 0x0000000085f00000, 0x0000000085f00000|100%| O|  |TAMS 0x0000000085f00000, 0x0000000085f00000| Untracked 
|  95|0x0000000085f00000, 0x0000000086000000, 0x0000000086000000|100%| O|  |TAMS 0x0000000086000000, 0x0000000086000000| Untracked 
|  96|0x0000000086000000, 0x0000000086100000, 0x0000000086100000|100%| O|  |TAMS 0x0000000086100000, 0x0000000086100000| Untracked 
|  97|0x0000000086100000, 0x0000000086200000, 0x0000000086200000|100%| O|  |TAMS 0x0000000086200000, 0x0000000086200000| Untracked 
|  98|0x0000000086200000, 0x0000000086300000, 0x0000000086300000|100%| O|  |TAMS 0x0000000086300000, 0x0000000086300000| Untracked 
|  99|0x0000000086300000, 0x0000000086400000, 0x0000000086400000|100%|HS|  |TAMS 0x0000000086400000, 0x0000000086400000| Complete 
| 100|0x0000000086400000, 0x0000000086500000, 0x0000000086500000|100%|HC|  |TAMS 0x0000000086500000, 0x0000000086500000| Complete 
| 101|0x0000000086500000, 0x0000000086600000, 0x0000000086600000|100%|HC|  |TAMS 0x0000000086600000, 0x0000000086600000| Complete 
| 102|0x0000000086600000, 0x0000000086700000, 0x0000000086700000|100%| O|  |TAMS 0x0000000086700000, 0x0000000086700000| Untracked 
| 103|0x0000000086700000, 0x0000000086800000, 0x0000000086800000|100%| O|  |TAMS 0x0000000086800000, 0x0000000086800000| Untracked 
| 104|0x0000000086800000, 0x0000000086900000, 0x0000000086900000|100%|HS|  |TAMS 0x0000000086900000, 0x0000000086900000| Complete 
| 105|0x0000000086900000, 0x0000000086a00000, 0x0000000086a00000|100%| O|  |TAMS 0x0000000086a00000, 0x0000000086a00000| Untracked 
| 106|0x0000000086a00000, 0x0000000086b00000, 0x0000000086b00000|100%| O|  |TAMS 0x0000000086b00000, 0x0000000086b00000| Untracked 
| 107|0x0000000086b00000, 0x0000000086c00000, 0x0000000086c00000|100%| O|  |TAMS 0x0000000086c00000, 0x0000000086c00000| Untracked 
| 108|0x0000000086c00000, 0x0000000086d00000, 0x0000000086d00000|100%| O|  |TAMS 0x0000000086d00000, 0x0000000086d00000| Untracked 
| 109|0x0000000086d00000, 0x0000000086e00000, 0x0000000086e00000|100%| O|  |TAMS 0x0000000086e00000, 0x0000000086e00000| Untracked 
| 110|0x0000000086e00000, 0x0000000086f00000, 0x0000000086f00000|100%| O|  |TAMS 0x0000000086f00000, 0x0000000086f00000| Untracked 
| 111|0x0000000086f00000, 0x0000000087000000, 0x0000000087000000|100%|HS|  |TAMS 0x0000000087000000, 0x0000000087000000| Complete 
| 112|0x0000000087000000, 0x0000000087100000, 0x0000000087100000|100%|HC|  |TAMS 0x0000000087100000, 0x0000000087100000| Complete 
| 113|0x0000000087100000, 0x0000000087200000, 0x0000000087200000|100%| O|  |TAMS 0x0000000087200000, 0x0000000087200000| Untracked 
| 114|0x0000000087200000, 0x0000000087300000, 0x0000000087300000|100%| O|  |TAMS 0x0000000087300000, 0x0000000087300000| Untracked 
| 115|0x0000000087300000, 0x0000000087400000, 0x0000000087400000|100%| O|  |TAMS 0x0000000087400000, 0x0000000087400000| Untracked 
| 116|0x0000000087400000, 0x0000000087500000, 0x0000000087500000|100%| O|  |TAMS 0x0000000087500000, 0x0000000087500000| Untracked 
| 117|0x0000000087500000, 0x0000000087600000, 0x0000000087600000|100%| O|  |TAMS 0x0000000087600000, 0x0000000087600000| Untracked 
| 118|0x0000000087600000, 0x0000000087700000, 0x0000000087700000|100%| O|  |TAMS 0x0000000087700000, 0x0000000087700000| Untracked 
| 119|0x0000000087700000, 0x0000000087800000, 0x0000000087800000|100%| O|  |TAMS 0x0000000087800000, 0x0000000087800000| Untracked 
| 120|0x0000000087800000, 0x0000000087900000, 0x0000000087900000|100%| O|  |TAMS 0x0000000087900000, 0x0000000087900000| Untracked 
| 121|0x0000000087900000, 0x0000000087a00000, 0x0000000087a00000|100%| O|  |TAMS 0x0000000087a00000, 0x0000000087a00000| Untracked 
| 122|0x0000000087a00000, 0x0000000087b00000, 0x0000000087b00000|100%| O|  |TAMS 0x0000000087b00000, 0x0000000087b00000| Untracked 
| 123|0x0000000087b00000, 0x0000000087c00000, 0x0000000087c00000|100%| O|  |TAMS 0x0000000087c00000, 0x0000000087c00000| Untracked 
| 124|0x0000000087c00000, 0x0000000087d00000, 0x0000000087d00000|100%| O|  |TAMS 0x0000000087d00000, 0x0000000087d00000| Untracked 
| 125|0x0000000087d00000, 0x0000000087e00000, 0x0000000087e00000|100%| O|  |TAMS 0x0000000087e00000, 0x0000000087e00000| Untracked 
| 126|0x0000000087e00000, 0x0000000087f00000, 0x0000000087f00000|100%| O|  |TAMS 0x0000000087f00000, 0x0000000087f00000| Untracked 
| 127|0x0000000087f00000, 0x0000000088000000, 0x0000000088000000|100%| O|  |TAMS 0x0000000088000000, 0x0000000088000000| Untracked 
| 128|0x0000000088000000, 0x0000000088100000, 0x0000000088100000|100%| O|  |TAMS 0x0000000088100000, 0x0000000088100000| Untracked 
| 129|0x0000000088100000, 0x0000000088200000, 0x0000000088200000|100%| O|  |TAMS 0x0000000088200000, 0x0000000088200000| Untracked 
| 130|0x0000000088200000, 0x0000000088300000, 0x0000000088300000|100%| O|  |TAMS 0x0000000088300000, 0x0000000088300000| Untracked 
| 131|0x0000000088300000, 0x0000000088400000, 0x0000000088400000|100%| O|  |TAMS 0x0000000088400000, 0x0000000088400000| Untracked 
| 132|0x0000000088400000, 0x0000000088500000, 0x0000000088500000|100%| O|  |TAMS 0x0000000088500000, 0x0000000088500000| Untracked 
| 133|0x0000000088500000, 0x0000000088600000, 0x0000000088600000|100%| O|  |TAMS 0x0000000088600000, 0x0000000088600000| Untracked 
| 134|0x0000000088600000, 0x0000000088700000, 0x0000000088700000|100%| O|  |TAMS 0x0000000088700000, 0x0000000088700000| Untracked 
| 135|0x0000000088700000, 0x0000000088800000, 0x0000000088800000|100%| O|  |TAMS 0x0000000088800000, 0x0000000088800000| Untracked 
| 136|0x0000000088800000, 0x0000000088900000, 0x0000000088900000|100%| O|  |TAMS 0x0000000088900000, 0x0000000088900000| Untracked 
| 137|0x0000000088900000, 0x0000000088a00000, 0x0000000088a00000|100%| O|  |TAMS 0x0000000088a00000, 0x0000000088a00000| Untracked 
| 138|0x0000000088a00000, 0x0000000088b00000, 0x0000000088b00000|100%| O|  |TAMS 0x0000000088b00000, 0x0000000088b00000| Untracked 
| 139|0x0000000088b00000, 0x0000000088c00000, 0x0000000088c00000|100%| O|  |TAMS 0x0000000088c00000, 0x0000000088c00000| Untracked 
| 140|0x0000000088c00000, 0x0000000088d00000, 0x0000000088d00000|100%| O|  |TAMS 0x0000000088d00000, 0x0000000088d00000| Untracked 
| 141|0x0000000088d00000, 0x0000000088e00000, 0x0000000088e00000|100%| O|  |TAMS 0x0000000088e00000, 0x0000000088e00000| Untracked 
| 142|0x0000000088e00000, 0x0000000088f00000, 0x0000000088f00000|100%| O|  |TAMS 0x0000000088f00000, 0x0000000088f00000| Untracked 
| 143|0x0000000088f00000, 0x0000000089000000, 0x0000000089000000|100%| O|  |TAMS 0x0000000089000000, 0x0000000089000000| Untracked 
| 144|0x0000000089000000, 0x0000000089100000, 0x0000000089100000|100%| O|  |TAMS 0x0000000089100000, 0x0000000089100000| Untracked 
| 145|0x0000000089100000, 0x0000000089200000, 0x0000000089200000|100%| O|  |TAMS 0x0000000089200000, 0x0000000089200000| Untracked 
| 146|0x0000000089200000, 0x0000000089300000, 0x0000000089300000|100%| O|  |TAMS 0x0000000089300000, 0x0000000089300000| Untracked 
| 147|0x0000000089300000, 0x0000000089400000, 0x0000000089400000|100%| O|  |TAMS 0x0000000089400000, 0x0000000089400000| Untracked 
| 148|0x0000000089400000, 0x0000000089500000, 0x0000000089500000|100%| O|  |TAMS 0x0000000089500000, 0x0000000089500000| Untracked 
| 149|0x0000000089500000, 0x0000000089600000, 0x0000000089600000|100%| O|  |TAMS 0x0000000089600000, 0x0000000089600000| Untracked 
| 150|0x0000000089600000, 0x0000000089700000, 0x0000000089700000|100%| O|  |TAMS 0x0000000089700000, 0x0000000089700000| Untracked 
| 151|0x0000000089700000, 0x0000000089800000, 0x0000000089800000|100%| O|  |TAMS 0x0000000089800000, 0x0000000089800000| Untracked 
| 152|0x0000000089800000, 0x0000000089900000, 0x0000000089900000|100%| O|  |TAMS 0x0000000089900000, 0x0000000089900000| Untracked 
| 153|0x0000000089900000, 0x0000000089a00000, 0x0000000089a00000|100%| O|  |TAMS 0x0000000089a00000, 0x0000000089a00000| Untracked 
| 154|0x0000000089a00000, 0x0000000089b00000, 0x0000000089b00000|100%| O|  |TAMS 0x0000000089b00000, 0x0000000089b00000| Untracked 
| 155|0x0000000089b00000, 0x0000000089c00000, 0x0000000089c00000|100%| O|  |TAMS 0x0000000089c00000, 0x0000000089c00000| Untracked 
| 156|0x0000000089c00000, 0x0000000089d00000, 0x0000000089d00000|100%| O|  |TAMS 0x0000000089d00000, 0x0000000089d00000| Untracked 
| 157|0x0000000089d00000, 0x0000000089e00000, 0x0000000089e00000|100%| O|  |TAMS 0x0000000089e00000, 0x0000000089e00000| Untracked 
| 158|0x0000000089e00000, 0x0000000089f00000, 0x0000000089f00000|100%| O|  |TAMS 0x0000000089f00000, 0x0000000089f00000| Untracked 
| 159|0x0000000089f00000, 0x000000008a000000, 0x000000008a000000|100%| O|  |TAMS 0x000000008a000000, 0x000000008a000000| Untracked 
| 160|0x000000008a000000, 0x000000008a100000, 0x000000008a100000|100%| O|  |TAMS 0x000000008a100000, 0x000000008a100000| Untracked 
| 161|0x000000008a100000, 0x000000008a200000, 0x000000008a200000|100%| O|  |TAMS 0x000000008a200000, 0x000000008a200000| Untracked 
| 162|0x000000008a200000, 0x000000008a300000, 0x000000008a300000|100%| O|  |TAMS 0x000000008a300000, 0x000000008a300000| Untracked 
| 163|0x000000008a300000, 0x000000008a400000, 0x000000008a400000|100%| O|  |TAMS 0x000000008a400000, 0x000000008a400000| Untracked 
| 164|0x000000008a400000, 0x000000008a500000, 0x000000008a500000|100%| O|  |TAMS 0x000000008a500000, 0x000000008a500000| Untracked 
| 165|0x000000008a500000, 0x000000008a600000, 0x000000008a600000|100%| O|  |TAMS 0x000000008a600000, 0x000000008a600000| Untracked 
| 166|0x000000008a600000, 0x000000008a700000, 0x000000008a700000|100%| O|  |TAMS 0x000000008a700000, 0x000000008a700000| Untracked 
| 167|0x000000008a700000, 0x000000008a800000, 0x000000008a800000|100%| O|  |TAMS 0x000000008a800000, 0x000000008a800000| Untracked 
| 168|0x000000008a800000, 0x000000008a900000, 0x000000008a900000|100%| O|  |TAMS 0x000000008a900000, 0x000000008a900000| Untracked 
| 169|0x000000008a900000, 0x000000008aa00000, 0x000000008aa00000|100%| O|  |TAMS 0x000000008aa00000, 0x000000008aa00000| Untracked 
| 170|0x000000008aa00000, 0x000000008ab00000, 0x000000008ab00000|100%| O|  |TAMS 0x000000008ab00000, 0x000000008ab00000| Untracked 
| 171|0x000000008ab00000, 0x000000008ac00000, 0x000000008ac00000|100%| O|  |TAMS 0x000000008ac00000, 0x000000008ac00000| Untracked 
| 172|0x000000008ac00000, 0x000000008ad00000, 0x000000008ad00000|100%| O|  |TAMS 0x000000008ad00000, 0x000000008ad00000| Untracked 
| 173|0x000000008ad00000, 0x000000008ae00000, 0x000000008ae00000|100%|HS|  |TAMS 0x000000008ae00000, 0x000000008ae00000| Complete 
| 174|0x000000008ae00000, 0x000000008af00000, 0x000000008af00000|100%|HC|  |TAMS 0x000000008af00000, 0x000000008af00000| Complete 
| 175|0x000000008af00000, 0x000000008b000000, 0x000000008b000000|100%| O|  |TAMS 0x000000008b000000, 0x000000008b000000| Untracked 
| 176|0x000000008b000000, 0x000000008b100000, 0x000000008b100000|100%| O|  |TAMS 0x000000008b100000, 0x000000008b100000| Untracked 
| 177|0x000000008b100000, 0x000000008b200000, 0x000000008b200000|100%| O|  |TAMS 0x000000008b200000, 0x000000008b200000| Untracked 
| 178|0x000000008b200000, 0x000000008b300000, 0x000000008b300000|100%| O|  |TAMS 0x000000008b300000, 0x000000008b300000| Untracked 
| 179|0x000000008b300000, 0x000000008b400000, 0x000000008b400000|100%| O|  |TAMS 0x000000008b400000, 0x000000008b400000| Untracked 
| 180|0x000000008b400000, 0x000000008b500000, 0x000000008b500000|100%| O|  |TAMS 0x000000008b500000, 0x000000008b500000| Untracked 
| 181|0x000000008b500000, 0x000000008b600000, 0x000000008b600000|100%| O|  |TAMS 0x000000008b600000, 0x000000008b600000| Untracked 
| 182|0x000000008b600000, 0x000000008b700000, 0x000000008b700000|100%| O|  |TAMS 0x000000008b700000, 0x000000008b700000| Untracked 
| 183|0x000000008b700000, 0x000000008b800000, 0x000000008b800000|100%| O|  |TAMS 0x000000008b800000, 0x000000008b800000| Untracked 
| 184|0x000000008b800000, 0x000000008b900000, 0x000000008b900000|100%| O|  |TAMS 0x000000008b900000, 0x000000008b900000| Untracked 
| 185|0x000000008b900000, 0x000000008ba00000, 0x000000008ba00000|100%| O|  |TAMS 0x000000008ba00000, 0x000000008ba00000| Untracked 
| 186|0x000000008ba00000, 0x000000008bb00000, 0x000000008bb00000|100%| O|  |TAMS 0x000000008bb00000, 0x000000008bb00000| Untracked 
| 187|0x000000008bb00000, 0x000000008bc00000, 0x000000008bc00000|100%| O|  |TAMS 0x000000008bc00000, 0x000000008bc00000| Untracked 
| 188|0x000000008bc00000, 0x000000008bd00000, 0x000000008bd00000|100%| O|  |TAMS 0x000000008bd00000, 0x000000008bd00000| Untracked 
| 189|0x000000008bd00000, 0x000000008be00000, 0x000000008be00000|100%| O|  |TAMS 0x000000008be00000, 0x000000008be00000| Untracked 
| 190|0x000000008be00000, 0x000000008bf00000, 0x000000008bf00000|100%| O|  |TAMS 0x000000008bf00000, 0x000000008bf00000| Untracked 
| 191|0x000000008bf00000, 0x000000008c000000, 0x000000008c000000|100%| O|  |TAMS 0x000000008c000000, 0x000000008c000000| Untracked 
| 192|0x000000008c000000, 0x000000008c100000, 0x000000008c100000|100%| O|  |TAMS 0x000000008c100000, 0x000000008c100000| Untracked 
| 193|0x000000008c100000, 0x000000008c200000, 0x000000008c200000|100%| O|  |TAMS 0x000000008c200000, 0x000000008c200000| Untracked 
| 194|0x000000008c200000, 0x000000008c300000, 0x000000008c300000|100%| O|  |TAMS 0x000000008c300000, 0x000000008c300000| Untracked 
| 195|0x000000008c300000, 0x000000008c400000, 0x000000008c400000|100%| O|  |TAMS 0x000000008c400000, 0x000000008c400000| Untracked 
| 196|0x000000008c400000, 0x000000008c500000, 0x000000008c500000|100%| O|  |TAMS 0x000000008c500000, 0x000000008c500000| Untracked 
| 197|0x000000008c500000, 0x000000008c600000, 0x000000008c600000|100%| O|  |TAMS 0x000000008c600000, 0x000000008c600000| Untracked 
| 198|0x000000008c600000, 0x000000008c700000, 0x000000008c700000|100%| O|  |TAMS 0x000000008c6d0000, 0x000000008c700000| Untracked 
| 199|0x000000008c700000, 0x000000008c800000, 0x000000008c800000|100%| O|  |TAMS 0x000000008c700000, 0x000000008c800000| Untracked 
| 200|0x000000008c800000, 0x000000008c900000, 0x000000008c900000|100%| O|  |TAMS 0x000000008c800000, 0x000000008c900000| Untracked 
| 201|0x000000008c900000, 0x000000008ca00000, 0x000000008ca00000|100%| O|  |TAMS 0x000000008c900000, 0x000000008ca00000| Untracked 
| 202|0x000000008ca00000, 0x000000008cb00000, 0x000000008cb00000|100%| O|  |TAMS 0x000000008ca00000, 0x000000008cb00000| Untracked 
| 203|0x000000008cb00000, 0x000000008cc00000, 0x000000008cc00000|100%| O|  |TAMS 0x000000008cb00000, 0x000000008cc00000| Untracked 
| 204|0x000000008cc00000, 0x000000008cd00000, 0x000000008cd00000|100%| O|  |TAMS 0x000000008cc00000, 0x000000008cd00000| Untracked 
| 205|0x000000008cd00000, 0x000000008ce00000, 0x000000008ce00000|100%| O|  |TAMS 0x000000008cd00000, 0x000000008ce00000| Untracked 
| 206|0x000000008ce00000, 0x000000008cf00000, 0x000000008cf00000|100%| O|  |TAMS 0x000000008ce00000, 0x000000008cf00000| Untracked 
| 207|0x000000008cf00000, 0x000000008d000000, 0x000000008d000000|100%| O|  |TAMS 0x000000008cf00000, 0x000000008d000000| Untracked 
| 208|0x000000008d000000, 0x000000008d100000, 0x000000008d100000|100%| O|  |TAMS 0x000000008d000000, 0x000000008d100000| Untracked 
| 209|0x000000008d100000, 0x000000008d200000, 0x000000008d200000|100%| O|  |TAMS 0x000000008d100000, 0x000000008d200000| Untracked 
| 210|0x000000008d200000, 0x000000008d300000, 0x000000008d300000|100%| O|  |TAMS 0x000000008d200000, 0x000000008d300000| Untracked 
| 211|0x000000008d300000, 0x000000008d400000, 0x000000008d400000|100%| O|  |TAMS 0x000000008d300000, 0x000000008d400000| Untracked 
| 212|0x000000008d400000, 0x000000008d500000, 0x000000008d500000|100%| O|  |TAMS 0x000000008d400000, 0x000000008d500000| Untracked 
| 213|0x000000008d500000, 0x000000008d600000, 0x000000008d600000|100%| O|  |TAMS 0x000000008d500000, 0x000000008d600000| Untracked 
| 214|0x000000008d600000, 0x000000008d700000, 0x000000008d700000|100%| O|  |TAMS 0x000000008d600000, 0x000000008d700000| Untracked 
| 215|0x000000008d700000, 0x000000008d800000, 0x000000008d800000|100%| O|  |TAMS 0x000000008d700000, 0x000000008d800000| Untracked 
| 216|0x000000008d800000, 0x000000008d900000, 0x000000008d900000|100%| O|  |TAMS 0x000000008d800000, 0x000000008d900000| Untracked 
| 217|0x000000008d900000, 0x000000008da00000, 0x000000008da00000|100%| O|  |TAMS 0x000000008d900000, 0x000000008da00000| Untracked 
| 218|0x000000008da00000, 0x000000008db00000, 0x000000008db00000|100%| O|  |TAMS 0x000000008da00000, 0x000000008db00000| Untracked 
| 219|0x000000008db00000, 0x000000008dc00000, 0x000000008dc00000|100%| O|  |TAMS 0x000000008db00000, 0x000000008dc00000| Untracked 
| 220|0x000000008dc00000, 0x000000008dd00000, 0x000000008dd00000|100%| O|  |TAMS 0x000000008dc00000, 0x000000008dd00000| Untracked 
| 221|0x000000008dd00000, 0x000000008de00000, 0x000000008de00000|100%| O|  |TAMS 0x000000008dd00000, 0x000000008de00000| Untracked 
| 222|0x000000008de00000, 0x000000008df00000, 0x000000008df00000|100%| O|  |TAMS 0x000000008de00000, 0x000000008df00000| Untracked 
| 223|0x000000008df00000, 0x000000008e000000, 0x000000008e000000|100%| O|  |TAMS 0x000000008df00000, 0x000000008e000000| Untracked 
| 224|0x000000008e000000, 0x000000008e100000, 0x000000008e100000|100%| O|  |TAMS 0x000000008e000000, 0x000000008e100000| Untracked 
| 225|0x000000008e100000, 0x000000008e200000, 0x000000008e200000|100%| O|  |TAMS 0x000000008e100000, 0x000000008e200000| Untracked 
| 226|0x000000008e200000, 0x000000008e300000, 0x000000008e300000|100%| O|  |TAMS 0x000000008e200000, 0x000000008e300000| Untracked 
| 227|0x000000008e300000, 0x000000008e400000, 0x000000008e400000|100%| O|  |TAMS 0x000000008e300000, 0x000000008e400000| Untracked 
| 228|0x000000008e400000, 0x000000008e500000, 0x000000008e500000|100%| O|  |TAMS 0x000000008e400000, 0x000000008e500000| Untracked 
| 229|0x000000008e500000, 0x000000008e600000, 0x000000008e600000|100%| O|  |TAMS 0x000000008e500000, 0x000000008e600000| Untracked 
| 230|0x000000008e600000, 0x000000008e700000, 0x000000008e700000|100%| O|  |TAMS 0x000000008e600000, 0x000000008e700000| Untracked 
| 231|0x000000008e700000, 0x000000008e800000, 0x000000008e800000|100%| O|  |TAMS 0x000000008e700000, 0x000000008e800000| Untracked 
| 232|0x000000008e800000, 0x000000008e900000, 0x000000008e900000|100%| O|  |TAMS 0x000000008e800000, 0x000000008e900000| Untracked 
| 233|0x000000008e900000, 0x000000008ea00000, 0x000000008ea00000|100%| O|  |TAMS 0x000000008e900000, 0x000000008ea00000| Untracked 
| 234|0x000000008ea00000, 0x000000008eb00000, 0x000000008eb00000|100%| O|  |TAMS 0x000000008ea00000, 0x000000008eb00000| Untracked 
| 235|0x000000008eb00000, 0x000000008ec00000, 0x000000008ec00000|100%| O|  |TAMS 0x000000008eb00000, 0x000000008ec00000| Untracked 
| 236|0x000000008ec00000, 0x000000008ed00000, 0x000000008ed00000|100%| O|  |TAMS 0x000000008ec00000, 0x000000008ed00000| Untracked 
| 237|0x000000008ed00000, 0x000000008ee00000, 0x000000008ee00000|100%| O|  |TAMS 0x000000008ed00000, 0x000000008ee00000| Untracked 
| 238|0x000000008ee00000, 0x000000008ef00000, 0x000000008ef00000|100%| O|  |TAMS 0x000000008ee00000, 0x000000008ef00000| Untracked 
| 239|0x000000008ef00000, 0x000000008f000000, 0x000000008f000000|100%| O|  |TAMS 0x000000008ef00000, 0x000000008f000000| Untracked 
| 240|0x000000008f000000, 0x000000008f100000, 0x000000008f100000|100%| O|  |TAMS 0x000000008f000000, 0x000000008f100000| Untracked 
| 241|0x000000008f100000, 0x000000008f200000, 0x000000008f200000|100%| O|  |TAMS 0x000000008f100000, 0x000000008f200000| Untracked 
| 242|0x000000008f200000, 0x000000008f300000, 0x000000008f300000|100%| O|  |TAMS 0x000000008f200000, 0x000000008f300000| Untracked 
| 243|0x000000008f300000, 0x000000008f400000, 0x000000008f400000|100%| O|  |TAMS 0x000000008f300000, 0x000000008f400000| Untracked 
| 244|0x000000008f400000, 0x000000008f500000, 0x000000008f500000|100%| O|  |TAMS 0x000000008f400000, 0x000000008f500000| Untracked 
| 245|0x000000008f500000, 0x000000008f600000, 0x000000008f600000|100%| O|  |TAMS 0x000000008f500000, 0x000000008f600000| Untracked 
| 246|0x000000008f600000, 0x000000008f700000, 0x000000008f700000|100%| O|  |TAMS 0x000000008f600000, 0x000000008f700000| Untracked 
| 247|0x000000008f700000, 0x000000008f800000, 0x000000008f800000|100%| O|  |TAMS 0x000000008f700000, 0x000000008f800000| Untracked 
| 248|0x000000008f800000, 0x000000008f900000, 0x000000008f900000|100%| O|  |TAMS 0x000000008f800000, 0x000000008f900000| Untracked 
| 249|0x000000008f900000, 0x000000008fa00000, 0x000000008fa00000|100%| O|  |TAMS 0x000000008f900000, 0x000000008fa00000| Untracked 
| 250|0x000000008fa00000, 0x000000008fb00000, 0x000000008fb00000|100%| O|  |TAMS 0x000000008fa00000, 0x000000008fb00000| Untracked 
| 251|0x000000008fb00000, 0x000000008fc00000, 0x000000008fc00000|100%| O|  |TAMS 0x000000008fb00000, 0x000000008fc00000| Untracked 
| 252|0x000000008fc00000, 0x000000008fd00000, 0x000000008fd00000|100%| O|  |TAMS 0x000000008fc00000, 0x000000008fd00000| Untracked 
| 253|0x000000008fd00000, 0x000000008fe00000, 0x000000008fe00000|100%| O|  |TAMS 0x000000008fd00000, 0x000000008fe00000| Untracked 
| 254|0x000000008fe00000, 0x000000008ff00000, 0x000000008ff00000|100%| O|  |TAMS 0x000000008fe00000, 0x000000008ff00000| Untracked 
| 255|0x000000008ff00000, 0x0000000090000000, 0x0000000090000000|100%| O|  |TAMS 0x000000008ff00000, 0x0000000090000000| Untracked 
| 256|0x0000000090000000, 0x0000000090100000, 0x0000000090100000|100%| O|  |TAMS 0x0000000090000000, 0x0000000090100000| Untracked 
| 257|0x0000000090100000, 0x0000000090200000, 0x0000000090200000|100%| O|  |TAMS 0x0000000090100000, 0x0000000090100000| Untracked 
| 258|0x0000000090200000, 0x0000000090300000, 0x0000000090300000|100%| O|  |TAMS 0x0000000090200000, 0x0000000090200000| Untracked 
| 259|0x0000000090300000, 0x0000000090400000, 0x0000000090400000|100%| O|  |TAMS 0x0000000090300000, 0x0000000090300000| Untracked 
| 260|0x0000000090400000, 0x0000000090500000, 0x0000000090500000|100%| O|  |TAMS 0x0000000090400000, 0x0000000090400000| Untracked 
| 261|0x0000000090500000, 0x0000000090600000, 0x0000000090600000|100%| O|  |TAMS 0x0000000090500000, 0x0000000090500000| Untracked 
| 262|0x0000000090600000, 0x0000000090700000, 0x0000000090700000|100%| O|  |TAMS 0x0000000090600000, 0x0000000090600000| Untracked 
| 263|0x0000000090700000, 0x0000000090800000, 0x0000000090800000|100%| O|  |TAMS 0x0000000090700000, 0x0000000090700000| Untracked 
| 264|0x0000000090800000, 0x0000000090900000, 0x0000000090900000|100%| O|  |TAMS 0x0000000090800000, 0x0000000090800000| Untracked 
| 265|0x0000000090900000, 0x0000000090a00000, 0x0000000090a00000|100%| O|  |TAMS 0x0000000090900000, 0x0000000090900000| Untracked 
| 266|0x0000000090a00000, 0x0000000090b00000, 0x0000000090b00000|100%| O|  |TAMS 0x0000000090a00000, 0x0000000090a00000| Untracked 
| 267|0x0000000090b00000, 0x0000000090c00000, 0x0000000090c00000|100%| O|  |TAMS 0x0000000090b00000, 0x0000000090b00000| Untracked 
| 268|0x0000000090c00000, 0x0000000090d00000, 0x0000000090d00000|100%| O|  |TAMS 0x0000000090c00000, 0x0000000090c00000| Untracked 
| 269|0x0000000090d00000, 0x0000000090e00000, 0x0000000090e00000|100%| O|  |TAMS 0x0000000090d00000, 0x0000000090d00000| Untracked 
| 270|0x0000000090e00000, 0x0000000090e80000, 0x0000000090f00000| 50%| O|  |TAMS 0x0000000090e00000, 0x0000000090e00000| Untracked 
| 271|0x0000000090f00000, 0x0000000090f00000, 0x0000000091000000|  0%| F|  |TAMS 0x0000000090f00000, 0x0000000090f00000| Untracked 
| 272|0x0000000091000000, 0x0000000091000000, 0x0000000091100000|  0%| F|  |TAMS 0x0000000091000000, 0x0000000091000000| Untracked 
| 273|0x0000000091100000, 0x0000000091100000, 0x0000000091200000|  0%| F|  |TAMS 0x0000000091100000, 0x0000000091100000| Untracked 
| 274|0x0000000091200000, 0x0000000091200000, 0x0000000091300000|  0%| F|  |TAMS 0x0000000091200000, 0x0000000091200000| Untracked 
| 275|0x0000000091300000, 0x0000000091300000, 0x0000000091400000|  0%| F|  |TAMS 0x0000000091300000, 0x0000000091300000| Untracked 
| 276|0x0000000091400000, 0x0000000091400000, 0x0000000091500000|  0%| F|  |TAMS 0x0000000091400000, 0x0000000091400000| Untracked 
| 277|0x0000000091500000, 0x0000000091500000, 0x0000000091600000|  0%| F|  |TAMS 0x0000000091500000, 0x0000000091500000| Untracked 
| 278|0x0000000091600000, 0x0000000091600000, 0x0000000091700000|  0%| F|  |TAMS 0x0000000091600000, 0x0000000091600000| Untracked 
| 279|0x0000000091700000, 0x0000000091700000, 0x0000000091800000|  0%| F|  |TAMS 0x0000000091700000, 0x0000000091700000| Untracked 
| 280|0x0000000091800000, 0x0000000091800000, 0x0000000091900000|  0%| F|  |TAMS 0x0000000091800000, 0x0000000091800000| Untracked 
| 281|0x0000000091900000, 0x0000000091900000, 0x0000000091a00000|  0%| F|  |TAMS 0x0000000091900000, 0x0000000091900000| Untracked 
| 282|0x0000000091a00000, 0x0000000091a00000, 0x0000000091b00000|  0%| F|  |TAMS 0x0000000091a00000, 0x0000000091a00000| Untracked 
| 283|0x0000000091b00000, 0x0000000091b00000, 0x0000000091c00000|  0%| F|  |TAMS 0x0000000091b00000, 0x0000000091b00000| Untracked 
| 284|0x0000000091c00000, 0x0000000091c00000, 0x0000000091d00000|  0%| F|  |TAMS 0x0000000091c00000, 0x0000000091c00000| Untracked 
| 285|0x0000000091d00000, 0x0000000091d00000, 0x0000000091e00000|  0%| F|  |TAMS 0x0000000091d00000, 0x0000000091d00000| Untracked 
| 286|0x0000000091e00000, 0x0000000091e00000, 0x0000000091f00000|  0%| F|  |TAMS 0x0000000091e00000, 0x0000000091e00000| Untracked 
| 287|0x0000000091f00000, 0x0000000091f00000, 0x0000000092000000|  0%| F|  |TAMS 0x0000000091f00000, 0x0000000091f00000| Untracked 
| 288|0x0000000092000000, 0x0000000092000000, 0x0000000092100000|  0%| F|  |TAMS 0x0000000092000000, 0x0000000092000000| Untracked 
| 289|0x0000000092100000, 0x0000000092100000, 0x0000000092200000|  0%| F|  |TAMS 0x0000000092100000, 0x0000000092100000| Untracked 
| 290|0x0000000092200000, 0x0000000092200000, 0x0000000092300000|  0%| F|  |TAMS 0x0000000092200000, 0x0000000092200000| Untracked 
| 291|0x0000000092300000, 0x0000000092300000, 0x0000000092400000|  0%| F|  |TAMS 0x0000000092300000, 0x0000000092300000| Untracked 
| 292|0x0000000092400000, 0x0000000092400000, 0x0000000092500000|  0%| F|  |TAMS 0x0000000092400000, 0x0000000092400000| Untracked 
| 293|0x0000000092500000, 0x0000000092500000, 0x0000000092600000|  0%| F|  |TAMS 0x0000000092500000, 0x0000000092500000| Untracked 
| 294|0x0000000092600000, 0x0000000092600000, 0x0000000092700000|  0%| F|  |TAMS 0x0000000092600000, 0x0000000092600000| Untracked 
| 295|0x0000000092700000, 0x0000000092700000, 0x0000000092800000|  0%| F|  |TAMS 0x0000000092700000, 0x0000000092700000| Untracked 
| 296|0x0000000092800000, 0x0000000092800000, 0x0000000092900000|  0%| F|  |TAMS 0x0000000092800000, 0x0000000092800000| Untracked 
| 297|0x0000000092900000, 0x0000000092900000, 0x0000000092a00000|  0%| F|  |TAMS 0x0000000092900000, 0x0000000092900000| Untracked 
| 298|0x0000000092a00000, 0x0000000092a00000, 0x0000000092b00000|  0%| F|  |TAMS 0x0000000092a00000, 0x0000000092a00000| Untracked 
| 299|0x0000000092b00000, 0x0000000092b00000, 0x0000000092c00000|  0%| F|  |TAMS 0x0000000092b00000, 0x0000000092b00000| Untracked 
| 300|0x0000000092c00000, 0x0000000092c00000, 0x0000000092d00000|  0%| F|  |TAMS 0x0000000092c00000, 0x0000000092c00000| Untracked 
| 301|0x0000000092d00000, 0x0000000092d00000, 0x0000000092e00000|  0%| F|  |TAMS 0x0000000092d00000, 0x0000000092d00000| Untracked 
| 302|0x0000000092e00000, 0x0000000092e00000, 0x0000000092f00000|  0%| F|  |TAMS 0x0000000092e00000, 0x0000000092e00000| Untracked 
| 303|0x0000000092f00000, 0x0000000092f00000, 0x0000000093000000|  0%| F|  |TAMS 0x0000000092f00000, 0x0000000092f00000| Untracked 
| 304|0x0000000093000000, 0x0000000093000000, 0x0000000093100000|  0%| F|  |TAMS 0x0000000093000000, 0x0000000093000000| Untracked 
| 305|0x0000000093100000, 0x0000000093200000, 0x0000000093200000|100%| S|CS|TAMS 0x0000000093100000, 0x0000000093100000| Complete 
| 306|0x0000000093200000, 0x0000000093300000, 0x0000000093300000|100%| S|CS|TAMS 0x0000000093200000, 0x0000000093200000| Complete 
| 307|0x0000000093300000, 0x0000000093300000, 0x0000000093400000|  0%| F|  |TAMS 0x0000000093300000, 0x0000000093300000| Untracked 
| 308|0x0000000093400000, 0x0000000093400000, 0x0000000093500000|  0%| F|  |TAMS 0x0000000093400000, 0x0000000093400000| Untracked 
| 309|0x0000000093500000, 0x0000000093500000, 0x0000000093600000|  0%| F|  |TAMS 0x0000000093500000, 0x0000000093500000| Untracked 
| 310|0x0000000093600000, 0x0000000093600000, 0x0000000093700000|  0%| F|  |TAMS 0x0000000093600000, 0x0000000093600000| Untracked 
| 311|0x0000000093700000, 0x0000000093700000, 0x0000000093800000|  0%| F|  |TAMS 0x0000000093700000, 0x0000000093700000| Untracked 
| 312|0x0000000093800000, 0x0000000093800000, 0x0000000093900000|  0%| F|  |TAMS 0x0000000093800000, 0x0000000093800000| Untracked 
| 313|0x0000000093900000, 0x0000000093900000, 0x0000000093a00000|  0%| F|  |TAMS 0x0000000093900000, 0x0000000093900000| Untracked 
| 314|0x0000000093a00000, 0x0000000093a00000, 0x0000000093b00000|  0%| F|  |TAMS 0x0000000093a00000, 0x0000000093a00000| Untracked 
| 315|0x0000000093b00000, 0x0000000093b00000, 0x0000000093c00000|  0%| F|  |TAMS 0x0000000093b00000, 0x0000000093b00000| Untracked 
| 316|0x0000000093c00000, 0x0000000093c00000, 0x0000000093d00000|  0%| F|  |TAMS 0x0000000093c00000, 0x0000000093c00000| Untracked 
| 317|0x0000000093d00000, 0x0000000093d00000, 0x0000000093e00000|  0%| F|  |TAMS 0x0000000093d00000, 0x0000000093d00000| Untracked 
| 318|0x0000000093e00000, 0x0000000093e00000, 0x0000000093f00000|  0%| F|  |TAMS 0x0000000093e00000, 0x0000000093e00000| Untracked 

Card table byte_map: [0x000002827ab40000,0x000002827af40000] _byte_map_base: 0x000002827a740000

Marking Bits (Prev, Next): (CMBitMap*) 0x000002827665b800, (CMBitMap*) 0x000002827665b7c8
 Prev Bits: [0x000002827d340000, 0x000002827f340000)
 Next Bits: [0x000002827b340000, 0x000002827d340000)

Polling page: 0x0000028274c50000

Metaspace:

Usage:
  Non-class:    105.63 MB capacity,   103.78 MB ( 98%) used,     1.51 MB (  1%) free+waste,   352.44 KB ( <1%) overhead. 
      Class:     16.09 MB capacity,    15.00 MB ( 93%) used,   952.23 KB (  6%) free+waste,   155.13 KB ( <1%) overhead. 
       Both:    121.72 MB capacity,   118.79 MB ( 98%) used,     2.44 MB (  2%) free+waste,   507.56 KB ( <1%) overhead. 

Virtual space:
  Non-class space:      106.00 MB reserved,     105.72 MB (>99%) committed 
      Class space:        1.00 GB reserved,      16.20 MB (  2%) committed 
             Both:        1.10 GB reserved,     121.92 MB ( 11%) committed 

Chunk freelists:
   Non-Class:  25.00 KB
       Class:  0 bytes
        Both:  25.00 KB

MaxMetaspaceSize: 17179869184.00 GB
CompressedClassSpaceSize: 1.00 GB

CodeHeap 'non-profiled nmethods': size=120064Kb used=10707Kb max_used=10707Kb free=109356Kb
 bounds [0x0000028207ac0000, 0x0000028208540000, 0x000002820f000000]
CodeHeap 'profiled nmethods': size=120000Kb used=33570Kb max_used=33570Kb free=86430Kb
 bounds [0x0000028200590000, 0x0000028202660000, 0x0000028207ac0000]
CodeHeap 'non-nmethods': size=5696Kb used=2345Kb max_used=2387Kb free=3350Kb
 bounds [0x0000028200000000, 0x0000028200270000, 0x0000028200590000]
 total_blobs=16122 nmethods=15156 adapters=876
 compilation: enabled
              stopped_count=0, restarted_count=0
 full_count=0

Compilation events (20 events):
Event: 26.691 Thread 0x000002821aa3a800 15216       4       com.squareup.javapoet.CodeWriter::emitAndIndent (206 bytes)
Event: 26.695 Thread 0x000002821aa3a800 nmethod 15216 0x000002820852e310 code [0x000002820852e520, 0x000002820852e9e0]
Event: 26.695 Thread 0x000002821aa3a800 15225       4       java.lang.Character::codePointAt (51 bytes)
Event: 26.696 Thread 0x000002821aa3a800 nmethod 15225 0x000002820852ee10 code [0x000002820852efc0, 0x000002820852f0c8]
Event: 26.696 Thread 0x000002821aa3a800 15226       4       java.util.regex.Pattern$$Lambda$6/0x0000000100065440::is (5 bytes)
Event: 26.696 Thread 0x000002821aa3a800 nmethod 15226 0x000002820852f290 code [0x000002820852f420, 0x000002820852f4d8]
Event: 26.697 Thread 0x000002821aa3a800 15227       4       java.lang.Character::codePointBefore (48 bytes)
Event: 26.698 Thread 0x000002827f93f000 nmethod 15208 0x000002820852f590 code [0x000002820852f880, 0x0000028208532670]
Event: 26.699 Thread 0x000002827f93f000 15231       4       java.util.regex.Pattern$GroupTail::match (111 bytes)
Event: 26.699 Thread 0x000002821aa3a800 nmethod 15227 0x0000028208533190 code [0x0000028208533340, 0x0000028208533488]
Event: 26.699 Thread 0x000002821aa3a800 15219       4       java.util.regex.Pattern$Start::<init> (35 bytes)
Event: 26.700 Thread 0x000002827f93f000 nmethod 15231 0x0000028208533690 code [0x0000028208533840, 0x0000028208533a78]
Event: 26.700 Thread 0x000002827f93f000 15218       4       java.util.regex.Pattern$LineEnding::study (29 bytes)
Event: 26.701 Thread 0x000002821aa3a800 nmethod 15219 0x0000028208533d10 code [0x0000028208533ec0, 0x0000028208534178]
Event: 26.701 Thread 0x000002821aa3a800 15210       4       com.google.common.base.Preconditions::checkNotNull (14 bytes)
Event: 26.701 Thread 0x000002821aa3a800 nmethod 15210 0x0000028208534290 code [0x0000028208534420, 0x0000028208534478]
Event: 26.701 Thread 0x000002821aa3a800 15214       4       java.util.regex.Pattern::skip (23 bytes)
Event: 26.701 Thread 0x000002827f93f000 nmethod 15218 0x0000028208534510 code [0x00000282085346c0, 0x00000282085347e8]
Event: 26.702 Thread 0x000002821aa3a800 nmethod 15214 0x0000028208534990 code [0x0000028208534b20, 0x0000028208534bd8]
Event: 26.719 Thread 0x000002827f93f000 15253       4       android.databinding.tool.reflection.SdkUtil$ApiChecker::buildFullLookup (252 bytes)

GC Heap History (20 events):
Event: 25.671 GC heap after
{Heap after GC invocations=44 (full 0):
 garbage-first heap   total 239616K, used 192596K [0x0000000080000000, 0x0000000100000000)
  region size 1024K, 1 young (1024K), 1 survivors (1024K)
 Metaspace       used 119944K, capacity 122794K, committed 123052K, reserved 1157120K
  class space    used 15135K, capacity 16208K, committed 16332K, reserved 1048576K
}
Event: 25.891 GC heap before
{Heap before GC invocations=45 (full 0):
 garbage-first heap   total 239616K, used 205908K [0x0000000080000000, 0x0000000100000000)
  region size 1024K, 14 young (14336K), 1 survivors (1024K)
 Metaspace       used 120742K, capacity 123703K, committed 123948K, reserved 1157120K
  class space    used 15255K, capacity 16338K, committed 16460K, reserved 1048576K
}
Event: 25.895 GC heap after
{Heap after GC invocations=46 (full 0):
 garbage-first heap   total 239616K, used 193582K [0x0000000080000000, 0x0000000100000000)
  region size 1024K, 2 young (2048K), 2 survivors (2048K)
 Metaspace       used 120742K, capacity 123703K, committed 123948K, reserved 1157120K
  class space    used 15255K, capacity 16338K, committed 16460K, reserved 1048576K
}
Event: 25.952 GC heap before
{Heap before GC invocations=46 (full 0):
 garbage-first heap   total 239616K, used 202798K [0x0000000080000000, 0x0000000100000000)
  region size 1024K, 11 young (11264K), 2 survivors (2048K)
 Metaspace       used 120803K, capacity 123708K, committed 123948K, reserved 1157120K
  class space    used 15255K, capacity 16338K, committed 16460K, reserved 1048576K
}
Event: 25.960 GC heap after
{Heap after GC invocations=47 (full 0):
 garbage-first heap   total 239616K, used 195987K [0x0000000080000000, 0x0000000100000000)
  region size 1024K, 2 young (2048K), 2 survivors (2048K)
 Metaspace       used 120803K, capacity 123708K, committed 123948K, reserved 1157120K
  class space    used 15255K, capacity 16338K, committed 16460K, reserved 1048576K
}
Event: 25.983 GC heap before
{Heap before GC invocations=47 (full 0):
 garbage-first heap   total 239616K, used 205203K [0x0000000080000000, 0x0000000100000000)
  region size 1024K, 11 young (11264K), 2 survivors (2048K)
 Metaspace       used 120803K, capacity 123708K, committed 123948K, reserved 1157120K
  class space    used 15255K, capacity 16338K, committed 16460K, reserved 1048576K
}
Event: 25.996 GC heap after
{Heap after GC invocations=48 (full 0):
 garbage-first heap   total 239616K, used 205632K [0x0000000080000000, 0x0000000100000000)
  region size 1024K, 2 young (2048K), 2 survivors (2048K)
 Metaspace       used 120803K, capacity 123708K, committed 123948K, reserved 1157120K
  class space    used 15255K, capacity 16338K, committed 16460K, reserved 1048576K
}
Event: 26.023 GC heap before
{Heap before GC invocations=48 (full 0):
 garbage-first heap   total 239616K, used 213824K [0x0000000080000000, 0x0000000100000000)
  region size 1024K, 11 young (11264K), 2 survivors (2048K)
 Metaspace       used 120803K, capacity 123708K, committed 123948K, reserved 1157120K
  class space    used 15255K, capacity 16338K, committed 16460K, reserved 1048576K
}
Event: 26.027 GC heap after
{Heap after GC invocations=49 (full 0):
 garbage-first heap   total 239616K, used 214837K [0x0000000080000000, 0x0000000100000000)
  region size 1024K, 2 young (2048K), 2 survivors (2048K)
 Metaspace       used 120803K, capacity 123708K, committed 123948K, reserved 1157120K
  class space    used 15255K, capacity 16338K, committed 16460K, reserved 1048576K
}
Event: 26.041 GC heap before
{Heap before GC invocations=49 (full 0):
 garbage-first heap   total 239616K, used 224053K [0x0000000080000000, 0x0000000100000000)
  region size 1024K, 11 young (11264K), 2 survivors (2048K)
 Metaspace       used 120803K, capacity 123708K, committed 123948K, reserved 1157120K
  class space    used 15255K, capacity 16338K, committed 16460K, reserved 1048576K
}
Event: 26.046 GC heap after
{Heap after GC invocations=50 (full 0):
 garbage-first heap   total 239616K, used 222024K [0x0000000080000000, 0x0000000100000000)
  region size 1024K, 2 young (2048K), 2 survivors (2048K)
 Metaspace       used 120803K, capacity 123708K, committed 123948K, reserved 1157120K
  class space    used 15255K, capacity 16338K, committed 16460K, reserved 1048576K
}
Event: 26.063 GC heap before
{Heap before GC invocations=50 (full 0):
 garbage-first heap   total 239616K, used 231240K [0x0000000080000000, 0x0000000100000000)
  region size 1024K, 11 young (11264K), 2 survivors (2048K)
 Metaspace       used 120803K, capacity 123708K, committed 123948K, reserved 1157120K
  class space    used 15255K, capacity 16338K, committed 16460K, reserved 1048576K
}
Event: 26.071 GC heap after
{Heap after GC invocations=51 (full 0):
 garbage-first heap   total 326656K, used 229376K [0x0000000080000000, 0x0000000100000000)
  region size 1024K, 2 young (2048K), 2 survivors (2048K)
 Metaspace       used 120803K, capacity 123708K, committed 123948K, reserved 1157120K
  class space    used 15255K, capacity 16338K, committed 16460K, reserved 1048576K
}
Event: 26.187 GC heap before
{Heap before GC invocations=51 (full 0):
 garbage-first heap   total 326656K, used 251904K [0x0000000080000000, 0x0000000100000000)
  region size 1024K, 24 young (24576K), 2 survivors (2048K)
 Metaspace       used 120809K, capacity 123708K, committed 123948K, reserved 1157120K
  class space    used 15255K, capacity 16338K, committed 16460K, reserved 1048576K
}
Event: 26.197 GC heap after
{Heap after GC invocations=52 (full 0):
 garbage-first heap   total 326656K, used 241662K [0x0000000080000000, 0x0000000100000000)
  region size 1024K, 3 young (3072K), 3 survivors (3072K)
 Metaspace       used 120809K, capacity 123708K, committed 123948K, reserved 1157120K
  class space    used 15255K, capacity 16338K, committed 16460K, reserved 1048576K
}
Event: 26.652 GC heap before
{Heap before GC invocations=53 (full 0):
 garbage-first heap   total 326656K, used 261118K [0x0000000080000000, 0x0000000100000000)
  region size 1024K, 22 young (22528K), 3 survivors (3072K)
 Metaspace       used 121636K, capacity 124639K, committed 124844K, reserved 1157120K
  class space    used 15364K, capacity 16472K, committed 16588K, reserved 1048576K
}
Event: 26.659 GC heap after
{Heap after GC invocations=54 (full 0):
 garbage-first heap   total 326656K, used 247270K [0x0000000080000000, 0x0000000100000000)
  region size 1024K, 3 young (3072K), 3 survivors (3072K)
 Metaspace       used 121636K, capacity 124639K, committed 124844K, reserved 1157120K
  class space    used 15364K, capacity 16472K, committed 16588K, reserved 1048576K
}
Event: 26.707 GC heap before
{Heap before GC invocations=54 (full 0):
 garbage-first heap   total 326656K, used 265702K [0x0000000080000000, 0x0000000100000000)
  region size 1024K, 21 young (21504K), 3 survivors (3072K)
 Metaspace       used 121636K, capacity 124639K, committed 124844K, reserved 1157120K
  class space    used 15364K, capacity 16472K, committed 16588K, reserved 1048576K
}
Event: 26.718 GC heap after
{Heap after GC invocations=55 (full 0):
 garbage-first heap   total 326656K, used 266240K [0x0000000080000000, 0x0000000100000000)
  region size 1024K, 3 young (3072K), 3 survivors (3072K)
 Metaspace       used 121636K, capacity 124639K, committed 124844K, reserved 1157120K
  class space    used 15364K, capacity 16472K, committed 16588K, reserved 1048576K
}
Event: 26.735 GC heap before
{Heap before GC invocations=55 (full 0):
 garbage-first heap   total 326656K, used 278528K [0x0000000080000000, 0x0000000100000000)
  region size 1024K, 15 young (15360K), 3 survivors (3072K)
 Metaspace       used 121636K, capacity 124639K, committed 124844K, reserved 1157120K
  class space    used 15364K, capacity 16472K, committed 16588K, reserved 1048576K
}

Deoptimization events (20 events):
Event: 26.628 Thread 0x0000028213db9000 DEOPT PACKING pc=0x0000028207fa7008 sp=0x000000dd9d0fbe80
Event: 26.628 Thread 0x0000028213db9000 DEOPT UNPACKING pc=0x000002820002662f sp=0x000000dd9d0fbe78 mode 2
Event: 26.629 Thread 0x0000028213db9000 Uncommon trap: trap_request=0xffffffde fr.pc=0x0000028207fa7008 relative=0x0000000000000be8
Event: 26.629 Thread 0x0000028213db9000 Uncommon trap: reason=class_check action=maybe_recompile pc=0x0000028207fa7008 method=java.lang.AbstractStringBuilder.append(Ljava/lang/CharSequence;)Ljava/lang/AbstractStringBuilder; @ 37 c2
Event: 26.629 Thread 0x0000028213db9000 DEOPT PACKING pc=0x0000028207fa7008 sp=0x000000dd9d0fbe80
Event: 26.629 Thread 0x0000028213db9000 DEOPT UNPACKING pc=0x000002820002662f sp=0x000000dd9d0fbe78 mode 2
Event: 26.630 Thread 0x0000028213db9000 Uncommon trap: trap_request=0xffffffde fr.pc=0x0000028207fa7008 relative=0x0000000000000be8
Event: 26.630 Thread 0x0000028213db9000 Uncommon trap: reason=class_check action=maybe_recompile pc=0x0000028207fa7008 method=java.lang.AbstractStringBuilder.append(Ljava/lang/CharSequence;)Ljava/lang/AbstractStringBuilder; @ 37 c2
Event: 26.630 Thread 0x0000028213db9000 DEOPT PACKING pc=0x0000028207fa7008 sp=0x000000dd9d0fbe80
Event: 26.630 Thread 0x0000028213db9000 DEOPT UNPACKING pc=0x000002820002662f sp=0x000000dd9d0fbe78 mode 2
Event: 26.641 Thread 0x0000028213db9000 Uncommon trap: trap_request=0xffffffde fr.pc=0x000002820843ef00 relative=0x0000000000003340
Event: 26.641 Thread 0x0000028213db9000 Uncommon trap: reason=class_check action=maybe_recompile pc=0x000002820843ef00 method=org.apache.xerces.impl.XMLDocumentFragmentScannerImpl.scanStartElement()Z @ 312 c2
Event: 26.641 Thread 0x0000028213db9000 DEOPT PACKING pc=0x000002820843ef00 sp=0x000000dd9d0fbc70
Event: 26.641 Thread 0x0000028213db9000 DEOPT UNPACKING pc=0x000002820002662f sp=0x000000dd9d0fbc68 mode 2
Event: 26.706 Thread 0x0000028213db9000 Uncommon trap: trap_request=0xffffffde fr.pc=0x0000028208099798 relative=0x0000000000000058
Event: 26.706 Thread 0x0000028213db9000 Uncommon trap: reason=class_check action=maybe_recompile pc=0x0000028208099798 method=java.lang.invoke.Invokers$Holder.linkToTargetMethod(Ljava/lang/Object;Ljava/lang/Object;Ljava/lang/Object;Ljava/lang/Object;)Ljava/lang/Object; @ 1 c2
Event: 26.706 Thread 0x0000028213db9000 DEOPT PACKING pc=0x0000028208099798 sp=0x000000dd9d0fbf50
Event: 26.706 Thread 0x0000028213db9000 DEOPT UNPACKING pc=0x000002820002662f sp=0x000000dd9d0fbee0 mode 2
Event: 26.719 Thread 0x0000028213db9000 DEOPT PACKING pc=0x00000282023efefc sp=0x000000dd9d0fc090
Event: 26.719 Thread 0x0000028213db9000 DEOPT UNPACKING pc=0x0000028200026dde sp=0x000000dd9d0fb588 mode 0

Classes redefined (0 events):
No events

Internal exceptions (20 events):
Event: 25.767 Thread 0x0000028213db9000 Exception <a 'sun/nio/fs/WindowsException'{0x000000008e5eca98}> (0x000000008e5eca98) thrown at [./src/hotspot/share/prims/jni.cpp, line 615]
Event: 25.779 Thread 0x0000028213db9000 Exception <a 'sun/nio/fs/WindowsException'{0x000000008e481660}> (0x000000008e481660) thrown at [./src/hotspot/share/prims/jni.cpp, line 615]
Event: 25.779 Thread 0x0000028213db9000 Exception <a 'sun/nio/fs/WindowsException'{0x000000008e482120}> (0x000000008e482120) thrown at [./src/hotspot/share/prims/jni.cpp, line 615]
Event: 25.779 Thread 0x0000028213db9000 Exception <a 'sun/nio/fs/WindowsException'{0x000000008e483a88}> (0x000000008e483a88) thrown at [./src/hotspot/share/prims/jni.cpp, line 615]
Event: 25.790 Thread 0x0000028213db9000 Exception <a 'sun/nio/fs/WindowsException'{0x000000008e4f0cc8}> (0x000000008e4f0cc8) thrown at [./src/hotspot/share/prims/jni.cpp, line 615]
Event: 25.790 Thread 0x0000028213db9000 Exception <a 'sun/nio/fs/WindowsException'{0x000000008e4f1780}> (0x000000008e4f1780) thrown at [./src/hotspot/share/prims/jni.cpp, line 615]
Event: 25.911 Thread 0x0000028213db9000 Exception <a 'sun/nio/fs/WindowsException'{0x000000008e8a5000}> (0x000000008e8a5000) thrown at [./src/hotspot/share/prims/jni.cpp, line 615]
Event: 25.912 Thread 0x0000028213db9000 Exception <a 'sun/nio/fs/WindowsException'{0x000000008e8a5b18}> (0x000000008e8a5b18) thrown at [./src/hotspot/share/prims/jni.cpp, line 615]
Event: 25.916 Thread 0x0000028213db9000 Exception <a 'sun/nio/fs/WindowsException'{0x000000008e8fe2a0}> (0x000000008e8fe2a0) thrown at [./src/hotspot/share/prims/jni.cpp, line 615]
Event: 25.916 Thread 0x0000028213db9000 Exception <a 'sun/nio/fs/WindowsException'{0x000000008e8fedd0}> (0x000000008e8fedd0) thrown at [./src/hotspot/share/prims/jni.cpp, line 615]
Event: 25.921 Thread 0x0000028213db9000 Exception <a 'sun/nio/fs/WindowsException'{0x000000008e746f58}> (0x000000008e746f58) thrown at [./src/hotspot/share/prims/jni.cpp, line 615]
Event: 25.921 Thread 0x0000028213db9000 Exception <a 'sun/nio/fs/WindowsException'{0x000000008e747a60}> (0x000000008e747a60) thrown at [./src/hotspot/share/prims/jni.cpp, line 615]
Event: 25.923 Thread 0x0000028213db9000 Exception <a 'sun/nio/fs/WindowsException'{0x000000008e790c20}> (0x000000008e790c20) thrown at [./src/hotspot/share/prims/jni.cpp, line 615]
Event: 25.923 Thread 0x0000028213db9000 Exception <a 'sun/nio/fs/WindowsException'{0x000000008e791938}> (0x000000008e791938) thrown at [./src/hotspot/share/prims/jni.cpp, line 615]
Event: 26.015 Thread 0x0000028213db9000 Implicit null exception at 0x000002820843a475 to 0x000002820843a8ac
Event: 26.232 Thread 0x0000028213db9000 Exception <a 'sun/nio/fs/WindowsException'{0x0000000093d62080}> (0x0000000093d62080) thrown at [./src/hotspot/share/prims/jni.cpp, line 615]
Event: 26.232 Thread 0x0000028213db9000 Exception <a 'sun/nio/fs/WindowsException'{0x0000000093d62b50}> (0x0000000093d62b50) thrown at [./src/hotspot/share/prims/jni.cpp, line 615]
Event: 26.564 Thread 0x0000028213db9000 Implicit null exception at 0x00000282083512eb to 0x000002820835130c
Event: 26.631 Thread 0x0000028213db9000 Exception <a 'sun/nio/fs/WindowsException'{0x00000000930761c0}> (0x00000000930761c0) thrown at [./src/hotspot/share/prims/jni.cpp, line 615]
Event: 26.632 Thread 0x0000028213db9000 Exception <a 'sun/nio/fs/WindowsException'{0x0000000093076c80}> (0x0000000093076c80) thrown at [./src/hotspot/share/prims/jni.cpp, line 615]

Events (20 events):
Event: 26.601 loading class com/squareup/javapoet/TypeSpec$Builder done
Event: 26.602 loading class com/squareup/javapoet/ClassName
Event: 26.602 loading class com/squareup/javapoet/ClassName done
Event: 26.602 loading class com/squareup/javapoet/TypeSpec$Builder
Event: 26.602 loading class com/squareup/javapoet/TypeSpec$Builder done
Event: 26.602 loading class com/google/common/base/Utf8
Event: 26.602 loading class com/google/common/base/Utf8 done
Event: 26.603 loading class com/squareup/javapoet/TypeName
Event: 26.603 loading class com/squareup/javapoet/TypeName done
Event: 26.603 loading class com/squareup/javapoet/TypeSpec$Builder
Event: 26.603 loading class com/squareup/javapoet/TypeSpec$Builder done
Event: 26.611 loading class dagger/hilt/processor/internal/root/RootFileFormatter
Event: 26.611 loading class dagger/hilt/processor/internal/root/RootFileFormatter done
Event: 26.627 loading class java/util/regex/Matcher$ImmutableMatchResult
Event: 26.627 loading class java/util/regex/Matcher$ImmutableMatchResult done
Event: 26.652 Executing VM operation: G1CollectForAllocation
Event: 26.659 Executing VM operation: G1CollectForAllocation done
Event: 26.707 Executing VM operation: G1CollectForAllocation
Event: 26.718 Executing VM operation: G1CollectForAllocation done
Event: 26.734 Executing VM operation: G1CollectForAllocation


Dynamic libraries:
0x00007ff7565c0000 - 0x00007ff7565ca000 	C:\Program Files\Android\Android Studio\jre\bin\java.exe
0x00007ffd08870000 - 0x00007ffd08a65000 	C:\WINDOWS\SYSTEM32\ntdll.dll
0x00007ffd06f70000 - 0x00007ffd0702e000 	C:\WINDOWS\System32\KERNEL32.DLL
0x00007ffd06490000 - 0x00007ffd06758000 	C:\WINDOWS\System32\KERNELBASE.dll
0x00007ffd06390000 - 0x00007ffd06490000 	C:\WINDOWS\System32\ucrtbase.dll
0x00007ffcec220000 - 0x00007ffcec239000 	C:\Program Files\Android\Android Studio\jre\bin\jli.dll
0x00007ffce4780000 - 0x00007ffce4797000 	C:\Program Files\Android\Android Studio\jre\bin\VCRUNTIME140.dll
0x00007ffd074a0000 - 0x00007ffd07640000 	C:\WINDOWS\System32\USER32.dll
0x00007ffd06050000 - 0x00007ffd06072000 	C:\WINDOWS\System32\win32u.dll
0x00007ffcf3b70000 - 0x00007ffcf3e0a000 	C:\WINDOWS\WinSxS\amd64_microsoft.windows.common-controls_6595b64144ccf1df_6.0.19041.1110_none_60b5254171f9507e\COMCTL32.dll
0x00007ffd08350000 - 0x00007ffd0837b000 	C:\WINDOWS\System32\GDI32.dll
0x00007ffd08730000 - 0x00007ffd087ce000 	C:\WINDOWS\System32\msvcrt.dll
0x00007ffd06080000 - 0x00007ffd0618b000 	C:\WINDOWS\System32\gdi32full.dll
0x00007ffd06190000 - 0x00007ffd0622d000 	C:\WINDOWS\System32\msvcp_win.dll
0x00007ffd07f20000 - 0x00007ffd07f50000 	C:\WINDOWS\System32\IMM32.DLL
0x00007ffcd8fd0000 - 0x00007ffcd906d000 	C:\Program Files\Android\Android Studio\jre\bin\msvcp140.dll
0x00007ffce1890000 - 0x00007ffce2365000 	C:\Program Files\Android\Android Studio\jre\bin\server\jvm.dll
0x00007ffd08550000 - 0x00007ffd085fe000 	C:\WINDOWS\System32\ADVAPI32.dll
0x00007ffd08090000 - 0x00007ffd0812c000 	C:\WINDOWS\System32\sechost.dll
0x00007ffd07f60000 - 0x00007ffd08085000 	C:\WINDOWS\System32\RPCRT4.dll
0x00007ffd07f10000 - 0x00007ffd07f18000 	C:\WINDOWS\System32\PSAPI.DLL
0x00007ffd01a40000 - 0x00007ffd01a49000 	C:\WINDOWS\SYSTEM32\WSOCK32.dll
0x00007ffcfc880000 - 0x00007ffcfc8a7000 	C:\WINDOWS\SYSTEM32\WINMM.dll
0x00007ffd08130000 - 0x00007ffd0819b000 	C:\WINDOWS\System32\WS2_32.dll
0x00007ffcfda60000 - 0x00007ffcfda6a000 	C:\WINDOWS\SYSTEM32\VERSION.dll
0x00007ffd03ec0000 - 0x00007ffd03ed2000 	C:\WINDOWS\SYSTEM32\kernel.appcore.dll
0x00007ffd016c0000 - 0x00007ffd016d1000 	C:\Program Files\Android\Android Studio\jre\bin\verify.dll
0x00007ffcfeab0000 - 0x00007ffcfec94000 	C:\WINDOWS\SYSTEM32\DBGHELP.DLL
0x00007ffcf9680000 - 0x00007ffcf96ac000 	C:\WINDOWS\SYSTEM32\dbgcore.DLL
0x00007ffd06840000 - 0x00007ffd068c2000 	C:\WINDOWS\System32\bcryptPrimitives.dll
0x00007ffcfa790000 - 0x00007ffcfa7b9000 	C:\Program Files\Android\Android Studio\jre\bin\java.dll
0x00007ffd01a30000 - 0x00007ffd01a3b000 	C:\Program Files\Android\Android Studio\jre\bin\jimage.dll
0x00007ffcfa770000 - 0x00007ffcfa788000 	C:\Program Files\Android\Android Studio\jre\bin\zip.dll
0x00007ffd076b0000 - 0x00007ffd07df4000 	C:\WINDOWS\System32\SHELL32.dll
0x00007ffd040c0000 - 0x00007ffd04854000 	C:\WINDOWS\SYSTEM32\windows.storage.dll
0x00007ffd070c0000 - 0x00007ffd07414000 	C:\WINDOWS\System32\combase.dll
0x00007ffd05920000 - 0x00007ffd0594c000 	C:\WINDOWS\SYSTEM32\Wldp.dll
0x00007ffd084a0000 - 0x00007ffd0854d000 	C:\WINDOWS\System32\SHCORE.dll
0x00007ffd07e00000 - 0x00007ffd07e55000 	C:\WINDOWS\System32\shlwapi.dll
0x00007ffd05ed0000 - 0x00007ffd05eef000 	C:\WINDOWS\SYSTEM32\profapi.dll
0x00007ffcfa750000 - 0x00007ffcfa76a000 	C:\Program Files\Android\Android Studio\jre\bin\net.dll
0x00007ffcf8c00000 - 0x00007ffcf8d09000 	C:\WINDOWS\SYSTEM32\WINHTTP.dll
0x00007ffd05680000 - 0x00007ffd056ea000 	C:\WINDOWS\system32\mswsock.dll
0x00007ffcfa730000 - 0x00007ffcfa744000 	C:\Program Files\Android\Android Studio\jre\bin\nio.dll
0x00007ffceec30000 - 0x00007ffceec57000 	C:\Users\User\.gradle\native\e1d6ef7f7dcc3fd88c89a11ec53ec762bb8ba0a96d01ffa2cd45eb1d1d8dd5c5\windows-amd64\native-platform.dll
0x00007ffcf0240000 - 0x00007ffcf0384000 	C:\Users\User\.gradle\native\5664cfc778a61ccfe75a443a1ab52a65af34e5dc3c78e0209fed803814484fcb\windows-amd64\native-platform-file-events.dll
0x00007ffd016b0000 - 0x00007ffd016ba000 	C:\Program Files\Android\Android Studio\jre\bin\management.dll
0x00007ffd00f30000 - 0x00007ffd00f3d000 	C:\Program Files\Android\Android Studio\jre\bin\management_ext.dll
0x00007ffd05870000 - 0x00007ffd05888000 	C:\WINDOWS\SYSTEM32\CRYPTSP.dll
0x00007ffd05000000 - 0x00007ffd05034000 	C:\WINDOWS\system32\rsaenh.dll
0x00007ffd06760000 - 0x00007ffd06787000 	C:\WINDOWS\System32\bcrypt.dll
0x00007ffd05e90000 - 0x00007ffd05ebe000 	C:\WINDOWS\SYSTEM32\USERENV.dll
0x00007ffd05890000 - 0x00007ffd0589c000 	C:\WINDOWS\SYSTEM32\CRYPTBASE.dll
0x00007ffd05370000 - 0x00007ffd053ab000 	C:\WINDOWS\SYSTEM32\IPHLPAPI.DLL
0x00007ffd07f50000 - 0x00007ffd07f58000 	C:\WINDOWS\System32\NSI.dll
0x00007ffcfe4d0000 - 0x00007ffcfe4e7000 	C:\WINDOWS\SYSTEM32\dhcpcsvc6.DLL
0x00007ffcfe630000 - 0x00007ffcfe64d000 	C:\WINDOWS\SYSTEM32\dhcpcsvc.DLL
0x00007ffd053b0000 - 0x00007ffd0547a000 	C:\WINDOWS\SYSTEM32\DNSAPI.dll
0x00007ffcc8ef0000 - 0x00007ffcc8ef8000 	C:\Program Files\Android\Android Studio\jre\bin\rmi.dll
0x00007ffce2b90000 - 0x00007ffce2ba7000 	C:\WINDOWS\system32\napinsp.dll
0x00007ffcd8720000 - 0x00007ffcd873b000 	C:\WINDOWS\system32\pnrpnsp.dll
0x00007ffcf0f40000 - 0x00007ffcf0f55000 	C:\WINDOWS\system32\wshbth.dll
0x00007ffd019f0000 - 0x00007ffd01a0d000 	C:\WINDOWS\system32\NLAapi.dll
0x00007ffcd8700000 - 0x00007ffcd8712000 	C:\WINDOWS\System32\winrnr.dll
0x00007ffcf0c80000 - 0x00007ffcf0c8a000 	C:\Windows\System32\rasadhlp.dll
0x00007ffcf4290000 - 0x00007ffcf430f000 	C:\WINDOWS\System32\fwpuclnt.dll

dbghelp: loaded successfully - version: 4.0.5 - missing functions: none
symbol engine: initialized successfully - sym options: 0x614 - pdb path: .;C:\Program Files\Android\Android Studio\jre\bin;C:\WINDOWS\SYSTEM32;C:\WINDOWS\WinSxS\amd64_microsoft.windows.common-controls_6595b64144ccf1df_6.0.19041.1110_none_60b5254171f9507e;C:\Program Files\Android\Android Studio\jre\bin\server;C:\Users\User\.gradle\native\e1d6ef7f7dcc3fd88c89a11ec53ec762bb8ba0a96d01ffa2cd45eb1d1d8dd5c5\windows-amd64;C:\Users\User\.gradle\native\5664cfc778a61ccfe75a443a1ab52a65af34e5dc3c78e0209fed803814484fcb\windows-amd64

VM Arguments:
jvm_args: --add-opens=java.base/java.util=ALL-UNNAMED --add-opens=java.base/java.lang=ALL-UNNAMED --add-opens=java.base/java.lang.invoke=ALL-UNNAMED --add-opens=java.base/java.util=ALL-UNNAMED --add-opens=java.prefs/java.util.prefs=ALL-UNNAMED --add-opens=java.prefs/java.util.prefs=ALL-UNNAMED --add-opens=java.base/java.nio.charset=ALL-UNNAMED --add-opens=java.base/java.net=ALL-UNNAMED --add-opens=java.base/java.util.concurrent.atomic=ALL-UNNAMED -Xmx2048m -Dfile.encoding=UTF-8 -Duser.country=ID -Duser.language=en -Duser.variant 
java_command: org.gradle.launcher.daemon.bootstrap.GradleDaemon 7.2
java_class_path (initial): C:\Users\User\.gradle\wrapper\dists\gradle-7.2-bin\2dnblmf4td7x66yl1d74lt32g\gradle-7.2\lib\gradle-launcher-7.2.jar
Launcher Type: SUN_STANDARD

[Global flags]
     intx CICompilerCount                          = 3                                         {product} {ergonomic}
     uint ConcGCThreads                            = 1                                         {product} {ergonomic}
     uint G1ConcRefinementThreads                  = 4                                         {product} {ergonomic}
   size_t G1HeapRegionSize                         = 1048576                                   {product} {ergonomic}
    uintx GCDrainStackTargetSize                   = 64                                        {product} {ergonomic}
   size_t InitialHeapSize                          = 117440512                                 {product} {ergonomic}
   size_t MarkStackSize                            = 4194304                                   {product} {ergonomic}
   size_t MaxHeapSize                              = 2147483648                                {product} {command line}
   size_t MaxNewSize                               = 1287651328                                {product} {ergonomic}
   size_t MinHeapDeltaBytes                        = 1048576                                   {product} {ergonomic}
    uintx NonNMethodCodeHeapSize                   = 5830732                                {pd product} {ergonomic}
    uintx NonProfiledCodeHeapSize                  = 122913754                              {pd product} {ergonomic}
    uintx ProfiledCodeHeapSize                     = 122913754                              {pd product} {ergonomic}
    uintx ReservedCodeCacheSize                    = 251658240                              {pd product} {ergonomic}
     bool SegmentedCodeCache                       = true                                      {product} {ergonomic}
     bool UseCompressedClassPointers               = true                                 {lp64_product} {ergonomic}
     bool UseCompressedOops                        = true                                 {lp64_product} {ergonomic}
     bool UseG1GC                                  = true                                      {product} {ergonomic}
     bool UseLargePagesIndividualAllocation        = false                                  {pd product} {ergonomic}

Logging:
Log output configuration:
 #0: stdout all=warning uptime,level,tags
 #1: stderr all=off uptime,level,tags

Environment Variables:
JAVA_HOME=C:\Users\User\.jdks\azul-13.0.8
CLASSPATH=.;
PATH=C:\Program Files\gradle-7.3.3-bin\gradle-7.3.3\bin;C:\Program Files (x86)\Common Files\Oracle\Java\javapath;C:\Python27\;C:\Python27\Scripts;C:\ProgramData\Oracle\Java\javapath;C:\WINDOWS\system32;C:\WINDOWS;C:\WINDOWS\System32\Wbem;C:\WINDOWS\System32\WindowsPowerShell\v1.0\;C:\WINDOWS\System32\OpenSSH\;C:\ProgramData\chocolatey\bin;C:\Program Files\nodejs\;C:\Users\User\AppData\Local\Android\Sdk\platform-tools;C:\Program Files\Java\jdk-15.0.2\bin;C:\Program Files\Java\jdk1.8.0_271\bin;C:\Users\User\.jdks\azul-13.0.8\bin;C:\Program Files\Git\cmd;C:\flutter\bin;C:\Users\User\AppData\Local\Microsoft\WindowsApps;C:\Users\User\AppData\Local\Programs\Microsoft VS Code\bin;C:\Users\User\AppData\Roaming\npm;C:\Users\User\AppData\Local\Android\Sdk\platform-tools;
USERNAME=User
OS=Windows_NT
PROCESSOR_IDENTIFIER=AMD64 Family 23 Model 24 Stepping 1, AuthenticAMD



---------------  S Y S T E M  ---------------

OS: Windows 10 , 64 bit Build 19041 (10.0.19041.1566)
OS uptime: 0 days 1:41 hours

CPU:total 4 (initial active 4) (4 cores per cpu, 1 threads per core) family 23 model 24 stepping 1 microcode 0x0, cmov, cx8, fxsr, mmx, sse, sse2, sse3, ssse3, sse4.1, sse4.2, popcnt, avx, avx2, aes, clmul, mmxext, 3dnowpref, lzcnt, sse4a, tsc, tscinvbit, tscinv, bmi1, bmi2, adx, sha, 

Memory: 4k page, system-wide physical 7096M (394M free)
TotalPageFile size 15288M (AvailPageFile size 170M)
current process WorkingSet (physical memory assigned to process): 605M, peak: 605M
current process commit charge ("private bytes"): 665M, peak: 876M

vm_info: OpenJDK 64-Bit Server VM (11.0.11+9-b60-7590822) for windows-amd64 JRE (11.0.11+9-b60-7590822), built on Jul 29 2021 21:43:44 by "builder" with MS VC++ 14.0 (VS2015)

END.
